TN:
SF:src/hooks/use-event-bridge.ts
FN:29,hasPendingLocalSuggestion
FN:30,(anonymous_1)
FN:33,shouldQueueSuggestionForSession
FN:47,getWorkerExitRecoveryDecision
FN:88,buildInitialPrompt
FN:160,(anonymous_5)
FN:260,stripMarkdown
FN:271,createPartialDispatcher
FN:277,(anonymous_8)
FN:287,createEntryId
FN:294,summarizeThinking
FN:300,handleGeneratedSuggestion
FN:338,(anonymous_12)
FN:344,useEventBridge
FN:358,(anonymous_14)
FN:362,(anonymous_15)
FN:379,(anonymous_16)
FN:386,(anonymous_17)
FN:388,(anonymous_18)
FN:401,(anonymous_19)
FN:403,(anonymous_20)
FN:408,(anonymous_21)
FN:430,(anonymous_22)
FN:435,(anonymous_23)
FN:437,(anonymous_24)
FN:438,(anonymous_25)
FN:439,(anonymous_26)
FN:454,(anonymous_27)
FN:467,(anonymous_28)
FN:472,(anonymous_29)
FN:479,(anonymous_30)
FN:526,(anonymous_31)
FN:566,(anonymous_32)
FN:579,(anonymous_33)
FN:617,(anonymous_34)
FN:624,(anonymous_35)
FN:660,(anonymous_36)
FN:669,(anonymous_37)
FN:694,(anonymous_38)
FN:698,(anonymous_39)
FN:707,(anonymous_40)
FN:716,(anonymous_41)
FN:777,(anonymous_42)
FNF:43
FNH:8
FNDA:3,hasPendingLocalSuggestion
FNDA:5,(anonymous_1)
FNDA:5,shouldQueueSuggestionForSession
FNDA:3,getWorkerExitRecoveryDecision
FNDA:4,buildInitialPrompt
FNDA:0,(anonymous_5)
FNDA:9,stripMarkdown
FNDA:0,createPartialDispatcher
FNDA:0,(anonymous_8)
FNDA:0,createEntryId
FNDA:0,summarizeThinking
FNDA:3,handleGeneratedSuggestion
FNDA:1,(anonymous_12)
FNDA:0,useEventBridge
FNDA:0,(anonymous_14)
FNDA:0,(anonymous_15)
FNDA:0,(anonymous_16)
FNDA:0,(anonymous_17)
FNDA:0,(anonymous_18)
FNDA:0,(anonymous_19)
FNDA:0,(anonymous_20)
FNDA:0,(anonymous_21)
FNDA:0,(anonymous_22)
FNDA:0,(anonymous_23)
FNDA:0,(anonymous_24)
FNDA:0,(anonymous_25)
FNDA:0,(anonymous_26)
FNDA:0,(anonymous_27)
FNDA:0,(anonymous_28)
FNDA:0,(anonymous_29)
FNDA:0,(anonymous_30)
FNDA:0,(anonymous_31)
FNDA:0,(anonymous_32)
FNDA:0,(anonymous_33)
FNDA:0,(anonymous_34)
FNDA:0,(anonymous_35)
FNDA:0,(anonymous_36)
FNDA:0,(anonymous_37)
FNDA:0,(anonymous_38)
FNDA:0,(anonymous_39)
FNDA:0,(anonymous_40)
FNDA:0,(anonymous_41)
FNDA:0,(anonymous_42)
DA:23,1
DA:24,1
DA:25,1
DA:26,1
DA:27,1
DA:30,5
DA:34,5
DA:35,5
DA:36,5
DA:37,3
DA:38,3
DA:39,3
DA:40,2
DA:41,1
DA:42,1
DA:43,1
DA:44,1
DA:55,3
DA:56,1
DA:63,2
DA:64,3
DA:72,3
DA:73,1
DA:80,1
DA:89,4
DA:91,4
DA:92,4
DA:93,0
DA:95,4
DA:96,4
DA:97,0
DA:99,4
DA:100,4
DA:101,2
DA:102,2
DA:103,2
DA:104,2
DA:106,0
DA:110,4
DA:111,2
DA:112,1
DA:114,2
DA:115,1
DA:117,2
DA:118,0
DA:120,2
DA:121,1
DA:123,2
DA:124,1
DA:126,2
DA:127,1
DA:129,2
DA:130,0
DA:132,2
DA:133,0
DA:135,2
DA:136,0
DA:138,2
DA:139,0
DA:141,2
DA:142,0
DA:144,2
DA:145,0
DA:147,2
DA:148,0
DA:150,2
DA:151,0
DA:153,2
DA:154,0
DA:156,2
DA:157,0
DA:158,0
DA:160,0
DA:162,2
DA:163,1
DA:165,2
DA:166,1
DA:168,2
DA:169,1
DA:171,2
DA:172,1
DA:174,2
DA:175,1
DA:177,2
DA:178,0
DA:180,2
DA:181,0
DA:183,2
DA:184,0
DA:186,2
DA:187,0
DA:189,2
DA:190,0
DA:192,2
DA:193,0
DA:195,2
DA:196,0
DA:198,2
DA:199,0
DA:201,2
DA:202,0
DA:204,2
DA:205,0
DA:207,2
DA:208,0
DA:210,2
DA:211,0
DA:213,2
DA:214,1
DA:216,2
DA:217,0
DA:219,2
DA:220,1
DA:222,2
DA:223,0
DA:225,2
DA:226,2
DA:228,0
DA:230,2
DA:231,2
DA:235,4
DA:236,1
DA:237,1
DA:238,1
DA:239,1
DA:240,1
DA:241,1
DA:242,1
DA:243,1
DA:245,1
DA:246,1
DA:247,1
DA:249,3
DA:250,3
DA:251,1
DA:253,3
DA:256,4
DA:261,9
DA:275,0
DA:276,0
DA:277,0
DA:278,0
DA:279,0
DA:280,0
DA:281,0
DA:282,0
DA:288,0
DA:289,0
DA:292,1
DA:295,0
DA:296,0
DA:297,0
DA:316,3
DA:318,3
DA:319,1
DA:320,1
DA:323,2
DA:324,1
DA:330,1
DA:333,1
DA:334,1
DA:335,1
DA:337,1
DA:338,1
DA:339,1
DA:350,0
DA:351,0
DA:353,0
DA:354,0
DA:355,0
DA:356,0
DA:358,0
DA:359,0
DA:362,0
DA:363,0
DA:364,0
DA:365,0
DA:367,0
DA:368,0
DA:371,0
DA:372,0
DA:373,0
DA:374,0
DA:375,0
DA:376,0
DA:377,0
DA:379,0
DA:380,0
DA:381,0
DA:382,0
DA:386,0
DA:387,0
DA:388,0
DA:389,0
DA:390,0
DA:391,0
DA:401,0
DA:402,0
DA:403,0
DA:404,0
DA:405,0
DA:408,0
DA:409,0
DA:410,0
DA:411,0
DA:412,0
DA:419,0
DA:420,0
DA:421,0
DA:422,0
DA:423,0
DA:427,0
DA:428,0
DA:430,0
DA:431,0
DA:432,0
DA:435,0
DA:437,0
DA:438,0
DA:440,0
DA:441,0
DA:446,0
DA:455,0
DA:459,0
DA:467,0
DA:468,0
DA:469,0
DA:471,0
DA:472,0
DA:473,0
DA:477,0
DA:479,0
DA:480,0
DA:481,0
DA:482,0
DA:483,0
DA:495,0
DA:501,0
DA:502,0
DA:503,0
DA:504,0
DA:507,0
DA:508,0
DA:520,0
DA:521,0
DA:522,0
DA:523,0
DA:526,0
DA:527,0
DA:528,0
DA:529,0
DA:531,0
DA:532,0
DA:533,0
DA:544,0
DA:545,0
DA:551,0
DA:552,0
DA:553,0
DA:554,0
DA:555,0
DA:557,0
DA:558,0
DA:560,0
DA:561,0
DA:562,0
DA:563,0
DA:564,0
DA:566,0
DA:569,0
DA:576,0
DA:577,0
DA:578,0
DA:579,0
DA:580,0
DA:581,0
DA:584,0
DA:587,0
DA:588,0
DA:589,0
DA:590,0
DA:594,0
DA:597,0
DA:598,0
DA:599,0
DA:602,0
DA:603,0
DA:604,0
DA:605,0
DA:609,0
DA:611,0
DA:614,0
DA:615,0
DA:616,0
DA:617,0
DA:618,0
DA:619,0
DA:624,0
DA:625,0
DA:626,0
DA:627,0
DA:628,0
DA:636,0
DA:637,0
DA:649,0
DA:650,0
DA:651,0
DA:652,0
DA:654,0
DA:655,0
DA:656,0
DA:658,0
DA:659,0
DA:660,0
DA:661,0
DA:662,0
DA:663,0
DA:669,0
DA:670,0
DA:671,0
DA:673,0
DA:674,0
DA:675,0
DA:676,0
DA:688,0
DA:689,0
DA:691,0
DA:694,0
DA:695,0
DA:698,0
DA:704,0
DA:707,0
DA:713,0
DA:716,0
DA:717,0
DA:720,0
DA:721,0
DA:722,0
DA:723,0
DA:724,0
DA:725,0
DA:726,0
DA:727,0
DA:729,0
DA:731,0
DA:732,0
DA:733,0
DA:734,0
DA:735,0
DA:736,0
DA:737,0
DA:739,0
DA:740,0
DA:741,0
DA:742,0
DA:743,0
DA:744,0
DA:745,0
DA:746,0
DA:753,0
DA:754,0
DA:755,0
DA:756,0
DA:757,0
DA:758,0
DA:763,0
DA:768,0
DA:769,0
DA:770,0
DA:771,0
DA:772,0
DA:777,0
DA:778,0
DA:779,0
DA:780,0
DA:781,0
DA:782,0
DA:783,0
DA:784,0
DA:785,0
DA:786,0
DA:788,0
LF:382
LH:121
BRDA:30,0,0,5
BRDA:30,0,1,1
BRDA:34,1,0,0
BRDA:34,1,1,5
BRDA:35,2,0,0
BRDA:35,2,1,5
BRDA:36,3,0,2
BRDA:36,3,1,3
BRDA:36,4,0,5
BRDA:36,4,1,5
BRDA:36,4,2,4
BRDA:37,5,0,0
BRDA:37,5,1,3
BRDA:38,6,0,0
BRDA:38,6,1,3
BRDA:39,7,0,1
BRDA:39,7,1,2
BRDA:40,8,0,1
BRDA:40,8,1,1
BRDA:42,9,0,0
BRDA:42,9,1,1
BRDA:43,10,0,0
BRDA:43,10,1,1
BRDA:55,11,0,1
BRDA:55,11,1,2
BRDA:63,12,0,2
BRDA:63,12,1,2
BRDA:63,12,2,2
BRDA:64,13,0,1
BRDA:64,13,1,1
BRDA:72,14,0,1
BRDA:72,14,1,2
BRDA:92,15,0,0
BRDA:92,15,1,4
BRDA:96,16,0,0
BRDA:96,16,1,4
BRDA:96,17,0,4
BRDA:96,17,1,0
BRDA:100,18,0,2
BRDA:100,18,1,2
BRDA:102,19,0,2
BRDA:102,19,1,0
BRDA:110,20,0,2
BRDA:110,20,1,2
BRDA:111,21,0,1
BRDA:111,21,1,1
BRDA:114,22,0,1
BRDA:114,22,1,1
BRDA:117,23,0,0
BRDA:117,23,1,2
BRDA:120,24,0,1
BRDA:120,24,1,1
BRDA:123,25,0,1
BRDA:123,25,1,1
BRDA:126,26,0,1
BRDA:126,26,1,1
BRDA:129,27,0,0
BRDA:129,27,1,2
BRDA:132,28,0,0
BRDA:132,28,1,2
BRDA:135,29,0,0
BRDA:135,29,1,2
BRDA:138,30,0,0
BRDA:138,30,1,2
BRDA:141,31,0,0
BRDA:141,31,1,2
BRDA:144,32,0,0
BRDA:144,32,1,2
BRDA:147,33,0,0
BRDA:147,33,1,2
BRDA:150,34,0,0
BRDA:150,34,1,2
BRDA:153,35,0,0
BRDA:153,35,1,2
BRDA:156,36,0,0
BRDA:156,36,1,2
BRDA:157,37,0,0
BRDA:157,37,1,0
BRDA:162,38,0,1
BRDA:162,38,1,1
BRDA:165,39,0,1
BRDA:165,39,1,1
BRDA:168,40,0,1
BRDA:168,40,1,1
BRDA:171,41,0,1
BRDA:171,41,1,1
BRDA:174,42,0,1
BRDA:174,42,1,1
BRDA:177,43,0,0
BRDA:177,43,1,2
BRDA:180,44,0,0
BRDA:180,44,1,2
BRDA:183,45,0,0
BRDA:183,45,1,2
BRDA:186,46,0,0
BRDA:186,46,1,2
BRDA:189,47,0,0
BRDA:189,47,1,2
BRDA:192,48,0,0
BRDA:192,48,1,2
BRDA:195,49,0,0
BRDA:195,49,1,2
BRDA:198,50,0,0
BRDA:198,50,1,2
BRDA:201,51,0,0
BRDA:201,51,1,2
BRDA:204,52,0,0
BRDA:204,52,1,2
BRDA:207,53,0,0
BRDA:207,53,1,2
BRDA:210,54,0,0
BRDA:210,54,1,2
BRDA:213,55,0,1
BRDA:213,55,1,1
BRDA:216,56,0,0
BRDA:216,56,1,2
BRDA:219,57,0,1
BRDA:219,57,1,1
BRDA:222,58,0,0
BRDA:222,58,1,2
BRDA:225,59,0,2
BRDA:225,59,1,0
BRDA:230,60,0,2
BRDA:230,60,1,0
BRDA:235,61,0,1
BRDA:235,61,1,3
BRDA:242,62,0,1
BRDA:242,62,1,0
BRDA:242,63,0,1
BRDA:242,63,1,1
BRDA:250,64,0,1
BRDA:250,64,1,2
BRDA:250,65,0,3
BRDA:250,65,1,1
BRDA:279,66,0,0
BRDA:279,66,1,0
BRDA:279,67,0,0
BRDA:279,67,1,0
BRDA:296,68,0,0
BRDA:296,68,1,0
BRDA:297,69,0,0
BRDA:297,69,1,0
BRDA:318,70,0,1
BRDA:318,70,1,2
BRDA:323,71,0,1
BRDA:323,71,1,1
BRDA:323,72,0,2
BRDA:323,72,1,1
BRDA:326,73,0,1
BRDA:326,73,1,0
BRDA:337,74,0,1
BRDA:337,74,1,0
BRDA:364,75,0,0
BRDA:364,75,1,0
BRDA:380,76,0,0
BRDA:380,76,1,0
BRDA:390,77,0,0
BRDA:390,77,1,0
BRDA:409,78,0,0
BRDA:409,78,1,0
BRDA:422,79,0,0
BRDA:422,79,1,0
BRDA:438,80,0,0
BRDA:438,80,1,0
BRDA:440,81,0,0
BRDA:440,81,1,0
BRDA:449,82,0,0
BRDA:449,82,1,0
BRDA:450,83,0,0
BRDA:450,83,1,0
BRDA:457,84,0,0
BRDA:457,84,1,0
BRDA:462,85,0,0
BRDA:462,85,1,0
BRDA:468,86,0,0
BRDA:468,86,1,0
BRDA:480,87,0,0
BRDA:480,87,1,0
BRDA:480,88,0,0
BRDA:480,88,1,0
BRDA:527,89,0,0
BRDA:527,89,1,0
BRDA:533,90,0,0
BRDA:533,90,1,0
BRDA:544,91,0,0
BRDA:544,91,1,0
BRDA:560,92,0,0
BRDA:560,92,1,0
BRDA:562,93,0,0
BRDA:562,93,1,0
BRDA:563,94,0,0
BRDA:563,94,1,0
BRDA:572,95,0,0
BRDA:572,95,1,0
BRDA:573,96,0,0
BRDA:573,96,1,0
BRDA:577,97,0,0
BRDA:577,97,1,0
BRDA:587,98,0,0
BRDA:587,98,1,0
BRDA:587,99,0,0
BRDA:587,99,1,0
BRDA:597,100,0,0
BRDA:597,100,1,0
BRDA:603,101,0,0
BRDA:603,101,1,0
BRDA:615,102,0,0
BRDA:615,102,1,0
BRDA:626,103,0,0
BRDA:626,103,1,0
BRDA:632,104,0,0
BRDA:632,104,1,0
BRDA:636,105,0,0
BRDA:636,105,1,0
BRDA:649,106,0,0
BRDA:649,106,1,0
BRDA:650,107,0,0
BRDA:650,107,1,0
BRDA:658,108,0,0
BRDA:658,108,1,0
BRDA:662,109,0,0
BRDA:662,109,1,0
BRDA:670,110,0,0
BRDA:670,110,1,0
BRDA:670,111,0,0
BRDA:670,111,1,0
BRDA:673,112,0,0
BRDA:673,112,1,0
BRDA:675,113,0,0
BRDA:675,113,1,0
BRDA:685,114,0,0
BRDA:685,114,1,0
BRDA:688,115,0,0
BRDA:688,115,1,0
BRDA:691,116,0,0
BRDA:691,116,1,0
BRDA:729,117,0,0
BRDA:729,117,1,0
BRDA:731,118,0,0
BRDA:731,118,1,0
BRDA:731,119,0,0
BRDA:731,119,1,0
BRDA:734,120,0,0
BRDA:734,120,1,0
BRDA:737,121,0,0
BRDA:737,121,1,0
BRDA:746,122,0,0
BRDA:746,122,1,0
BRDA:747,123,0,0
BRDA:747,123,1,0
BRDA:747,123,2,0
BRDA:747,123,3,0
BRDA:747,123,4,0
BRDA:755,124,0,0
BRDA:755,124,1,0
BRDA:755,125,0,0
BRDA:755,125,1,0
BRDA:758,126,0,0
BRDA:758,126,1,0
BRDA:759,127,0,0
BRDA:759,127,1,0
BRDA:759,127,2,0
BRDA:769,128,0,0
BRDA:769,128,1,0
BRDA:780,129,0,0
BRDA:780,129,1,0
BRDA:781,130,0,0
BRDA:781,130,1,0
BRDA:783,131,0,0
BRDA:783,131,1,0
BRDA:783,132,0,0
BRDA:783,132,1,0
BRF:272
BRH:102
end_of_record
