TN:
SF:src/app.tsx
FN:36,createEntryId
FN:41,appendTimelineEntry
FN:48,setPreviewState
FN:72,clearPreviewUnlessQueued
FN:77,emptyUsage
FN:86,addUsage
FN:96,dropPendingLocalSuggestions
FN:97,(anonymous_7)
FN:103,getReturnSuggestionPhase
FN:104,(anonymous_9)
FN:119,mapLastLocalSuggestion
FN:136,commitLocalResponse
FN:183,isConversationTurnEntry
FN:187,formatLaneScopeLabel
FN:193,getRunningLaneTurnSignal
FN:195,(anonymous_15)
FN:196,(anonymous_16)
FN:200,(anonymous_17)
FN:205,getBackgroundLaneSessions
FN:209,(anonymous_19)
FN:218,(anonymous_20)
FN:222,appReducer
FN:447,(anonymous_22)
FN:588,(anonymous_23)
FN:618,(anonymous_24)
FN:638,(anonymous_25)
FN:779,useAppContext
FN:798,App
FN:826,(anonymous_28)
FN:828,(anonymous_29)
FN:832,(anonymous_30)
FN:836,(anonymous_31)
FN:836,(anonymous_32)
FN:840,(anonymous_33)
FN:840,(anonymous_34)
FN:849,(anonymous_35)
FN:853,(anonymous_36)
FN:860,(anonymous_37)
FN:865,(anonymous_38)
FN:870,(anonymous_39)
FN:871,(anonymous_40)
FN:879,(anonymous_41)
FNF:42
FNH:22
FNDA:10,createEntryId
FNDA:10,appendTimelineEntry
FNDA:3,setPreviewState
FNDA:3,clearPreviewUnlessQueued
FNDA:0,emptyUsage
FNDA:1,addUsage
FNDA:4,dropPendingLocalSuggestions
FNDA:2,(anonymous_7)
FNDA:1,getReturnSuggestionPhase
FNDA:0,(anonymous_9)
FNDA:1,mapLastLocalSuggestion
FNDA:7,commitLocalResponse
FNDA:3,isConversationTurnEntry
FNDA:2,formatLaneScopeLabel
FNDA:2,getRunningLaneTurnSignal
FNDA:4,(anonymous_15)
FNDA:3,(anonymous_16)
FNDA:3,(anonymous_17)
FNDA:3,getBackgroundLaneSessions
FNDA:6,(anonymous_19)
FNDA:2,(anonymous_20)
FNDA:77,appReducer
FNDA:0,(anonymous_22)
FNDA:0,(anonymous_23)
FNDA:1,(anonymous_24)
FNDA:1,(anonymous_25)
FNDA:0,useAppContext
FNDA:0,App
FNDA:0,(anonymous_28)
FNDA:0,(anonymous_29)
FNDA:0,(anonymous_30)
FNDA:0,(anonymous_31)
FNDA:0,(anonymous_32)
FNDA:0,(anonymous_33)
FNDA:0,(anonymous_34)
FNDA:0,(anonymous_35)
FNDA:0,(anonymous_36)
FNDA:0,(anonymous_37)
FNDA:0,(anonymous_38)
FNDA:0,(anonymous_39)
FNDA:0,(anonymous_40)
FNDA:0,(anonymous_41)
DA:32,1
DA:33,1
DA:34,1
DA:37,10
DA:38,10
DA:42,10
DA:53,3
DA:58,3
DA:59,1
DA:62,2
DA:73,3
DA:74,3
DA:78,0
DA:87,1
DA:88,1
DA:97,4
DA:98,4
DA:104,1
DA:105,1
DA:106,1
DA:109,0
DA:123,1
DA:125,1
DA:126,0
DA:127,0
DA:128,0
DA:129,0
DA:133,1
DA:142,7
DA:144,7
DA:145,5
DA:146,5
DA:148,5
DA:158,5
DA:159,1
DA:160,1
DA:162,4
DA:165,5
DA:172,2
DA:174,2
DA:184,3
DA:188,2
DA:194,2
DA:195,4
DA:197,3
DA:198,3
DA:200,3
DA:202,2
DA:209,6
DA:210,3
DA:211,1
DA:214,2
DA:215,1
DA:218,2
DA:219,1
DA:223,77
DA:225,2
DA:226,1
DA:229,1
DA:237,1
DA:245,2
DA:252,3
DA:253,3
DA:258,3
DA:266,4
DA:267,4
DA:268,4
DA:269,4
DA:270,4
DA:271,4
DA:273,4
DA:274,1
DA:283,3
DA:287,1
DA:290,2
DA:291,2
DA:292,1
DA:293,1
DA:294,1
DA:298,3
DA:299,3
DA:300,3
DA:301,3
DA:304,3
DA:305,3
DA:306,3
DA:310,2
DA:311,2
DA:312,2
DA:313,2
DA:314,2
DA:318,1
DA:319,1
DA:320,1
DA:321,1
DA:326,1
DA:330,3
DA:331,3
DA:332,2
DA:333,1
DA:334,1
DA:338,1
DA:342,2
DA:343,2
DA:344,2
DA:345,2
DA:351,2
DA:360,2
DA:361,2
DA:365,1
DA:366,1
DA:367,1
DA:368,1
DA:374,1
DA:381,1
DA:382,1
DA:386,1
DA:387,1
DA:388,1
DA:389,1
DA:395,1
DA:399,2
DA:400,2
DA:401,2
DA:402,2
DA:408,2
DA:412,2
DA:413,2
DA:414,2
DA:415,1
DA:416,1
DA:420,1
DA:424,2
DA:425,2
DA:426,2
DA:427,1
DA:428,1
DA:436,1
DA:440,1
DA:441,1
DA:442,1
DA:443,1
DA:447,0
DA:448,1
DA:452,2
DA:453,2
DA:454,2
DA:455,2
DA:458,2
DA:463,2
DA:464,2
DA:468,3
DA:469,3
DA:470,3
DA:471,3
DA:472,3
DA:476,3
DA:480,2
DA:483,1
DA:484,1
DA:485,1
DA:486,1
DA:487,1
DA:491,1
DA:492,1
DA:493,1
DA:494,1
DA:495,1
DA:499,1
DA:500,1
DA:501,1
DA:502,1
DA:508,1
DA:512,1
DA:513,1
DA:514,1
DA:515,1
DA:516,1
DA:520,4
DA:521,4
DA:522,4
DA:523,4
DA:534,4
DA:538,1
DA:539,1
DA:540,1
DA:541,1
DA:545,1
DA:549,1
DA:550,1
DA:551,1
DA:552,1
DA:556,1
DA:560,3
DA:561,3
DA:562,3
DA:563,3
DA:564,3
DA:565,3
DA:573,3
DA:577,1
DA:578,1
DA:579,1
DA:580,1
DA:581,1
DA:585,0
DA:586,0
DA:587,0
DA:588,0
DA:589,0
DA:593,1
DA:594,1
DA:595,1
DA:596,1
DA:597,1
DA:601,1
DA:602,1
DA:603,1
DA:604,1
DA:611,1
DA:615,2
DA:616,2
DA:617,2
DA:618,2
DA:619,1
DA:621,1
DA:622,1
DA:626,1
DA:630,2
DA:631,2
DA:632,2
DA:633,2
DA:634,1
DA:635,1
DA:638,1
DA:641,2
DA:645,1
DA:646,1
DA:647,1
DA:648,1
DA:649,1
DA:653,2
DA:654,2
DA:655,2
DA:656,2
DA:657,2
DA:662,2
DA:666,1
DA:667,1
DA:668,1
DA:669,1
DA:674,1
DA:678,2
DA:679,2
DA:680,2
DA:681,2
DA:682,1
DA:684,1
DA:685,1
DA:690,2
DA:694,2
DA:695,2
DA:696,2
DA:697,2
DA:698,1
DA:700,1
DA:701,1
DA:706,2
DA:710,2
DA:711,2
DA:712,2
DA:713,1
DA:715,1
DA:716,1
DA:717,1
DA:721,3
DA:722,3
DA:723,3
DA:724,1
DA:727,2
DA:728,2
DA:734,2
DA:740,3
DA:741,2
DA:752,2
DA:760,2
DA:761,2
DA:765,1
DA:777,1
DA:780,0
DA:808,0
DA:826,0
DA:827,0
DA:828,0
DA:831,0
DA:832,0
DA:835,0
DA:836,0
DA:839,0
DA:840,0
DA:843,0
DA:845,0
DA:846,0
DA:847,0
DA:849,0
DA:850,0
DA:853,0
DA:854,0
DA:855,0
DA:859,0
DA:860,0
DA:864,0
DA:865,0
DA:870,0
DA:871,0
DA:879,0
DA:887,0
LF:317
LH:277
BRDA:51,0,0,3
BRDA:58,1,0,1
BRDA:58,1,1,2
BRDA:58,2,0,3
BRDA:58,2,1,2
BRDA:58,2,2,2
BRDA:58,2,3,2
BRDA:68,3,0,2
BRDA:68,3,1,1
BRDA:74,4,0,1
BRDA:74,4,1,2
BRDA:87,5,0,1
BRDA:87,5,1,0
BRDA:97,6,0,2
BRDA:97,6,1,2
BRDA:98,7,0,2
BRDA:98,7,1,2
BRDA:105,8,0,1
BRDA:105,8,1,0
BRDA:105,9,0,1
BRDA:105,9,1,0
BRDA:127,10,0,0
BRDA:127,10,1,0
BRDA:140,11,0,7
BRDA:146,12,0,0
BRDA:146,12,1,5
BRDA:149,13,0,1
BRDA:149,13,1,4
BRDA:152,14,0,5
BRDA:152,14,1,1
BRDA:154,15,0,1
BRDA:154,15,1,4
BRDA:155,16,0,1
BRDA:155,16,1,4
BRDA:158,17,0,1
BRDA:158,17,1,4
BRDA:168,18,0,5
BRDA:168,18,1,0
BRDA:172,19,0,0
BRDA:172,19,1,2
BRDA:184,20,0,3
BRDA:184,20,1,2
BRDA:184,20,2,2
BRDA:188,21,0,1
BRDA:188,21,1,1
BRDA:198,22,0,2
BRDA:198,22,1,1
BRDA:202,23,0,1
BRDA:202,23,1,1
BRDA:210,24,0,1
BRDA:210,24,1,2
BRDA:214,25,0,1
BRDA:214,25,1,1
BRDA:219,26,0,1
BRDA:219,26,1,0
BRDA:223,27,0,2
BRDA:223,27,1,1
BRDA:223,27,2,1
BRDA:223,27,3,2
BRDA:223,27,4,3
BRDA:223,27,5,4
BRDA:223,27,6,1
BRDA:223,27,7,2
BRDA:223,27,8,3
BRDA:223,27,9,2
BRDA:223,27,10,1
BRDA:223,27,11,3
BRDA:223,27,12,2
BRDA:223,27,13,1
BRDA:223,27,14,1
BRDA:223,27,15,2
BRDA:223,27,16,2
BRDA:223,27,17,2
BRDA:223,27,18,1
BRDA:223,27,19,2
BRDA:223,27,20,3
BRDA:223,27,21,2
BRDA:223,27,22,1
BRDA:223,27,23,1
BRDA:223,27,24,1
BRDA:223,27,25,1
BRDA:223,27,26,4
BRDA:223,27,27,1
BRDA:223,27,28,1
BRDA:223,27,29,3
BRDA:223,27,30,1
BRDA:223,27,31,0
BRDA:223,27,32,1
BRDA:223,27,33,1
BRDA:223,27,34,2
BRDA:223,27,35,2
BRDA:223,27,36,1
BRDA:223,27,37,2
BRDA:223,27,38,1
BRDA:223,27,39,2
BRDA:223,27,40,2
BRDA:223,27,41,2
BRDA:223,27,42,3
BRDA:223,27,43,1
BRDA:225,28,0,1
BRDA:225,28,1,1
BRDA:233,29,0,1
BRDA:233,29,1,0
BRDA:241,30,0,1
BRDA:241,30,1,0
BRDA:247,31,0,2
BRDA:247,31,1,1
BRDA:255,32,0,3
BRDA:255,32,1,0
BRDA:256,33,0,3
BRDA:256,33,1,3
BRDA:261,34,0,3
BRDA:261,34,1,2
BRDA:269,35,0,4
BRDA:269,35,1,0
BRDA:271,36,0,1
BRDA:271,36,1,3
BRDA:273,37,0,1
BRDA:273,37,1,3
BRDA:273,38,0,4
BRDA:273,38,1,3
BRDA:291,39,0,1
BRDA:291,39,1,1
BRDA:299,40,0,0
BRDA:299,40,1,3
BRDA:301,41,0,1
BRDA:301,41,1,2
BRDA:311,42,0,0
BRDA:311,42,1,2
BRDA:319,43,0,0
BRDA:319,43,1,1
BRDA:331,44,0,1
BRDA:331,44,1,2
BRDA:332,45,0,1
BRDA:332,45,1,1
BRDA:343,46,0,0
BRDA:343,46,1,2
BRDA:366,47,0,0
BRDA:366,47,1,1
BRDA:387,48,0,0
BRDA:387,48,1,1
BRDA:400,49,0,0
BRDA:400,49,1,2
BRDA:413,50,0,0
BRDA:413,50,1,2
BRDA:414,51,0,1
BRDA:414,51,1,1
BRDA:425,52,0,0
BRDA:425,52,1,2
BRDA:426,53,0,1
BRDA:426,53,1,1
BRDA:441,54,0,0
BRDA:441,54,1,1
BRDA:453,55,0,0
BRDA:453,55,1,2
BRDA:455,56,0,2
BRDA:455,56,1,0
BRDA:455,57,0,2
BRDA:455,57,1,1
BRDA:455,57,2,1
BRDA:469,58,0,0
BRDA:469,58,1,3
BRDA:470,59,0,0
BRDA:470,59,1,3
BRDA:470,60,0,3
BRDA:470,60,1,2
BRDA:474,61,0,3
BRDA:474,61,1,1
BRDA:484,62,0,0
BRDA:484,62,1,1
BRDA:492,63,0,0
BRDA:492,63,1,1
BRDA:500,64,0,0
BRDA:500,64,1,1
BRDA:513,65,0,0
BRDA:513,65,1,1
BRDA:521,66,0,0
BRDA:521,66,1,4
BRDA:526,67,0,1
BRDA:526,67,1,3
BRDA:528,68,0,1
BRDA:528,68,1,2
BRDA:530,69,0,1
BRDA:530,69,1,1
BRDA:531,70,0,1
BRDA:531,70,1,0
BRDA:539,71,0,0
BRDA:539,71,1,1
BRDA:550,72,0,0
BRDA:550,72,1,1
BRDA:561,73,0,0
BRDA:561,73,1,3
BRDA:563,74,0,3
BRDA:563,74,1,2
BRDA:567,75,0,2
BRDA:567,75,1,1
BRDA:568,76,0,3
BRDA:568,76,1,0
BRDA:568,77,0,3
BRDA:568,77,1,1
BRDA:578,78,0,0
BRDA:578,78,1,1
BRDA:586,79,0,0
BRDA:586,79,1,0
BRDA:594,80,0,0
BRDA:594,80,1,1
BRDA:602,81,0,0
BRDA:602,81,1,1
BRDA:609,82,0,1
BRDA:609,82,1,0
BRDA:616,83,0,0
BRDA:616,83,1,2
BRDA:617,84,0,2
BRDA:617,84,1,0
BRDA:618,85,0,1
BRDA:618,85,1,1
BRDA:631,86,0,0
BRDA:631,86,1,2
BRDA:632,87,0,2
BRDA:632,87,1,0
BRDA:633,88,0,1
BRDA:633,88,1,1
BRDA:637,89,0,1
BRDA:637,89,1,0
BRDA:646,90,0,0
BRDA:646,90,1,1
BRDA:654,91,0,0
BRDA:654,91,1,2
BRDA:667,92,0,0
BRDA:667,92,1,1
BRDA:679,93,0,0
BRDA:679,93,1,2
BRDA:681,94,0,1
BRDA:681,94,1,1
BRDA:681,95,0,2
BRDA:681,95,1,1
BRDA:681,95,2,1
BRDA:681,96,0,1
BRDA:681,96,1,1
BRDA:688,97,0,1
BRDA:688,97,1,1
BRDA:695,98,0,0
BRDA:695,98,1,2
BRDA:697,99,0,1
BRDA:697,99,1,1
BRDA:697,100,0,2
BRDA:697,100,1,1
BRDA:697,100,2,1
BRDA:697,101,0,1
BRDA:697,101,1,0
BRDA:704,102,0,1
BRDA:704,102,1,0
BRDA:711,103,0,0
BRDA:711,103,1,2
BRDA:712,104,0,1
BRDA:712,104,1,1
BRDA:722,105,0,0
BRDA:722,105,1,3
BRDA:723,106,0,1
BRDA:723,106,1,2
BRDA:734,107,0,2
BRDA:734,107,1,1
BRDA:734,107,2,0
BRDA:734,107,3,0
BRDA:734,107,4,0
BRDA:740,108,0,2
BRDA:740,108,1,1
BRDA:747,109,0,1
BRDA:747,109,1,1
BRDA:799,110,0,0
BRDA:803,111,0,0
BRDA:815,112,0,0
BRDA:815,112,1,0
BRDA:815,113,0,0
BRDA:815,113,1,0
BRDA:815,113,2,0
BRDA:817,114,0,0
BRDA:817,114,1,0
BRDA:818,115,0,0
BRDA:818,115,1,0
BRDA:819,116,0,0
BRDA:819,116,1,0
BRDA:843,117,0,0
BRDA:843,117,1,0
BRDA:873,118,0,0
BRDA:873,118,1,0
BRDA:891,119,0,0
BRDA:891,119,1,0
BRDA:900,120,0,0
BRDA:900,120,1,0
BRDA:901,121,0,0
BRDA:901,121,1,0
BRDA:903,122,0,0
BRDA:903,122,1,0
BRDA:907,123,0,0
BRDA:907,123,1,0
BRDA:908,124,0,0
BRDA:908,124,1,0
BRDA:910,125,0,0
BRDA:910,125,1,0
BRDA:912,126,0,0
BRDA:912,126,1,0
BRDA:913,127,0,0
BRDA:913,127,1,0
BRDA:914,128,0,0
BRDA:914,128,1,0
BRDA:915,129,0,0
BRDA:915,129,1,0
BRF:308
BRH:208
end_of_record
