TN:
SF:src/notification-service.ts
FN:138,cleanPhoneNumber
FN:147,extractUrls
FN:149,(anonymous_2)
FN:152,hasSmsConsentConfigured
FN:156,estimateProgress
FN:181,buildNotificationBody
FN:203,readTwilioConfig
FN:220,parseBoolean
FN:227,normalizePath
FN:233,normalizePublicWebhookUrl
FN:249,readWebhookConfig
FN:300,parseTwilioPayload
FN:309,parseTwilioListPayload
FN:318,messageTimestamp
FN:324,buildTwilioSignature
FN:325,(anonymous_15)
FN:326,(anonymous_16)
FN:330,validateTwilioSignature
FN:354,(anonymous_18)
FN:358,(anonymous_19)
FN:370,(anonymous_20)
FN:404,(anonymous_21)
FN:415,(anonymous_22)
FN:416,(anonymous_23)
FN:419,(anonymous_24)
FN:423,(anonymous_25)
FN:433,(anonymous_26)
FN:435,(anonymous_27)
FN:436,(anonymous_28)
FN:442,(anonymous_29)
FN:457,(anonymous_30)
FN:486,(anonymous_31)
FN:497,(anonymous_32)
FN:510,(anonymous_33)
FN:529,(anonymous_34)
FN:572,(anonymous_35)
FN:626,(anonymous_36)
FN:670,(anonymous_37)
FN:697,(anonymous_38)
FN:698,(anonymous_39)
FN:699,(anonymous_40)
FN:700,(anonymous_41)
FN:701,(anonymous_42)
FN:710,(anonymous_43)
FN:786,(anonymous_44)
FN:792,(anonymous_45)
FN:798,(anonymous_46)
FN:821,(anonymous_47)
FN:869,(anonymous_48)
FN:877,(anonymous_49)
FN:886,(anonymous_50)
FN:893,(anonymous_51)
FN:897,(anonymous_52)
FN:969,(anonymous_53)
FN:974,(anonymous_54)
FNF:55
FNH:48
FNDA:60,cleanPhoneNumber
FNDA:4,extractUrls
FNDA:5,(anonymous_2)
FNDA:31,hasSmsConsentConfigured
FNDA:9,estimateProgress
FNDA:2,buildNotificationBody
FNDA:28,readTwilioConfig
FNDA:29,parseBoolean
FNDA:29,normalizePath
FNDA:29,normalizePublicWebhookUrl
FNDA:29,readWebhookConfig
FNDA:20,parseTwilioPayload
FNDA:4,parseTwilioListPayload
FNDA:4,messageTimestamp
FNDA:0,buildTwilioSignature
FNDA:0,(anonymous_15)
FNDA:0,(anonymous_16)
FNDA:1,validateTwilioSignature
FNDA:0,(anonymous_18)
FNDA:12,(anonymous_19)
FNDA:3,(anonymous_20)
FNDA:13,(anonymous_21)
FNDA:4,(anonymous_22)
FNDA:4,(anonymous_23)
FNDA:1,(anonymous_24)
FNDA:3,(anonymous_25)
FNDA:4,(anonymous_26)
FNDA:3,(anonymous_27)
FNDA:3,(anonymous_28)
FNDA:6,(anonymous_29)
FNDA:5,(anonymous_30)
FNDA:3,(anonymous_31)
FNDA:3,(anonymous_32)
FNDA:0,(anonymous_33)
FNDA:7,(anonymous_34)
FNDA:4,(anonymous_35)
FNDA:12,(anonymous_36)
FNDA:4,(anonymous_37)
FNDA:3,(anonymous_38)
FNDA:3,(anonymous_39)
FNDA:0,(anonymous_40)
FNDA:3,(anonymous_41)
FNDA:3,(anonymous_42)
FNDA:19,(anonymous_43)
FNDA:3,(anonymous_44)
FNDA:0,(anonymous_45)
FNDA:4,(anonymous_46)
FNDA:4,(anonymous_47)
FNDA:2,(anonymous_48)
FNDA:1,(anonymous_49)
FNDA:4,(anonymous_50)
FNDA:3,(anonymous_51)
FNDA:15,(anonymous_52)
FNDA:4,(anonymous_53)
FNDA:4,(anonymous_54)
DA:7,1
DA:8,1
DA:9,1
DA:10,1
DA:11,1
DA:12,1
DA:13,1
DA:136,1
DA:139,60
DA:140,60
DA:141,58
DA:142,57
DA:144,1
DA:148,4
DA:149,5
DA:153,31
DA:157,9
DA:159,9
DA:160,1
DA:162,8
DA:163,3
DA:165,5
DA:166,1
DA:168,4
DA:169,1
DA:171,3
DA:172,1
DA:174,2
DA:175,1
DA:178,1
DA:187,2
DA:190,2
DA:195,2
DA:196,2
DA:199,2
DA:200,2
DA:204,28
DA:205,28
DA:206,28
DA:207,28
DA:209,28
DA:210,28
DA:212,27
DA:221,29
DA:222,8
DA:223,6
DA:224,2
DA:228,29
DA:229,29
DA:230,27
DA:234,29
DA:235,29
DA:236,14
DA:237,14
DA:238,14
DA:239,1
DA:241,13
DA:242,13
DA:243,13
DA:245,1
DA:250,29
DA:252,29
DA:255,29
DA:256,29
DA:257,29
DA:258,29
DA:259,29
DA:260,29
DA:261,29
DA:263,29
DA:264,1
DA:275,28
DA:276,12
DA:287,16
DA:301,20
DA:302,16
DA:303,16
DA:305,0
DA:310,4
DA:311,4
DA:312,4
DA:314,1
DA:319,4
DA:320,4
DA:321,4
DA:325,0
DA:326,0
DA:327,0
DA:336,1
DA:337,0
DA:338,0
DA:339,0
DA:340,0
DA:341,0
DA:345,34
DA:346,34
DA:347,34
DA:348,34
DA:349,34
DA:350,34
DA:351,34
DA:352,34
DA:355,0
DA:359,12
DA:360,12
DA:363,12
DA:371,3
DA:372,3
DA:373,3
DA:374,3
DA:375,3
DA:376,3
DA:377,3
DA:379,3
DA:391,3
DA:405,13
DA:406,13
DA:407,6
DA:409,5
DA:410,5
DA:411,1
DA:412,1
DA:415,4
DA:416,4
DA:417,4
DA:419,4
DA:420,1
DA:421,1
DA:423,4
DA:424,3
DA:425,3
DA:426,3
DA:427,3
DA:428,3
DA:434,4
DA:435,3
DA:436,3
DA:438,3
DA:439,3
DA:443,6
DA:444,6
DA:445,6
DA:446,6
DA:447,1
DA:449,5
DA:450,5
DA:451,5
DA:452,1
DA:454,4
DA:458,5
DA:459,5
DA:460,5
DA:461,1
DA:469,4
DA:470,1
DA:479,3
DA:490,3
DA:491,3
DA:492,3
DA:493,0
DA:496,3
DA:497,3
DA:499,3
DA:500,3
DA:501,3
DA:502,3
DA:503,3
DA:505,3
DA:506,2
DA:510,0
DA:512,0
DA:515,2
DA:520,2
DA:526,2
DA:533,7
DA:534,7
DA:535,7
DA:536,7
DA:537,1
DA:540,6
DA:541,6
DA:542,6
DA:543,6
DA:544,1
DA:547,5
DA:550,7
DA:557,7
DA:562,7
DA:564,7
DA:565,5
DA:569,5
DA:576,4
DA:577,4
DA:578,4
DA:579,4
DA:580,1
DA:596,3
DA:597,3
DA:600,4
DA:601,4
DA:607,3
DA:608,3
DA:615,3
DA:618,3
DA:627,12
DA:628,12
DA:629,12
DA:630,1
DA:638,11
DA:639,1
DA:648,10
DA:649,10
DA:650,1
DA:659,9
DA:663,12
DA:671,4
DA:672,4
DA:673,4
DA:674,4
DA:676,4
DA:677,4
DA:678,4
DA:679,4
DA:680,4
DA:690,4
DA:691,4
DA:692,4
DA:693,1
DA:696,3
DA:697,3
DA:698,3
DA:699,0
DA:700,3
DA:701,3
DA:703,4
DA:704,3
DA:707,3
DA:715,19
DA:716,19
DA:717,3
DA:718,3
DA:719,1
DA:728,2
DA:729,2
DA:745,16
DA:746,16
DA:747,0
DA:750,16
DA:751,16
DA:752,16
DA:753,16
DA:754,16
DA:756,16
DA:757,16
DA:769,16
DA:770,16
DA:772,16
DA:773,1
DA:776,1
DA:779,15
DA:783,19
DA:787,3
DA:788,3
DA:789,3
DA:790,3
DA:792,0
DA:793,0
DA:795,0
DA:799,4
DA:800,4
DA:810,4
DA:811,4
DA:812,4
DA:813,1
DA:816,1
DA:818,3
DA:827,4
DA:828,4
DA:829,1
DA:830,1
DA:831,1
DA:834,3
DA:835,1
DA:836,1
DA:837,1
DA:840,2
DA:841,2
DA:842,2
DA:843,1
DA:844,1
DA:845,1
DA:846,1
DA:847,1
DA:848,1
DA:852,1
DA:861,4
DA:862,1
DA:865,1
DA:866,1
DA:870,2
DA:871,2
DA:872,2
DA:874,2
DA:878,1
DA:879,1
DA:880,1
DA:881,1
DA:883,1
DA:887,4
DA:888,4
DA:889,2
DA:894,3
DA:898,15
DA:899,15
DA:900,15
DA:902,15
DA:903,1
DA:915,14
DA:916,1
DA:928,13
DA:929,1
DA:932,1
DA:944,12
DA:945,8
DA:957,4
DA:970,4
DA:971,4
DA:975,4
DA:976,4
DA:977,4
DA:978,4
DA:979,4
DA:980,4
DA:982,4
DA:983,4
DA:984,4
DA:985,4
DA:986,1
DA:988,4
DA:992,4
LF:340
LH:322
BRDA:11,0,0,1
BRDA:11,0,1,0
BRDA:12,1,0,1
BRDA:12,1,1,0
BRDA:140,2,0,2
BRDA:140,2,1,58
BRDA:141,3,0,57
BRDA:141,3,1,1
BRDA:148,4,0,4
BRDA:148,4,1,0
BRDA:159,5,0,1
BRDA:159,5,1,8
BRDA:159,6,0,9
BRDA:159,6,1,1
BRDA:162,7,0,3
BRDA:162,7,1,5
BRDA:162,8,0,8
BRDA:162,8,1,3
BRDA:165,9,0,1
BRDA:165,9,1,4
BRDA:165,10,0,5
BRDA:165,10,1,1
BRDA:168,11,0,1
BRDA:168,11,1,3
BRDA:171,12,0,1
BRDA:171,12,1,2
BRDA:174,13,0,1
BRDA:174,13,1,1
BRDA:187,14,0,0
BRDA:187,14,1,2
BRDA:195,15,0,2
BRDA:195,15,1,0
BRDA:200,16,0,0
BRDA:200,16,1,2
BRDA:209,17,0,0
BRDA:209,17,1,28
BRDA:209,18,0,28
BRDA:209,18,1,28
BRDA:210,19,0,1
BRDA:210,19,1,27
BRDA:210,20,0,28
BRDA:210,20,1,1
BRDA:215,21,0,27
BRDA:215,21,1,0
BRDA:216,22,0,0
BRDA:216,22,1,27
BRDA:221,23,0,21
BRDA:221,23,1,8
BRDA:222,24,0,2
BRDA:222,24,1,6
BRDA:222,25,0,8
BRDA:222,25,1,8
BRDA:223,26,0,4
BRDA:223,26,1,2
BRDA:223,27,0,6
BRDA:223,27,1,6
BRDA:228,28,0,29
BRDA:228,28,1,25
BRDA:229,29,0,2
BRDA:229,29,1,27
BRDA:235,30,0,15
BRDA:235,30,1,14
BRDA:238,31,0,1
BRDA:238,31,1,13
BRDA:238,32,0,14
BRDA:238,32,1,13
BRDA:252,33,0,15
BRDA:252,33,1,14
BRDA:252,34,0,29
BRDA:252,34,1,28
BRDA:252,34,2,16
BRDA:256,35,0,11
BRDA:256,35,1,18
BRDA:257,36,0,29
BRDA:257,36,1,0
BRDA:257,37,0,29
BRDA:257,37,1,29
BRDA:261,38,0,29
BRDA:261,38,1,29
BRDA:263,39,0,1
BRDA:263,39,1,28
BRDA:275,40,0,12
BRDA:275,40,1,16
BRDA:290,41,0,1
BRDA:290,41,1,15
BRDA:301,42,0,4
BRDA:301,42,1,16
BRDA:310,43,0,0
BRDA:310,43,1,4
BRDA:319,44,0,4
BRDA:319,44,1,1
BRDA:320,45,0,4
BRDA:320,45,1,0
BRDA:321,46,0,4
BRDA:321,46,1,0
BRDA:336,47,0,1
BRDA:336,47,1,0
BRDA:340,48,0,0
BRDA:340,48,1,0
BRDA:360,49,0,2
BRDA:360,49,1,10
BRDA:366,50,0,5
BRDA:366,50,1,7
BRDA:366,51,0,5
BRDA:366,51,1,2
BRDA:374,52,0,3
BRDA:374,52,1,2
BRDA:376,53,0,3
BRDA:376,53,1,3
BRDA:376,53,2,3
BRDA:376,53,3,3
BRDA:379,54,0,0
BRDA:379,54,1,3
BRDA:381,55,0,1
BRDA:381,55,1,2
BRDA:383,56,0,1
BRDA:383,56,1,1
BRDA:385,57,0,0
BRDA:385,57,1,1
BRDA:387,58,0,1
BRDA:387,58,1,0
BRDA:406,59,0,7
BRDA:406,59,1,6
BRDA:407,60,0,1
BRDA:407,60,1,5
BRDA:410,61,0,1
BRDA:410,61,1,4
BRDA:420,62,0,1
BRDA:420,62,1,0
BRDA:426,63,0,3
BRDA:426,63,1,0
BRDA:426,64,0,3
BRDA:426,64,1,3
BRDA:434,65,0,1
BRDA:434,65,1,3
BRDA:445,66,0,0
BRDA:445,66,1,6
BRDA:445,67,0,6
BRDA:445,67,1,0
BRDA:445,67,2,6
BRDA:446,68,0,1
BRDA:446,68,1,5
BRDA:451,69,0,1
BRDA:451,69,1,4
BRDA:451,70,0,5
BRDA:451,70,1,1
BRDA:460,71,0,1
BRDA:460,71,1,4
BRDA:469,72,0,1
BRDA:469,72,1,3
BRDA:492,73,0,0
BRDA:492,73,1,3
BRDA:492,74,0,3
BRDA:492,74,1,3
BRDA:492,74,2,3
BRDA:492,74,3,3
BRDA:505,75,0,1
BRDA:505,75,1,2
BRDA:506,76,0,0
BRDA:506,76,1,2
BRDA:507,77,0,2
BRDA:507,77,1,0
BRDA:507,77,2,0
BRDA:507,77,3,0
BRDA:536,78,0,1
BRDA:536,78,1,6
BRDA:536,79,0,7
BRDA:536,79,1,7
BRDA:536,79,2,7
BRDA:536,79,3,7
BRDA:543,80,0,1
BRDA:543,80,1,5
BRDA:543,81,0,6
BRDA:543,81,1,1
BRDA:547,82,0,0
BRDA:547,82,1,5
BRDA:550,83,0,2
BRDA:550,83,1,3
BRDA:552,84,0,1
BRDA:552,84,1,2
BRDA:554,85,0,1
BRDA:554,85,1,1
BRDA:557,86,0,2
BRDA:557,86,1,3
BRDA:559,87,0,1
BRDA:559,87,1,2
BRDA:579,88,0,1
BRDA:579,88,1,3
BRDA:579,89,0,4
BRDA:579,89,1,3
BRDA:579,89,2,3
BRDA:588,90,0,1
BRDA:588,90,1,0
BRDA:590,91,0,0
BRDA:590,91,1,0
BRDA:597,92,0,0
BRDA:597,92,1,3
BRDA:607,93,0,3
BRDA:607,93,1,0
BRDA:607,94,0,3
BRDA:607,94,1,0
BRDA:629,95,0,1
BRDA:629,95,1,11
BRDA:638,96,0,1
BRDA:638,96,1,10
BRDA:649,97,0,1
BRDA:649,97,1,9
BRDA:659,98,0,1
BRDA:659,98,1,8
BRDA:674,99,0,0
BRDA:674,99,1,4
BRDA:674,100,0,4
BRDA:674,100,1,4
BRDA:674,100,2,4
BRDA:692,101,0,1
BRDA:692,101,1,3
BRDA:693,102,0,1
BRDA:693,102,1,0
BRDA:696,103,0,3
BRDA:696,103,1,0
BRDA:697,104,0,3
BRDA:697,104,1,0
BRDA:698,105,0,3
BRDA:698,105,1,0
BRDA:713,106,0,19
BRDA:716,107,0,3
BRDA:716,107,1,16
BRDA:718,108,0,1
BRDA:718,108,1,2
BRDA:733,109,0,2
BRDA:733,109,1,0
BRDA:735,110,0,0
BRDA:735,110,1,2
BRDA:736,111,0,3
BRDA:736,111,1,2
BRDA:736,111,2,1
BRDA:737,112,0,1
BRDA:737,112,1,1
BRDA:738,113,0,0
BRDA:738,113,1,1
BRDA:740,114,0,1
BRDA:740,114,1,0
BRDA:741,115,0,1
BRDA:741,115,1,0
BRDA:746,116,0,0
BRDA:746,116,1,16
BRDA:753,117,0,16
BRDA:753,117,1,0
BRDA:754,118,0,0
BRDA:754,118,1,16
BRDA:772,119,0,1
BRDA:772,119,1,15
BRDA:773,120,0,1
BRDA:773,120,1,0
BRDA:774,121,0,1
BRDA:774,121,1,0
BRDA:776,122,0,1
BRDA:776,122,1,0
BRDA:779,123,0,3
BRDA:779,123,1,12
BRDA:779,124,0,15
BRDA:779,124,1,3
BRDA:783,125,0,19
BRDA:783,125,1,4
BRDA:783,125,2,4
BRDA:789,126,0,3
BRDA:789,126,1,0
BRDA:789,127,0,3
BRDA:789,127,1,3
BRDA:812,128,0,1
BRDA:812,128,1,3
BRDA:813,129,0,1
BRDA:813,129,1,0
BRDA:814,130,0,1
BRDA:814,130,1,0
BRDA:816,131,0,1
BRDA:816,131,1,0
BRDA:818,132,0,3
BRDA:818,132,1,0
BRDA:827,133,0,4
BRDA:827,133,1,0
BRDA:828,134,0,1
BRDA:828,134,1,3
BRDA:828,135,0,4
BRDA:828,135,1,1
BRDA:834,136,0,1
BRDA:834,136,1,2
BRDA:834,137,0,3
BRDA:834,137,1,3
BRDA:842,138,0,1
BRDA:842,138,1,1
BRDA:842,139,0,2
BRDA:842,139,1,1
BRDA:844,140,0,0
BRDA:844,140,1,1
BRDA:845,141,0,1
BRDA:845,141,1,0
BRDA:853,142,0,1
BRDA:853,142,1,0
BRDA:854,143,0,4
BRDA:854,143,1,0
BRDA:855,144,0,4
BRDA:855,144,1,0
BRDA:856,145,0,4
BRDA:856,145,1,0
BRDA:861,146,0,1
BRDA:861,146,1,3
BRDA:872,147,0,2
BRDA:872,147,1,0
BRDA:888,148,0,2
BRDA:888,148,1,2
BRDA:898,149,0,15
BRDA:898,149,1,4
BRDA:899,150,0,15
BRDA:899,150,1,14
BRDA:900,151,0,15
BRDA:900,151,1,14
BRDA:902,152,0,1
BRDA:902,152,1,14
BRDA:911,153,0,1
BRDA:911,153,1,0
BRDA:915,154,0,1
BRDA:915,154,1,13
BRDA:915,155,0,14
BRDA:915,155,1,13
BRDA:924,156,0,1
BRDA:924,156,1,0
BRDA:928,157,0,1
BRDA:928,157,1,12
BRDA:928,158,0,13
BRDA:928,158,1,13
BRDA:928,158,2,12
BRDA:929,159,0,1
BRDA:929,159,1,0
BRDA:930,160,0,1
BRDA:930,160,1,0
BRDA:944,161,0,8
BRDA:944,161,1,4
BRDA:944,162,0,12
BRDA:944,162,1,4
BRDA:944,162,2,4
BRDA:944,162,3,4
BRDA:953,163,0,8
BRDA:953,163,1,0
BRDA:965,164,0,0
BRDA:965,164,1,4
BRDA:978,165,0,4
BRDA:978,165,1,0
BRDA:979,166,0,0
BRDA:979,166,1,4
BRDA:979,167,0,4
BRDA:979,167,1,4
BRDA:979,167,2,4
BRDA:980,168,0,0
BRDA:980,168,1,4
BRDA:980,169,0,4
BRDA:980,169,1,4
BRDA:983,170,0,1
BRDA:983,170,1,3
BRDA:984,171,0,1
BRDA:984,171,1,3
BRDA:985,172,0,1
BRDA:985,172,1,3
BRDA:985,173,0,4
BRDA:985,173,1,3
BRDA:988,174,0,1
BRDA:988,174,1,3
BRDA:995,175,0,4
BRDA:995,175,1,0
BRDA:998,176,0,4
BRDA:998,176,1,0
BRF:371
BRH:296
end_of_record
