{"total": {"lines":{"total":6346,"covered":6285,"skipped":0,"pct":99.03},"statements":{"total":6968,"covered":6836,"skipped":0,"pct":98.1},"functions":{"total":1258,"covered":1235,"skipped":0,"pct":98.17},"branches":{"total":7129,"covered":6523,"skipped":0,"pct":91.49},"branchesTrue":{"total":0,"covered":0,"skipped":0,"pct":100}}
,"/Users/timheckel/Projects/node/roscoe/roscoe.sh/src/app.tsx": {"lines":{"total":317,"covered":315,"skipped":0,"pct":99.36},"functions":{"total":42,"covered":40,"skipped":0,"pct":95.23},"statements":{"total":371,"covered":364,"skipped":0,"pct":98.11},"branches":{"total":308,"covered":269,"skipped":0,"pct":87.33}}
,"/Users/timheckel/Projects/node/roscoe/roscoe.sh/src/browser-agent.ts": {"lines":{"total":64,"covered":64,"skipped":0,"pct":100},"functions":{"total":20,"covered":20,"skipped":0,"pct":100},"statements":{"total":68,"covered":68,"skipped":0,"pct":100},"branches":{"total":32,"covered":29,"skipped":0,"pct":90.62}}
,"/Users/timheckel/Projects/node/roscoe/roscoe.sh/src/config.ts": {"lines":{"total":521,"covered":520,"skipped":0,"pct":99.8},"functions":{"total":130,"covered":129,"skipped":0,"pct":99.23},"statements":{"total":593,"covered":582,"skipped":0,"pct":98.14},"branches":{"total":699,"covered":648,"skipped":0,"pct":92.7}}
,"/Users/timheckel/Projects/node/roscoe/roscoe.sh/src/conversation-tracker.ts": {"lines":{"total":21,"covered":21,"skipped":0,"pct":100},"functions":{"total":11,"covered":11,"skipped":0,"pct":100},"statements":{"total":22,"covered":22,"skipped":0,"pct":100},"branches":{"total":9,"covered":9,"skipped":0,"pct":100}}
,"/Users/timheckel/Projects/node/roscoe/roscoe.sh/src/debug-log.ts": {"lines":{"total":12,"covered":12,"skipped":0,"pct":100},"functions":{"total":4,"covered":4,"skipped":0,"pct":100},"statements":{"total":14,"covered":14,"skipped":0,"pct":100},"branches":{"total":4,"covered":4,"skipped":0,"pct":100}}
,"/Users/timheckel/Projects/node/roscoe/roscoe.sh/src/deployment-contract.ts": {"lines":{"total":106,"covered":103,"skipped":0,"pct":97.16},"functions":{"total":27,"covered":27,"skipped":0,"pct":100},"statements":{"total":112,"covered":109,"skipped":0,"pct":97.32},"branches":{"total":124,"covered":122,"skipped":0,"pct":98.38}}
,"/Users/timheckel/Projects/node/roscoe/roscoe.sh/src/hosted-relay-client.ts": {"lines":{"total":139,"covered":139,"skipped":0,"pct":100},"functions":{"total":36,"covered":36,"skipped":0,"pct":100},"statements":{"total":144,"covered":144,"skipped":0,"pct":100},"branches":{"total":109,"covered":107,"skipped":0,"pct":98.16}}
,"/Users/timheckel/Projects/node/roscoe/roscoe.sh/src/input-injector.ts": {"lines":{"total":3,"covered":3,"skipped":0,"pct":100},"functions":{"total":1,"covered":1,"skipped":0,"pct":100},"statements":{"total":3,"covered":3,"skipped":0,"pct":100},"branches":{"total":2,"covered":2,"skipped":0,"pct":100}}
,"/Users/timheckel/Projects/node/roscoe/roscoe.sh/src/keep-awake.ts": {"lines":{"total":22,"covered":22,"skipped":0,"pct":100},"functions":{"total":8,"covered":8,"skipped":0,"pct":100},"statements":{"total":22,"covered":22,"skipped":0,"pct":100},"branches":{"total":13,"covered":13,"skipped":0,"pct":100}}
,"/Users/timheckel/Projects/node/roscoe/roscoe.sh/src/llm-runtime.ts": {"lines":{"total":276,"covered":272,"skipped":0,"pct":98.55},"functions":{"total":41,"covered":41,"skipped":0,"pct":100},"statements":{"total":299,"covered":293,"skipped":0,"pct":97.99},"branches":{"total":289,"covered":267,"skipped":0,"pct":92.38}}
,"/Users/timheckel/Projects/node/roscoe/roscoe.sh/src/notification-service.ts": {"lines":{"total":341,"covered":337,"skipped":0,"pct":98.82},"functions":{"total":55,"covered":53,"skipped":0,"pct":96.36},"statements":{"total":369,"covered":362,"skipped":0,"pct":98.1},"branches":{"total":371,"covered":323,"skipped":0,"pct":87.06}}
,"/Users/timheckel/Projects/node/roscoe/roscoe.sh/src/onboarder.ts": {"lines":{"total":253,"covered":252,"skipped":0,"pct":99.6},"functions":{"total":43,"covered":43,"skipped":0,"pct":100},"statements":{"total":301,"covered":299,"skipped":0,"pct":99.33},"branches":{"total":279,"covered":260,"skipped":0,"pct":93.18}}
,"/Users/timheckel/Projects/node/roscoe/roscoe.sh/src/open-url.ts": {"lines":{"total":8,"covered":8,"skipped":0,"pct":100},"functions":{"total":2,"covered":2,"skipped":0,"pct":100},"statements":{"total":8,"covered":8,"skipped":0,"pct":100},"branches":{"total":6,"covered":6,"skipped":0,"pct":100}}
,"/Users/timheckel/Projects/node/roscoe/roscoe.sh/src/operator-wire.ts": {"lines":{"total":82,"covered":82,"skipped":0,"pct":100},"functions":{"total":10,"covered":10,"skipped":0,"pct":100},"statements":{"total":83,"covered":83,"skipped":0,"pct":100},"branches":{"total":60,"covered":55,"skipped":0,"pct":91.66}}
,"/Users/timheckel/Projects/node/roscoe/roscoe.sh/src/orchestrator.ts": {"lines":{"total":42,"covered":42,"skipped":0,"pct":100},"functions":{"total":12,"covered":12,"skipped":0,"pct":100},"statements":{"total":42,"covered":42,"skipped":0,"pct":100},"branches":{"total":16,"covered":16,"skipped":0,"pct":100}}
,"/Users/timheckel/Projects/node/roscoe/roscoe.sh/src/project-secrets.ts": {"lines":{"total":95,"covered":93,"skipped":0,"pct":97.89},"functions":{"total":27,"covered":26,"skipped":0,"pct":96.29},"statements":{"total":111,"covered":107,"skipped":0,"pct":96.39},"branches":{"total":89,"covered":84,"skipped":0,"pct":94.38}}
,"/Users/timheckel/Projects/node/roscoe/roscoe.sh/src/provider-registry.ts": {"lines":{"total":89,"covered":88,"skipped":0,"pct":98.87},"functions":{"total":34,"covered":34,"skipped":0,"pct":100},"statements":{"total":102,"covered":101,"skipped":0,"pct":99.01},"branches":{"total":68,"covered":62,"skipped":0,"pct":91.17}}
,"/Users/timheckel/Projects/node/roscoe/roscoe.sh/src/render-md.ts": {"lines":{"total":4,"covered":4,"skipped":0,"pct":100},"functions":{"total":1,"covered":1,"skipped":0,"pct":100},"statements":{"total":4,"covered":4,"skipped":0,"pct":100},"branches":{"total":0,"covered":0,"skipped":0,"pct":100}}
,"/Users/timheckel/Projects/node/roscoe/roscoe.sh/src/response-generator.ts": {"lines":{"total":477,"covered":472,"skipped":0,"pct":98.95},"functions":{"total":66,"covered":65,"skipped":0,"pct":98.48},"statements":{"total":499,"covered":490,"skipped":0,"pct":98.19},"branches":{"total":387,"covered":347,"skipped":0,"pct":89.66}}
,"/Users/timheckel/Projects/node/roscoe/roscoe.sh/src/roscoe-draft.ts": {"lines":{"total":48,"covered":47,"skipped":0,"pct":97.91},"functions":{"total":6,"covered":6,"skipped":0,"pct":100},"statements":{"total":54,"covered":52,"skipped":0,"pct":96.29},"branches":{"total":50,"covered":48,"skipped":0,"pct":96}}
,"/Users/timheckel/Projects/node/roscoe/roscoe.sh/src/runtime-defaults.ts": {"lines":{"total":86,"covered":86,"skipped":0,"pct":100},"functions":{"total":34,"covered":34,"skipped":0,"pct":100},"statements":{"total":88,"covered":88,"skipped":0,"pct":100},"branches":{"total":110,"covered":108,"skipped":0,"pct":98.18}}
,"/Users/timheckel/Projects/node/roscoe/roscoe.sh/src/session-activity.ts": {"lines":{"total":50,"covered":50,"skipped":0,"pct":100},"functions":{"total":7,"covered":7,"skipped":0,"pct":100},"statements":{"total":57,"covered":56,"skipped":0,"pct":98.24},"branches":{"total":75,"covered":72,"skipped":0,"pct":96}}
,"/Users/timheckel/Projects/node/roscoe/roscoe.sh/src/session-control.ts": {"lines":{"total":5,"covered":5,"skipped":0,"pct":100},"functions":{"total":1,"covered":1,"skipped":0,"pct":100},"statements":{"total":5,"covered":5,"skipped":0,"pct":100},"branches":{"total":4,"covered":4,"skipped":0,"pct":100}}
,"/Users/timheckel/Projects/node/roscoe/roscoe.sh/src/session-interrupt.ts": {"lines":{"total":18,"covered":18,"skipped":0,"pct":100},"functions":{"total":2,"covered":2,"skipped":0,"pct":100},"statements":{"total":18,"covered":18,"skipped":0,"pct":100},"branches":{"total":6,"covered":6,"skipped":0,"pct":100}}
,"/Users/timheckel/Projects/node/roscoe/roscoe.sh/src/session-monitor.ts": {"lines":{"total":228,"covered":227,"skipped":0,"pct":99.56},"functions":{"total":36,"covered":36,"skipped":0,"pct":100},"statements":{"total":257,"covered":254,"skipped":0,"pct":98.83},"branches":{"total":251,"covered":219,"skipped":0,"pct":87.25}}
,"/Users/timheckel/Projects/node/roscoe/roscoe.sh/src/session-preview.ts": {"lines":{"total":52,"covered":52,"skipped":0,"pct":100},"functions":{"total":14,"covered":14,"skipped":0,"pct":100},"statements":{"total":54,"covered":54,"skipped":0,"pct":100},"branches":{"total":45,"covered":44,"skipped":0,"pct":97.77}}
,"/Users/timheckel/Projects/node/roscoe/roscoe.sh/src/session-transcript.ts": {"lines":{"total":101,"covered":101,"skipped":0,"pct":100},"functions":{"total":22,"covered":22,"skipped":0,"pct":100},"statements":{"total":114,"covered":112,"skipped":0,"pct":98.24},"branches":{"total":106,"covered":100,"skipped":0,"pct":94.33}}
,"/Users/timheckel/Projects/node/roscoe/roscoe.sh/src/sms-routing.ts": {"lines":{"total":64,"covered":64,"skipped":0,"pct":100},"functions":{"total":18,"covered":18,"skipped":0,"pct":100},"statements":{"total":68,"covered":68,"skipped":0,"pct":100},"branches":{"total":117,"covered":109,"skipped":0,"pct":93.16}}
,"/Users/timheckel/Projects/node/roscoe/roscoe.sh/src/text-layout.ts": {"lines":{"total":45,"covered":45,"skipped":0,"pct":100},"functions":{"total":5,"covered":5,"skipped":0,"pct":100},"statements":{"total":48,"covered":48,"skipped":0,"pct":100},"branches":{"total":15,"covered":15,"skipped":0,"pct":100}}
,"/Users/timheckel/Projects/node/roscoe/roscoe.sh/src/workspace-intake.ts": {"lines":{"total":49,"covered":49,"skipped":0,"pct":100},"functions":{"total":7,"covered":7,"skipped":0,"pct":100},"statements":{"total":49,"covered":49,"skipped":0,"pct":100},"branches":{"total":29,"covered":29,"skipped":0,"pct":100}}
,"/Users/timheckel/Projects/node/roscoe/roscoe.sh/src/worktree-manager.ts": {"lines":{"total":76,"covered":75,"skipped":0,"pct":98.68},"functions":{"total":11,"covered":11,"skipped":0,"pct":100},"statements":{"total":84,"covered":83,"skipped":0,"pct":98.8},"branches":{"total":47,"covered":42,"skipped":0,"pct":89.36}}
,"/Users/timheckel/Projects/node/roscoe/roscoe.sh/src/components/background-lanes-pane.tsx": {"lines":{"total":31,"covered":31,"skipped":0,"pct":100},"functions":{"total":9,"covered":8,"skipped":0,"pct":88.88},"statements":{"total":36,"covered":35,"skipped":0,"pct":97.22},"branches":{"total":22,"covered":22,"skipped":0,"pct":100}}
,"/Users/timheckel/Projects/node/roscoe/roscoe.sh/src/components/checklist-select.tsx": {"lines":{"total":35,"covered":35,"skipped":0,"pct":100},"functions":{"total":7,"covered":7,"skipped":0,"pct":100},"statements":{"total":38,"covered":38,"skipped":0,"pct":100},"branches":{"total":26,"covered":24,"skipped":0,"pct":92.3}}
,"/Users/timheckel/Projects/node/roscoe/roscoe.sh/src/components/chrome.tsx": {"lines":{"total":7,"covered":7,"skipped":0,"pct":100},"functions":{"total":5,"covered":5,"skipped":0,"pct":100},"statements":{"total":7,"covered":7,"skipped":0,"pct":100},"branches":{"total":13,"covered":13,"skipped":0,"pct":100}}
,"/Users/timheckel/Projects/node/roscoe/roscoe.sh/src/components/close-lane-pane.tsx": {"lines":{"total":3,"covered":3,"skipped":0,"pct":100},"functions":{"total":1,"covered":1,"skipped":0,"pct":100},"statements":{"total":3,"covered":3,"skipped":0,"pct":100},"branches":{"total":6,"covered":6,"skipped":0,"pct":100}}
,"/Users/timheckel/Projects/node/roscoe/roscoe.sh/src/components/command-text-input.tsx": {"lines":{"total":43,"covered":43,"skipped":0,"pct":100},"functions":{"total":11,"covered":11,"skipped":0,"pct":100},"statements":{"total":49,"covered":48,"skipped":0,"pct":97.95},"branches":{"total":34,"covered":33,"skipped":0,"pct":97.05}}
,"/Users/timheckel/Projects/node/roscoe/roscoe.sh/src/components/exit-warning-pane.tsx": {"lines":{"total":2,"covered":2,"skipped":0,"pct":100},"functions":{"total":1,"covered":1,"skipped":0,"pct":100},"statements":{"total":2,"covered":2,"skipped":0,"pct":100},"branches":{"total":6,"covered":6,"skipped":0,"pct":100}}
,"/Users/timheckel/Projects/node/roscoe/roscoe.sh/src/components/home-screen.tsx": {"lines":{"total":558,"covered":539,"skipped":0,"pct":96.59},"functions":{"total":108,"covered":100,"skipped":0,"pct":92.59},"statements":{"total":617,"covered":583,"skipped":0,"pct":94.48},"branches":{"total":732,"covered":631,"skipped":0,"pct":86.2}}
,"/Users/timheckel/Projects/node/roscoe/roscoe.sh/src/components/onboarding-screen.tsx": {"lines":{"total":277,"covered":265,"skipped":0,"pct":95.66},"functions":{"total":59,"covered":52,"skipped":0,"pct":88.13},"statements":{"total":298,"covered":278,"skipped":0,"pct":93.28},"branches":{"total":350,"covered":310,"skipped":0,"pct":88.57}}
,"/Users/timheckel/Projects/node/roscoe/roscoe.sh/src/components/project-brief.tsx": {"lines":{"total":36,"covered":36,"skipped":0,"pct":100},"functions":{"total":10,"covered":10,"skipped":0,"pct":100},"statements":{"total":42,"covered":42,"skipped":0,"pct":100},"branches":{"total":167,"covered":158,"skipped":0,"pct":94.61}}
,"/Users/timheckel/Projects/node/roscoe/roscoe.sh/src/components/roscoe-intro.tsx": {"lines":{"total":65,"covered":65,"skipped":0,"pct":100},"functions":{"total":20,"covered":20,"skipped":0,"pct":100},"statements":{"total":74,"covered":74,"skipped":0,"pct":100},"branches":{"total":49,"covered":45,"skipped":0,"pct":91.83}}
,"/Users/timheckel/Projects/node/roscoe/roscoe.sh/src/components/runtime-controls.tsx": {"lines":{"total":66,"covered":66,"skipped":0,"pct":100},"functions":{"total":38,"covered":38,"skipped":0,"pct":100},"statements":{"total":83,"covered":83,"skipped":0,"pct":100},"branches":{"total":152,"covered":147,"skipped":0,"pct":96.71}}
,"/Users/timheckel/Projects/node/roscoe/roscoe.sh/src/components/session-list.tsx": {"lines":{"total":59,"covered":58,"skipped":0,"pct":98.3},"functions":{"total":8,"covered":8,"skipped":0,"pct":100},"statements":{"total":64,"covered":61,"skipped":0,"pct":95.31},"branches":{"total":76,"covered":69,"skipped":0,"pct":90.78}}
,"/Users/timheckel/Projects/node/roscoe/roscoe.sh/src/components/session-output.tsx": {"lines":{"total":154,"covered":154,"skipped":0,"pct":100},"functions":{"total":37,"covered":37,"skipped":0,"pct":100},"statements":{"total":168,"covered":168,"skipped":0,"pct":100},"branches":{"total":202,"covered":181,"skipped":0,"pct":89.6}}
,"/Users/timheckel/Projects/node/roscoe/roscoe.sh/src/components/session-setup.tsx": {"lines":{"total":194,"covered":194,"skipped":0,"pct":100},"functions":{"total":42,"covered":42,"skipped":0,"pct":100},"statements":{"total":216,"covered":214,"skipped":0,"pct":99.07},"branches":{"total":226,"covered":202,"skipped":0,"pct":89.38}}
,"/Users/timheckel/Projects/node/roscoe/roscoe.sh/src/components/session-status-pane.tsx": {"lines":{"total":80,"covered":80,"skipped":0,"pct":100},"functions":{"total":18,"covered":18,"skipped":0,"pct":100},"statements":{"total":103,"covered":103,"skipped":0,"pct":100},"branches":{"total":108,"covered":103,"skipped":0,"pct":95.37}}
,"/Users/timheckel/Projects/node/roscoe/roscoe.sh/src/components/session-view.tsx": {"lines":{"total":311,"covered":310,"skipped":0,"pct":99.67},"functions":{"total":23,"covered":23,"skipped":0,"pct":100},"statements":{"total":329,"covered":323,"skipped":0,"pct":98.17},"branches":{"total":360,"covered":330,"skipped":0,"pct":91.66}}
,"/Users/timheckel/Projects/node/roscoe/roscoe.sh/src/components/status-bar.tsx": {"lines":{"total":5,"covered":5,"skipped":0,"pct":100},"functions":{"total":1,"covered":1,"skipped":0,"pct":100},"statements":{"total":5,"covered":5,"skipped":0,"pct":100},"branches":{"total":76,"covered":72,"skipped":0,"pct":94.73}}
,"/Users/timheckel/Projects/node/roscoe/roscoe.sh/src/components/suggestion-bar.tsx": {"lines":{"total":38,"covered":38,"skipped":0,"pct":100},"functions":{"total":10,"covered":10,"skipped":0,"pct":100},"statements":{"total":45,"covered":43,"skipped":0,"pct":95.55},"branches":{"total":237,"covered":216,"skipped":0,"pct":91.13}}
,"/Users/timheckel/Projects/node/roscoe/roscoe.sh/src/hooks/use-event-bridge.ts": {"lines":{"total":382,"covered":380,"skipped":0,"pct":99.47},"functions":{"total":43,"covered":43,"skipped":0,"pct":100},"statements":{"total":399,"covered":395,"skipped":0,"pct":98.99},"branches":{"total":272,"covered":247,"skipped":0,"pct":90.8}}
,"/Users/timheckel/Projects/node/roscoe/roscoe.sh/src/hooks/use-hosted-relay-wire.ts": {"lines":{"total":30,"covered":30,"skipped":0,"pct":100},"functions":{"total":9,"covered":9,"skipped":0,"pct":100},"statements":{"total":30,"covered":30,"skipped":0,"pct":100},"branches":{"total":25,"covered":25,"skipped":0,"pct":100}}
,"/Users/timheckel/Projects/node/roscoe/roscoe.sh/src/hooks/use-onboarding.ts": {"lines":{"total":80,"covered":80,"skipped":0,"pct":100},"functions":{"total":29,"covered":29,"skipped":0,"pct":100},"statements":{"total":94,"covered":94,"skipped":0,"pct":100},"branches":{"total":75,"covered":71,"skipped":0,"pct":94.66}}
,"/Users/timheckel/Projects/node/roscoe/roscoe.sh/src/hooks/use-sessions.ts": {"lines":{"total":9,"covered":9,"skipped":0,"pct":100},"functions":{"total":4,"covered":4,"skipped":0,"pct":100},"statements":{"total":9,"covered":9,"skipped":0,"pct":100},"branches":{"total":26,"covered":26,"skipped":0,"pct":100}}
,"/Users/timheckel/Projects/node/roscoe/roscoe.sh/src/hooks/use-sms-wire.ts": {"lines":{"total":20,"covered":20,"skipped":0,"pct":100},"functions":{"total":9,"covered":9,"skipped":0,"pct":100},"statements":{"total":22,"covered":22,"skipped":0,"pct":100},"branches":{"total":10,"covered":10,"skipped":0,"pct":100}}
,"/Users/timheckel/Projects/node/roscoe/roscoe.sh/src/hooks/use-terminal-size.ts": {"lines":{"total":8,"covered":8,"skipped":0,"pct":100},"functions":{"total":4,"covered":4,"skipped":0,"pct":100},"statements":{"total":8,"covered":8,"skipped":0,"pct":100},"branches":{"total":8,"covered":8,"skipped":0,"pct":100}}
,"/Users/timheckel/Projects/node/roscoe/roscoe.sh/src/services/session-manager.ts": {"lines":{"total":159,"covered":159,"skipped":0,"pct":100},"functions":{"total":19,"covered":19,"skipped":0,"pct":100},"statements":{"total":164,"covered":164,"skipped":0,"pct":100},"branches":{"total":151,"covered":149,"skipped":0,"pct":98.67}}
}
