TN:
SF:src/app.tsx
FN:36,createEntryId
FN:41,appendTimelineEntry
FN:48,setPreviewState
FN:72,clearPreviewUnlessQueued
FN:77,emptyUsage
FN:86,addUsage
FN:96,dropPendingLocalSuggestions
FN:97,(anonymous_7)
FN:103,getReturnSuggestionPhase
FN:104,(anonymous_9)
FN:119,mapLastLocalSuggestion
FN:136,commitLocalResponse
FN:183,isConversationTurnEntry
FN:187,formatLaneScopeLabel
FN:193,getRunningLaneTurnSignal
FN:195,(anonymous_15)
FN:196,(anonymous_16)
FN:200,(anonymous_17)
FN:205,getBackgroundLaneSessions
FN:209,(anonymous_19)
FN:218,(anonymous_20)
FN:222,appReducer
FN:447,(anonymous_22)
FN:588,(anonymous_23)
FN:618,(anonymous_24)
FN:638,(anonymous_25)
FN:779,useAppContext
FN:798,App
FN:826,(anonymous_28)
FN:828,(anonymous_29)
FN:832,(anonymous_30)
FN:836,(anonymous_31)
FN:836,(anonymous_32)
FN:840,(anonymous_33)
FN:840,(anonymous_34)
FN:849,(anonymous_35)
FN:853,(anonymous_36)
FN:860,(anonymous_37)
FN:865,(anonymous_38)
FN:870,(anonymous_39)
FN:871,(anonymous_40)
FN:879,(anonymous_41)
FNF:42
FNH:40
FNDA:44,createEntryId
FNDA:102,appendTimelineEntry
FNDA:5,setPreviewState
FNDA:13,clearPreviewUnlessQueued
FNDA:1,emptyUsage
FNDA:32,addUsage
FNDA:32,dropPendingLocalSuggestions
FNDA:191,(anonymous_7)
FNDA:2,getReturnSuggestionPhase
FNDA:1,(anonymous_9)
FNDA:4,mapLastLocalSuggestion
FNDA:29,commitLocalResponse
FNDA:445,isConversationTurnEntry
FNDA:379,formatLaneScopeLabel
FNDA:184,getRunningLaneTurnSignal
FNDA:381,(anonymous_15)
FNDA:380,(anonymous_16)
FNDA:380,(anonymous_17)
FNDA:185,getBackgroundLaneSessions
FNDA:487,(anonymous_19)
FNDA:418,(anonymous_20)
FNDA:568,appReducer
FNDA:1,(anonymous_22)
FNDA:1,(anonymous_23)
FNDA:1,(anonymous_24)
FNDA:1,(anonymous_25)
FNDA:182,useAppContext
FNDA:191,App
FNDA:13,(anonymous_28)
FNDA:182,(anonymous_29)
FNDA:182,(anonymous_30)
FNDA:182,(anonymous_31)
FNDA:377,(anonymous_32)
FNDA:182,(anonymous_33)
FNDA:377,(anonymous_34)
FNDA:13,(anonymous_35)
FNDA:175,(anonymous_36)
FNDA:182,(anonymous_37)
FNDA:13,(anonymous_38)
FNDA:0,(anonymous_39)
FNDA:0,(anonymous_40)
FNDA:49,(anonymous_41)
DA:32,5
DA:33,5
DA:34,5
DA:37,44
DA:38,44
DA:42,102
DA:53,5
DA:58,5
DA:59,1
DA:62,4
DA:73,13
DA:74,13
DA:78,1
DA:87,32
DA:88,32
DA:97,191
DA:98,32
DA:104,2
DA:105,2
DA:106,1
DA:109,1
DA:123,4
DA:125,4
DA:126,2
DA:127,2
DA:128,2
DA:129,2
DA:133,2
DA:142,29
DA:144,29
DA:145,26
DA:146,26
DA:148,26
DA:158,26
DA:159,3
DA:160,3
DA:162,23
DA:165,26
DA:172,3
DA:174,2
DA:184,445
DA:188,379
DA:194,184
DA:195,381
DA:197,380
DA:198,380
DA:200,380
DA:202,184
DA:209,487
DA:210,185
DA:211,79
DA:214,106
DA:215,1
DA:218,418
DA:219,105
DA:223,568
DA:225,2
DA:226,1
DA:229,2
DA:237,2
DA:245,2
DA:252,20
DA:253,20
DA:258,20
DA:266,5
DA:267,5
DA:268,5
DA:269,5
DA:270,4
DA:271,4
DA:273,5
DA:274,1
DA:283,4
DA:287,11
DA:290,34
DA:291,34
DA:292,33
DA:293,33
DA:294,33
DA:298,4
DA:299,4
DA:300,3
DA:301,3
DA:304,4
DA:305,4
DA:306,4
DA:310,37
DA:311,37
DA:312,36
DA:313,36
DA:314,36
DA:318,34
DA:319,34
DA:320,33
DA:321,33
DA:326,33
DA:330,31
DA:331,31
DA:332,30
DA:333,29
DA:334,29
DA:338,29
DA:342,30
DA:343,30
DA:344,29
DA:345,29
DA:351,29
DA:360,29
DA:361,29
DA:365,4
DA:366,4
DA:367,3
DA:368,3
DA:374,3
DA:381,3
DA:382,3
DA:386,10
DA:387,10
DA:388,9
DA:389,9
DA:395,9
DA:399,5
DA:400,5
DA:401,4
DA:402,4
DA:408,4
DA:412,12
DA:413,12
DA:414,11
DA:415,1
DA:416,1
DA:420,1
DA:424,3
DA:425,3
DA:426,2
DA:427,1
DA:428,1
DA:436,1
DA:440,3
DA:441,3
DA:442,2
DA:443,2
DA:447,1
DA:448,2
DA:452,6
DA:453,6
DA:454,5
DA:455,5
DA:458,6
DA:463,6
DA:464,6
DA:468,6
DA:469,6
DA:470,5
DA:471,4
DA:472,4
DA:476,6
DA:480,2
DA:483,2
DA:484,2
DA:485,1
DA:486,1
DA:487,1
DA:491,4
DA:492,4
DA:493,3
DA:494,3
DA:495,3
DA:499,2
DA:500,2
DA:501,1
DA:502,1
DA:508,1
DA:512,8
DA:513,8
DA:514,7
DA:515,7
DA:516,7
DA:520,72
DA:521,72
DA:522,71
DA:523,71
DA:534,72
DA:538,33
DA:539,33
DA:540,32
DA:541,32
DA:545,32
DA:549,2
DA:550,2
DA:551,1
DA:552,1
DA:556,1
DA:560,14
DA:561,14
DA:562,14
DA:563,14
DA:564,14
DA:565,14
DA:573,14
DA:577,62
DA:578,62
DA:579,61
DA:580,61
DA:581,61
DA:585,3
DA:586,3
DA:587,2
DA:588,2
DA:589,2
DA:593,3
DA:594,3
DA:595,2
DA:596,2
DA:597,2
DA:601,70
DA:602,70
DA:603,69
DA:604,69
DA:611,70
DA:615,3
DA:616,3
DA:617,2
DA:618,3
DA:619,1
DA:621,1
DA:622,1
DA:626,1
DA:630,4
DA:631,4
DA:632,3
DA:633,4
DA:634,2
DA:635,2
DA:638,1
DA:641,4
DA:645,2
DA:646,2
DA:647,1
DA:648,1
DA:649,1
DA:653,3
DA:654,3
DA:655,2
DA:656,2
DA:657,2
DA:662,2
DA:666,2
DA:667,2
DA:668,1
DA:669,1
DA:674,1
DA:678,2
DA:679,2
DA:680,2
DA:681,2
DA:682,1
DA:684,1
DA:685,1
DA:690,2
DA:694,4
DA:695,4
DA:696,4
DA:697,4
DA:698,1
DA:700,3
DA:701,3
DA:706,4
DA:710,2
DA:711,2
DA:712,2
DA:713,1
DA:715,1
DA:716,1
DA:717,1
DA:721,5
DA:722,5
DA:723,4
DA:724,1
DA:727,3
DA:728,3
DA:734,3
DA:740,5
DA:741,3
DA:752,3
DA:760,3
DA:761,3
DA:765,1
DA:777,5
DA:780,182
DA:808,191
DA:826,191
DA:827,191
DA:828,182
DA:831,191
DA:832,182
DA:835,191
DA:836,377
DA:839,191
DA:840,377
DA:843,191
DA:845,191
DA:846,191
DA:847,191
DA:849,191
DA:850,13
DA:853,191
DA:854,175
DA:855,453
DA:859,191
DA:860,182
DA:864,191
DA:865,13
DA:870,0
DA:871,0
DA:879,49
DA:887,191
LF:317
LH:315
BRDA:51,0,0,5
BRDA:58,1,0,1
BRDA:58,1,1,4
BRDA:58,2,0,5
BRDA:58,2,1,4
BRDA:58,2,2,4
BRDA:58,2,3,4
BRDA:68,3,0,4
BRDA:68,3,1,3
BRDA:74,4,0,1
BRDA:74,4,1,12
BRDA:87,5,0,32
BRDA:87,5,1,1
BRDA:97,6,0,191
BRDA:97,6,1,9
BRDA:98,7,0,29
BRDA:98,7,1,3
BRDA:105,8,0,1
BRDA:105,8,1,1
BRDA:105,9,0,2
BRDA:105,9,1,1
BRDA:127,10,0,2
BRDA:127,10,1,0
BRDA:140,11,0,29
BRDA:146,12,0,0
BRDA:146,12,1,26
BRDA:149,13,0,3
BRDA:149,13,1,23
BRDA:152,14,0,26
BRDA:152,14,1,9
BRDA:154,15,0,3
BRDA:154,15,1,23
BRDA:155,16,0,3
BRDA:155,16,1,23
BRDA:158,17,0,3
BRDA:158,17,1,23
BRDA:168,18,0,25
BRDA:168,18,1,1
BRDA:172,19,0,1
BRDA:172,19,1,2
BRDA:184,20,0,445
BRDA:184,20,1,311
BRDA:184,20,2,182
BRDA:188,21,0,378
BRDA:188,21,1,1
BRDA:198,22,0,339
BRDA:198,22,1,41
BRDA:202,23,0,156
BRDA:202,23,1,28
BRDA:210,24,0,79
BRDA:210,24,1,106
BRDA:214,25,0,1
BRDA:214,25,1,105
BRDA:219,26,0,105
BRDA:219,26,1,0
BRDA:223,27,0,2
BRDA:223,27,1,2
BRDA:223,27,2,2
BRDA:223,27,3,2
BRDA:223,27,4,20
BRDA:223,27,5,5
BRDA:223,27,6,11
BRDA:223,27,7,34
BRDA:223,27,8,4
BRDA:223,27,9,37
BRDA:223,27,10,34
BRDA:223,27,11,31
BRDA:223,27,12,30
BRDA:223,27,13,4
BRDA:223,27,14,10
BRDA:223,27,15,5
BRDA:223,27,16,12
BRDA:223,27,17,3
BRDA:223,27,18,3
BRDA:223,27,19,6
BRDA:223,27,20,6
BRDA:223,27,21,2
BRDA:223,27,22,2
BRDA:223,27,23,4
BRDA:223,27,24,2
BRDA:223,27,25,8
BRDA:223,27,26,72
BRDA:223,27,27,33
BRDA:223,27,28,2
BRDA:223,27,29,14
BRDA:223,27,30,62
BRDA:223,27,31,3
BRDA:223,27,32,3
BRDA:223,27,33,70
BRDA:223,27,34,3
BRDA:223,27,35,4
BRDA:223,27,36,2
BRDA:223,27,37,3
BRDA:223,27,38,2
BRDA:223,27,39,2
BRDA:223,27,40,4
BRDA:223,27,41,2
BRDA:223,27,42,5
BRDA:223,27,43,1
BRDA:225,28,0,1
BRDA:225,28,1,1
BRDA:233,29,0,2
BRDA:233,29,1,1
BRDA:241,30,0,2
BRDA:241,30,1,1
BRDA:247,31,0,2
BRDA:247,31,1,1
BRDA:255,32,0,20
BRDA:255,32,1,0
BRDA:256,33,0,20
BRDA:256,33,1,3
BRDA:261,34,0,20
BRDA:261,34,1,16
BRDA:269,35,0,4
BRDA:269,35,1,1
BRDA:271,36,0,1
BRDA:271,36,1,3
BRDA:273,37,0,1
BRDA:273,37,1,4
BRDA:273,38,0,5
BRDA:273,38,1,3
BRDA:291,39,0,1
BRDA:291,39,1,33
BRDA:299,40,0,1
BRDA:299,40,1,3
BRDA:301,41,0,1
BRDA:301,41,1,2
BRDA:311,42,0,1
BRDA:311,42,1,36
BRDA:319,43,0,1
BRDA:319,43,1,33
BRDA:331,44,0,1
BRDA:331,44,1,30
BRDA:332,45,0,1
BRDA:332,45,1,29
BRDA:343,46,0,1
BRDA:343,46,1,29
BRDA:366,47,0,1
BRDA:366,47,1,3
BRDA:387,48,0,1
BRDA:387,48,1,9
BRDA:400,49,0,1
BRDA:400,49,1,4
BRDA:413,50,0,1
BRDA:413,50,1,11
BRDA:414,51,0,10
BRDA:414,51,1,1
BRDA:425,52,0,1
BRDA:425,52,1,2
BRDA:426,53,0,1
BRDA:426,53,1,1
BRDA:441,54,0,1
BRDA:441,54,1,2
BRDA:453,55,0,1
BRDA:453,55,1,5
BRDA:455,56,0,4
BRDA:455,56,1,1
BRDA:455,57,0,5
BRDA:455,57,1,2
BRDA:455,57,2,2
BRDA:469,58,0,1
BRDA:469,58,1,5
BRDA:470,59,0,1
BRDA:470,59,1,4
BRDA:470,60,0,5
BRDA:470,60,1,4
BRDA:474,61,0,4
BRDA:474,61,1,2
BRDA:484,62,0,1
BRDA:484,62,1,1
BRDA:492,63,0,1
BRDA:492,63,1,3
BRDA:500,64,0,1
BRDA:500,64,1,1
BRDA:513,65,0,1
BRDA:513,65,1,7
BRDA:521,66,0,1
BRDA:521,66,1,71
BRDA:526,67,0,33
BRDA:526,67,1,38
BRDA:528,68,0,34
BRDA:528,68,1,4
BRDA:530,69,0,2
BRDA:530,69,1,2
BRDA:531,70,0,2
BRDA:531,70,1,1
BRDA:539,71,0,1
BRDA:539,71,1,32
BRDA:550,72,0,1
BRDA:550,72,1,1
BRDA:561,73,0,0
BRDA:561,73,1,14
BRDA:563,74,0,14
BRDA:563,74,1,13
BRDA:567,75,0,2
BRDA:567,75,1,12
BRDA:568,76,0,3
BRDA:568,76,1,11
BRDA:568,77,0,14
BRDA:568,77,1,12
BRDA:578,78,0,1
BRDA:578,78,1,61
BRDA:586,79,0,1
BRDA:586,79,1,2
BRDA:594,80,0,1
BRDA:594,80,1,2
BRDA:602,81,0,1
BRDA:602,81,1,69
BRDA:609,82,0,69
BRDA:609,82,1,1
BRDA:616,83,0,1
BRDA:616,83,1,2
BRDA:617,84,0,2
BRDA:617,84,1,0
BRDA:618,85,0,1
BRDA:618,85,1,2
BRDA:631,86,0,1
BRDA:631,86,1,3
BRDA:632,87,0,3
BRDA:632,87,1,0
BRDA:633,88,0,1
BRDA:633,88,1,3
BRDA:637,89,0,1
BRDA:637,89,1,1
BRDA:646,90,0,1
BRDA:646,90,1,1
BRDA:654,91,0,1
BRDA:654,91,1,2
BRDA:667,92,0,1
BRDA:667,92,1,1
BRDA:679,93,0,0
BRDA:679,93,1,2
BRDA:681,94,0,1
BRDA:681,94,1,1
BRDA:681,95,0,2
BRDA:681,95,1,1
BRDA:681,95,2,1
BRDA:681,96,0,1
BRDA:681,96,1,1
BRDA:688,97,0,1
BRDA:688,97,1,1
BRDA:695,98,0,0
BRDA:695,98,1,4
BRDA:697,99,0,1
BRDA:697,99,1,3
BRDA:697,100,0,4
BRDA:697,100,1,1
BRDA:697,100,2,1
BRDA:697,101,0,1
BRDA:697,101,1,0
BRDA:704,102,0,3
BRDA:704,102,1,2
BRDA:711,103,0,0
BRDA:711,103,1,2
BRDA:712,104,0,1
BRDA:712,104,1,1
BRDA:722,105,0,1
BRDA:722,105,1,4
BRDA:723,106,0,1
BRDA:723,106,1,3
BRDA:734,107,0,3
BRDA:734,107,1,2
BRDA:734,107,2,1
BRDA:734,107,3,0
BRDA:734,107,4,0
BRDA:740,108,0,3
BRDA:740,108,1,2
BRDA:747,109,0,1
BRDA:747,109,1,2
BRDA:799,110,0,191
BRDA:803,111,0,191
BRDA:815,112,0,0
BRDA:815,112,1,191
BRDA:815,113,0,191
BRDA:815,113,1,191
BRDA:815,113,2,191
BRDA:817,114,0,0
BRDA:817,114,1,0
BRDA:818,115,0,0
BRDA:818,115,1,0
BRDA:819,116,0,0
BRDA:819,116,1,0
BRDA:843,117,0,191
BRDA:843,117,1,0
BRDA:873,118,0,0
BRDA:873,118,1,0
BRDA:891,119,0,191
BRDA:891,119,1,0
BRDA:900,120,0,191
BRDA:900,120,1,0
BRDA:901,121,0,191
BRDA:901,121,1,0
BRDA:903,122,0,0
BRDA:903,122,1,0
BRDA:907,123,0,191
BRDA:907,123,1,191
BRDA:908,124,0,191
BRDA:908,124,1,0
BRDA:910,125,0,0
BRDA:910,125,1,0
BRDA:912,126,0,0
BRDA:912,126,1,0
BRDA:913,127,0,0
BRDA:913,127,1,0
BRDA:914,128,0,0
BRDA:914,128,1,0
BRDA:915,129,0,0
BRDA:915,129,1,0
BRF:308
BRH:269
end_of_record
TN:
SF:src/browser-agent.ts
FN:42,(anonymous_0)
FN:50,(anonymous_1)
FN:51,(anonymous_2)
FN:60,(anonymous_3)
FN:75,(anonymous_4)
FN:83,(anonymous_5)
FN:88,(anonymous_6)
FN:95,(anonymous_7)
FN:100,(anonymous_8)
FN:113,(anonymous_9)
FN:117,(anonymous_10)
FN:121,(anonymous_11)
FN:126,(anonymous_12)
FN:135,(anonymous_13)
FN:152,(anonymous_14)
FN:161,(anonymous_15)
FN:189,(anonymous_16)
FN:193,(anonymous_17)
FN:201,interpolateEnv
FN:202,(anonymous_19)
FNF:20
FNH:20
FNDA:22,(anonymous_0)
FNDA:23,(anonymous_1)
FNDA:23,(anonymous_2)
FNDA:23,(anonymous_3)
FNDA:11,(anonymous_4)
FNDA:7,(anonymous_5)
FNDA:2,(anonymous_6)
FNDA:2,(anonymous_7)
FNDA:9,(anonymous_8)
FNDA:3,(anonymous_9)
FNDA:4,(anonymous_10)
FNDA:1,(anonymous_11)
FNDA:2,(anonymous_12)
FNDA:3,(anonymous_13)
FNDA:2,(anonymous_14)
FNDA:3,(anonymous_15)
FNDA:2,(anonymous_16)
FNDA:2,(anonymous_17)
FNDA:6,interpolateEnv
FNDA:1,(anonymous_19)
DA:6,1
DA:7,1
DA:43,22
DA:44,22
DA:45,22
DA:46,1
DA:51,23
DA:52,23
DA:61,23
DA:62,1
DA:67,1
DA:69,22
DA:76,11
DA:77,11
DA:79,1
DA:84,7
DA:85,6
DA:89,2
DA:90,2
DA:91,2
DA:92,2
DA:96,2
DA:97,2
DA:105,9
DA:106,9
DA:107,5
DA:109,9
DA:110,9
DA:114,3
DA:118,4
DA:122,1
DA:123,1
DA:127,2
DA:128,2
DA:136,3
DA:138,3
DA:139,10
DA:141,10
DA:143,1
DA:144,1
DA:146,4
DA:147,4
DA:149,3
DA:150,3
DA:152,2
DA:153,2
DA:162,3
DA:164,3
DA:165,3
DA:166,2
DA:168,1
DA:171,3
DA:172,3
DA:173,2
DA:174,2
DA:175,2
DA:176,21
DA:178,2
DA:179,1
DA:186,3
DA:190,2
DA:194,2
DA:202,6
DA:203,1
LF:64
LH:64
BRDA:43,0,0,22
BRDA:43,0,1,1
BRDA:45,1,0,1
BRDA:45,1,1,21
BRDA:61,2,0,1
BRDA:61,2,1,22
BRDA:89,3,0,2
BRDA:89,3,1,1
BRDA:106,4,0,5
BRDA:106,4,1,4
BRDA:139,5,0,6
BRDA:139,5,1,4
BRDA:141,6,0,1
BRDA:141,6,1,4
BRDA:141,6,2,3
BRDA:141,6,3,2
BRDA:143,7,0,1
BRDA:143,7,1,0
BRDA:146,8,0,3
BRDA:146,8,1,1
BRDA:146,9,0,4
BRDA:146,9,1,3
BRDA:149,10,0,2
BRDA:149,10,1,1
BRDA:152,11,0,2
BRDA:152,11,1,1
BRDA:173,12,0,2
BRDA:173,12,1,0
BRDA:178,13,0,1
BRDA:178,13,1,1
BRDA:203,14,0,1
BRDA:203,14,1,0
BRF:32
BRH:29
end_of_record
TN:
SF:src/config.ts
FN:259,resetConfigCachesForTests
FN:266,resolveExistingPath
FN:272,getRegistryDir
FN:276,getLegacyRegistryDir
FN:280,getRegistryPath
FN:284,getLegacyRegistryPath
FN:288,getExistingRegistryPath
FN:292,getSettingsPath
FN:296,getLegacySettingsPath
FN:300,getExistingSettingsPath
FN:304,resolveProjectRoot
FN:324,getProjectMemoryDir
FN:328,getLegacyProjectMemoryDir
FN:332,resolveProjectMemoryDir
FN:339,getProjectContextPath
FN:343,getLegacyProjectContextPath
FN:347,getExistingProjectContextPath
FN:354,getProjectHistoryDir
FN:358,getLegacyProjectHistoryDir
FN:362,getExistingProjectHistoryDir
FN:369,getProjectSessionsPath
FN:373,getLegacyProjectSessionsPath
FN:377,getExistingProjectSessionsPath
FN:384,copyDirectoryContents
FN:403,ensureCanonicalProjectStorage
FN:429,isEphemeralE2eProject
FN:433,sanitizeRegistryProjects
FN:454,(anonymous_27)
FN:457,applyProviderSettingsToProfile
FN:472,loadProfile
FN:478,listProfiles
FN:480,(anonymous_31)
FN:481,(anonymous_32)
FN:484,loadAuthProfile
FN:490,listAuthProfiles
FN:493,(anonymous_35)
FN:494,(anonymous_36)
FN:497,loadProjectContext
FN:511,normalizeRuntimeControlSettings
FN:548,normalizeProjectRuntimeDefaults
FN:627,normalizeSmsNotificationSettings
FN:652,normalizeMessageHistory
FN:655,(anonymous_42)
FN:671,(anonymous_43)
FN:674,normalizeTranscriptEntry
FN:770,compactPendingSuggestions
FN:772,(anonymous_46)
FN:782,(anonymous_47)
FN:787,normalizeTranscript
FN:790,(anonymous_49)
FN:791,(anonymous_50)
FN:795,normalizeLaneSessionRecord
FN:857,normalizeLaneSessionRecords
FN:871,(anonymous_53)
FN:874,normalizeClaudeProviderSettings
FN:886,normalizeCodexProviderSettings
FN:896,normalizeGeminiProviderSettings
FN:905,normalizeProviderSettings
FN:916,normalizeBehaviorSettings
FN:927,normalizeRoscoeSettings
FN:938,loadRoscoeSettings
FN:951,saveRoscoeSettings
FN:958,ensureHostedRelayClientId
FN:975,saveProjectContext
FN:986,normalizeStringArray
FN:988,(anonymous_65)
FN:991,normalizePendingOperatorMessages
FN:994,(anonymous_67)
FN:1012,(anonymous_68)
FN:1015,normalizeIsoTimestamp
FN:1021,normalizeRuntimeUsageSnapshot
FN:1025,(anonymous_71)
FN:1036,normalizeRuntimeRateLimitStatus
FN:1049,normalizePreviewState
FN:1061,normalizeInterviewAnswers
FN:1064,(anonymous_75)
FN:1079,(anonymous_76)
FN:1082,normalizeQuestionRecords
FN:1085,(anonymous_78)
FN:1100,(anonymous_79)
FN:1103,normalizeDeliveryPillars
FN:1115,defaultArchitecturePrinciples
FN:1122,truncateContractText
FN:1128,inferUiProject
FN:1142,extractFirstCommand
FN:1160,extractFirstUrl
FN:1170,deriveEntrySurfaceContract
FN:1196,deriveLocalRunContract
FN:1270,normalizeEntrySurfaceContract
FN:1290,normalizeLocalRunContract
FN:1324,normalizeAcceptanceEvidenceStatus
FN:1328,buildDefaultAcceptanceLedger
FN:1335,(anonymous_92)
FN:1337,(anonymous_93)
FN:1345,determineAcceptanceLedgerMode
FN:1361,(anonymous_95)
FN:1376,normalizeAcceptanceLedger
FN:1386,(anonymous_97)
FN:1397,(anonymous_98)
FN:1406,stableSerialize
FN:1408,(anonymous_100)
FN:1412,(anonymous_101)
FN:1417,hashString
FN:1426,normalizeIntentBrief
FN:1480,normalizeProjectContext
FN:1500,getProjectContractFingerprint
FN:1514,normalizeHistoryRecord
FN:1561,saveProjectHistory
FN:1577,listProjectHistory
FN:1584,(anonymous_109)
FN:1585,(anonymous_110)
FN:1593,(anonymous_111)
FN:1594,(anonymous_112)
FN:1599,loadRegistry
FN:1612,saveRegistry
FN:1619,registerProject
FN:1622,(anonymous_116)
FN:1639,listRegisteredProjects
FN:1642,(anonymous_118)
FN:1651,getProjectByName
FN:1652,(anonymous_120)
FN:1655,updateProjectLastActive
FN:1658,(anonymous_122)
FN:1665,buildLaneSessionKey
FN:1681,listLaneSessions
FN:1702,loadLaneSession
FN:1709,(anonymous_126)
FN:1712,saveLaneSession
FN:1719,(anonymous_128)
FN:1726,(anonymous_129)
FNF:130
FNH:129
FNDA:75,resetConfigCachesForTests
FNDA:2192,resolveExistingPath
FNDA:1178,getRegistryDir
FNDA:1086,getLegacyRegistryDir
FNDA:56,getRegistryPath
FNDA:25,getLegacyRegistryPath
FNDA:25,getExistingRegistryPath
FNDA:1101,getSettingsPath
FNDA:1061,getLegacySettingsPath
FNDA:1061,getExistingSettingsPath
FNDA:1174,resolveProjectRoot
FNDA:2103,getProjectMemoryDir
FNDA:1109,getLegacyProjectMemoryDir
FNDA:10,resolveProjectMemoryDir
FNDA:608,getProjectContextPath
FNDA:601,getLegacyProjectContextPath
FNDA:601,getExistingProjectContextPath
FNDA:23,getProjectHistoryDir
FNDA:13,getLegacyProjectHistoryDir
FNDA:13,getExistingProjectHistoryDir
FNDA:938,getProjectSessionsPath
FNDA:482,getLegacyProjectSessionsPath
FNDA:482,getExistingProjectSessionsPath
FNDA:7,copyDirectoryContents
FNDA:3242,ensureCanonicalProjectStorage
FNDA:27,isEphemeralE2eProject
FNDA:26,sanitizeRegistryProjects
FNDA:2,(anonymous_27)
FNDA:1,applyProviderSettingsToProfile
FNDA:2,loadProfile
FNDA:2,listProfiles
FNDA:3,(anonymous_31)
FNDA:2,(anonymous_32)
FNDA:1,loadAuthProfile
FNDA:2,listAuthProfiles
FNDA:2,(anonymous_35)
FNDA:1,(anonymous_36)
FNDA:601,loadProjectContext
FNDA:19,normalizeRuntimeControlSettings
FNDA:1099,normalizeProjectRuntimeDefaults
FNDA:1064,normalizeSmsNotificationSettings
FNDA:12,normalizeMessageHistory
FNDA:4,(anonymous_42)
FNDA:4,(anonymous_43)
FNDA:21,normalizeTranscriptEntry
FNDA:12,compactPendingSuggestions
FNDA:10,(anonymous_46)
FNDA:2,(anonymous_47)
FNDA:12,normalizeTranscript
FNDA:21,(anonymous_49)
FNDA:21,(anonymous_50)
FNDA:13,normalizeLaneSessionRecord
FNDA:13,normalizeLaneSessionRecords
FNDA:0,(anonymous_53)
FNDA:1064,normalizeClaudeProviderSettings
FNDA:1064,normalizeCodexProviderSettings
FNDA:1064,normalizeGeminiProviderSettings
FNDA:1064,normalizeProviderSettings
FNDA:1064,normalizeBehaviorSettings
FNDA:1064,normalizeRoscoeSettings
FNDA:1061,loadRoscoeSettings
FNDA:3,saveRoscoeSettings
FNDA:2,ensureHostedRelayClientId
FNDA:33,saveProjectContext
FNDA:39588,normalizeStringArray
FNDA:42416,(anonymous_65)
FNDA:12,normalizePendingOperatorMessages
FNDA:4,(anonymous_67)
FNDA:4,(anonymous_68)
FNDA:12,normalizeIsoTimestamp
FNDA:12,normalizeRuntimeUsageSnapshot
FNDA:48,(anonymous_71)
FNDA:12,normalizeRuntimeRateLimitStatus
FNDA:12,normalizePreviewState
FNDA:1106,normalizeInterviewAnswers
FNDA:127,(anonymous_75)
FNDA:127,(anonymous_76)
FNDA:7,normalizeQuestionRecords
FNDA:3,(anonymous_78)
FNDA:3,(anonymous_79)
FNDA:1102,normalizeDeliveryPillars
FNDA:127,defaultArchitecturePrinciples
FNDA:23,truncateContractText
FNDA:1243,inferUiProject
FNDA:23,extractFirstCommand
FNDA:23,extractFirstUrl
FNDA:1102,deriveEntrySurfaceContract
FNDA:1102,deriveLocalRunContract
FNDA:1102,normalizeEntrySurfaceContract
FNDA:1102,normalizeLocalRunContract
FNDA:5702,normalizeAcceptanceEvidenceStatus
FNDA:1238,buildDefaultAcceptanceLedger
FNDA:6186,(anonymous_92)
FNDA:6186,(anonymous_93)
FNDA:1102,determineAcceptanceLedgerMode
FNDA:4,(anonymous_95)
FNDA:1102,normalizeAcceptanceLedger
FNDA:5704,(anonymous_97)
FNDA:5704,(anonymous_98)
FNDA:168847,stableSerialize
FNDA:44563,(anonymous_100)
FNDA:122667,(anonymous_101)
FNDA:477,hashString
FNDA:1102,normalizeIntentBrief
FNDA:1099,normalizeProjectContext
FNDA:478,getProjectContractFingerprint
FNDA:10,normalizeHistoryRecord
FNDA:10,saveProjectHistory
FNDA:13,listProjectHistory
FNDA:11,(anonymous_109)
FNDA:11,(anonymous_110)
FNDA:11,(anonymous_111)
FNDA:1,(anonymous_112)
FNDA:25,loadRegistry
FNDA:18,saveRegistry
FNDA:15,registerProject
FNDA:1,(anonymous_116)
FNDA:5,listRegisteredProjects
FNDA:1,(anonymous_118)
FNDA:3,getProjectByName
FNDA:3,(anonymous_120)
FNDA:2,updateProjectLastActive
FNDA:2,(anonymous_122)
FNDA:486,buildLaneSessionKey
FNDA:482,listLaneSessions
FNDA:18,loadLaneSession
FNDA:9,(anonymous_126)
FNDA:456,saveLaneSession
FNDA:440,(anonymous_128)
FNDA:1,(anonymous_129)
DA:245,17
DA:246,17
DA:247,17
DA:248,17
DA:249,17
DA:250,17
DA:251,17
DA:252,17
DA:254,17
DA:255,17
DA:256,17
DA:257,17
DA:260,75
DA:261,75
DA:262,75
DA:263,75
DA:267,2192
DA:268,120
DA:269,115
DA:273,1178
DA:277,1086
DA:281,56
DA:285,25
DA:289,25
DA:293,1101
DA:297,1061
DA:301,1061
DA:305,1174
DA:306,1174
DA:307,1174
DA:309,106
DA:310,106
DA:315,106
DA:316,1174
DA:317,1174
DA:319,103
DA:320,103
DA:325,2103
DA:329,1109
DA:333,10
DA:340,608
DA:344,601
DA:348,601
DA:355,23
DA:359,13
DA:363,13
DA:370,938
DA:374,482
DA:378,482
DA:385,7
DA:386,7
DA:388,7
DA:389,4
DA:390,4
DA:391,4
DA:392,1
DA:394,3
DA:395,3
DA:396,3
DA:397,3
DA:404,3242
DA:405,3242
DA:406,3242
DA:408,93
DA:409,93
DA:410,93
DA:411,93
DA:413,3
DA:414,3
DA:415,0
DA:418,3
DA:419,3
DA:420,3
DA:422,3
DA:423,3
DA:424,3
DA:426,3
DA:430,27
DA:434,26
DA:436,26
DA:437,31
DA:438,27
DA:439,27
DA:441,17
DA:448,31
DA:449,31
DA:450,17
DA:454,26
DA:461,1
DA:462,1
DA:469,1
DA:473,2
DA:474,2
DA:475,2
DA:479,2
DA:480,3
DA:481,2
DA:485,1
DA:486,1
DA:487,1
DA:491,2
DA:492,1
DA:493,2
DA:494,1
DA:498,601
DA:499,601
DA:500,601
DA:501,571
DA:502,570
DA:503,570
DA:504,570
DA:505,570
DA:506,23
DA:508,570
DA:512,19
DA:515,19
DA:517,19
DA:518,7
DA:520,19
DA:521,10
DA:523,19
DA:524,10
DA:526,19
DA:527,10
DA:529,19
DA:530,2
DA:532,19
DA:533,2
DA:535,19
DA:536,2
DA:538,19
DA:539,2
DA:541,19
DA:542,3
DA:545,19
DA:549,1099
DA:550,12
DA:551,12
DA:553,12
DA:554,9
DA:556,12
DA:557,6
DA:559,12
DA:560,6
DA:562,12
DA:563,5
DA:565,12
DA:566,5
DA:569,12
DA:572,1099
DA:573,12
DA:574,12
DA:575,36
DA:576,11
DA:579,12
DA:580,11
DA:584,12
DA:587,1099
DA:588,3
DA:589,3
DA:590,9
DA:591,2
DA:594,3
DA:595,2
DA:599,12
DA:602,1099
DA:603,6
DA:609,12
DA:610,3
DA:613,12
DA:614,3
DA:616,12
DA:617,2
DA:620,12
DA:621,3
DA:624,12
DA:628,1064
DA:632,1064
DA:635,1064
DA:653,12
DA:654,12
DA:656,4
DA:657,4
DA:658,4
DA:662,1
DA:665,3
DA:671,4
DA:675,21
DA:676,20
DA:677,20
DA:678,1
DA:681,19
DA:683,3
DA:684,2
DA:694,3
DA:700,1
DA:702,2
DA:712,4
DA:716,2
DA:718,2
DA:719,2
DA:737,2
DA:738,1
DA:747,3
DA:748,2
DA:757,2
DA:758,1
DA:766,2
DA:771,12
DA:772,12
DA:773,10
DA:774,2
DA:778,12
DA:779,11
DA:782,1
DA:783,2
DA:788,12
DA:789,12
DA:790,21
DA:791,21
DA:792,12
DA:796,13
DA:797,13
DA:798,13
DA:807,1
DA:810,12
DA:811,12
DA:812,12
DA:814,12
DA:858,13
DA:859,12
DA:861,12
DA:862,13
DA:863,13
DA:865,12
DA:866,12
DA:867,12
DA:871,12
DA:875,1064
DA:878,1064
DA:887,1064
DA:890,1064
DA:897,1064
DA:900,1064
DA:906,1064
DA:909,1064
DA:917,1064
DA:920,1064
DA:928,1064
DA:931,1064
DA:939,1061
DA:940,1061
DA:941,37
DA:944,1024
DA:945,1024
DA:947,1
DA:952,3
DA:953,3
DA:954,3
DA:955,3
DA:959,2
DA:960,2
DA:961,1
DA:964,1
DA:965,1
DA:972,1
DA:976,33
DA:977,33
DA:978,33
DA:979,33
DA:980,33
DA:987,39588
DA:988,42416
DA:992,12
DA:993,2
DA:995,4
DA:996,3
DA:997,3
DA:998,1
DA:1001,2
DA:1012,4
DA:1016,12
DA:1022,12
DA:1025,12
DA:1026,48
DA:1028,12
DA:1037,12
DA:1038,2
DA:1039,2
DA:1041,1
DA:1050,12
DA:1051,4
DA:1052,4
DA:1054,3
DA:1062,1106
DA:1063,993
DA:1065,127
DA:1066,126
DA:1067,126
DA:1068,126
DA:1079,127
DA:1083,7
DA:1084,7
DA:1086,3
DA:1087,2
DA:1088,2
DA:1089,2
DA:1090,2
DA:1100,3
DA:1104,1102
DA:1107,1102
DA:1116,127
DA:1123,23
DA:1124,23
DA:1125,1
DA:1129,1243
DA:1139,1243
DA:1143,23
DA:1149,23
DA:1150,114
DA:1151,442
DA:1152,442
DA:1153,5
DA:1157,18
DA:1161,23
DA:1162,129
DA:1163,129
DA:1164,1
DA:1167,22
DA:1177,1102
DA:1178,1102
DA:1179,141
DA:1181,23
DA:1188,1102
DA:1203,1102
DA:1204,1102
DA:1205,1102
DA:1206,964
DA:1207,2
DA:1217,962
DA:1220,138
DA:1227,1102
DA:1228,1102
DA:1229,1102
DA:1231,23
DA:1232,23
DA:1237,1102
DA:1238,1102
DA:1239,1102
DA:1241,1102
DA:1242,1
DA:1244,23
DA:1245,15
DA:1247,23
DA:1248,1
DA:1250,23
DA:1251,1
DA:1254,23
DA:1259,1102
DA:1271,1102
DA:1272,962
DA:1273,962
DA:1274,1102
DA:1275,1102
DA:1276,1102
DA:1278,1102
DA:1279,1
DA:1282,961
DA:1291,1102
DA:1292,965
DA:1293,965
DA:1294,1102
DA:1295,1102
DA:1296,1102
DA:1297,1102
DA:1298,1102
DA:1299,1102
DA:1301,1102
DA:1310,1
DA:1313,964
DA:1325,5702
DA:1332,1238
DA:1335,6186
DA:1337,6186
DA:1351,1102
DA:1352,971
DA:1355,131
DA:1356,128
DA:1359,3
DA:1362,4
DA:1363,4
DA:1370,2
DA:1373,1
DA:1381,1102
DA:1382,128
DA:1385,974
DA:1387,5704
DA:1388,5703
DA:1389,5703
DA:1390,5702
DA:1397,5704
DA:1399,974
DA:1400,8
DA:1403,966
DA:1407,168847
DA:1408,64146
DA:1410,104701
DA:1411,18615
DA:1412,122667
DA:1414,86086
DA:1418,477
DA:1419,477
DA:1420,1227910
DA:1421,1227910
DA:1423,477
DA:1430,1102
DA:1433,1102
DA:1436,1102
DA:1439,1102
DA:1442,1102
DA:1443,1102
DA:1444,1102
DA:1450,1102
DA:1481,1099
DA:1482,1099
DA:1483,1099
DA:1497,1099
DA:1501,478
DA:1502,477
DA:1503,477
DA:1511,478
DA:1515,10
DA:1516,9
DA:1517,9
DA:1525,1
DA:1528,8
DA:1531,10
DA:1539,1
DA:1542,7
DA:1562,10
DA:1563,10
DA:1564,10
DA:1565,10
DA:1566,10
DA:1567,10
DA:1578,13
DA:1579,13
DA:1580,13
DA:1581,8
DA:1583,8
DA:1584,11
DA:1586,11
DA:1587,11
DA:1588,11
DA:1590,1
DA:1593,11
DA:1594,1
DA:1600,25
DA:1601,25
DA:1602,12
DA:1603,12
DA:1604,12
DA:1608,1
DA:1613,18
DA:1614,18
DA:1615,18
DA:1616,18
DA:1620,15
DA:1621,15
DA:1622,15
DA:1623,15
DA:1625,15
DA:1626,1
DA:1627,1
DA:1629,14
DA:1636,15
DA:1640,5
DA:1641,5
DA:1642,5
DA:1643,1
DA:1644,1
DA:1646,2
DA:1648,5
DA:1652,3
DA:1656,2
DA:1657,2
DA:1658,2
DA:1659,2
DA:1660,1
DA:1661,1
DA:1671,486
DA:1672,486
DA:1673,486
DA:1682,482
DA:1683,482
DA:1684,482
DA:1686,460
DA:1687,460
DA:1688,460
DA:1689,460
DA:1690,443
DA:1693,17
DA:1694,17
DA:1695,17
DA:1696,17
DA:1698,4
DA:1708,18
DA:1709,18
DA:1713,456
DA:1714,456
DA:1715,456
DA:1716,456
DA:1717,456
DA:1718,456
DA:1719,456
DA:1720,456
DA:1726,456
DA:1727,456
DA:1728,456
DA:1729,456
DA:1734,1
LF:521
LH:520
BRDA:267,0,0,2072
BRDA:267,0,1,120
BRDA:268,1,0,5
BRDA:268,1,1,115
BRDA:273,2,0,1178
BRDA:273,2,1,0
BRDA:277,3,0,1086
BRDA:277,3,1,0
BRDA:289,4,0,25
BRDA:289,4,1,13
BRDA:301,5,0,1061
BRDA:301,5,1,37
BRDA:307,6,0,1068
BRDA:307,6,1,106
BRDA:315,7,0,3
BRDA:315,7,1,0
BRDA:333,8,0,10
BRDA:333,8,1,8
BRDA:385,9,0,0
BRDA:385,9,1,7
BRDA:386,10,0,1
BRDA:386,10,1,6
BRDA:391,11,0,1
BRDA:391,11,1,3
BRDA:395,12,0,1
BRDA:395,12,1,2
BRDA:396,13,0,3
BRDA:396,13,1,0
BRDA:406,14,0,3149
BRDA:406,14,1,93
BRDA:411,15,0,90
BRDA:411,15,1,3
BRDA:414,16,0,0
BRDA:414,16,1,3
BRDA:422,17,0,3
BRDA:422,17,1,0
BRDA:423,18,0,3
BRDA:423,18,1,0
BRDA:437,19,0,4
BRDA:437,19,1,27
BRDA:437,20,0,31
BRDA:437,20,1,29
BRDA:437,20,2,27
BRDA:439,21,0,10
BRDA:439,21,1,17
BRDA:442,22,0,17
BRDA:442,22,1,0
BRDA:444,23,0,17
BRDA:444,23,1,0
BRDA:445,24,0,17
BRDA:445,24,1,0
BRDA:449,25,0,17
BRDA:449,25,1,14
BRDA:449,26,0,31
BRDA:449,26,1,0
BRDA:491,27,0,1
BRDA:491,27,1,1
BRDA:500,28,0,30
BRDA:500,28,1,571
BRDA:501,29,0,1
BRDA:501,29,1,570
BRDA:505,30,0,23
BRDA:505,30,1,547
BRDA:512,31,0,19
BRDA:512,31,1,0
BRDA:512,32,0,19
BRDA:512,32,1,19
BRDA:517,33,0,7
BRDA:517,33,1,12
BRDA:517,34,0,19
BRDA:517,34,1,17
BRDA:520,35,0,10
BRDA:520,35,1,9
BRDA:520,36,0,19
BRDA:520,36,1,17
BRDA:523,37,0,10
BRDA:523,37,1,9
BRDA:523,38,0,19
BRDA:523,38,1,10
BRDA:526,39,0,10
BRDA:526,39,1,9
BRDA:526,40,0,19
BRDA:526,40,1,10
BRDA:529,41,0,2
BRDA:529,41,1,17
BRDA:529,42,0,19
BRDA:529,42,1,2
BRDA:532,43,0,2
BRDA:532,43,1,17
BRDA:532,44,0,19
BRDA:532,44,1,2
BRDA:535,45,0,2
BRDA:535,45,1,17
BRDA:535,46,0,19
BRDA:535,46,1,2
BRDA:538,47,0,2
BRDA:538,47,1,17
BRDA:541,48,0,3
BRDA:541,48,1,16
BRDA:549,49,0,1087
BRDA:549,49,1,12
BRDA:549,50,0,1099
BRDA:549,50,1,12
BRDA:553,51,0,9
BRDA:553,51,1,3
BRDA:556,52,0,6
BRDA:556,52,1,6
BRDA:559,53,0,6
BRDA:559,53,1,6
BRDA:562,54,0,5
BRDA:562,54,1,7
BRDA:562,55,0,12
BRDA:562,55,1,6
BRDA:565,56,0,5
BRDA:565,56,1,7
BRDA:565,57,0,12
BRDA:565,57,1,6
BRDA:569,58,0,12
BRDA:569,58,1,0
BRDA:569,59,0,12
BRDA:569,59,1,12
BRDA:572,60,0,12
BRDA:572,60,1,1087
BRDA:575,61,0,11
BRDA:575,61,1,25
BRDA:575,62,0,36
BRDA:575,62,1,12
BRDA:579,63,0,11
BRDA:579,63,1,1
BRDA:584,64,0,3
BRDA:584,64,1,9
BRDA:584,65,0,12
BRDA:584,65,1,3
BRDA:587,66,0,3
BRDA:587,66,1,1096
BRDA:590,67,0,2
BRDA:590,67,1,7
BRDA:590,68,0,9
BRDA:590,68,1,3
BRDA:594,69,0,2
BRDA:594,69,1,1
BRDA:599,70,0,7
BRDA:599,70,1,5
BRDA:599,71,0,12
BRDA:599,71,1,7
BRDA:602,72,0,6
BRDA:602,72,1,1093
BRDA:602,73,0,1099
BRDA:602,73,1,7
BRDA:602,73,2,7
BRDA:609,74,0,3
BRDA:609,74,1,9
BRDA:609,75,0,12
BRDA:609,75,1,9
BRDA:613,76,0,3
BRDA:613,76,1,9
BRDA:613,77,0,12
BRDA:613,77,1,11
BRDA:616,78,0,2
BRDA:616,78,1,10
BRDA:616,79,0,12
BRDA:616,79,1,12
BRDA:620,80,0,3
BRDA:620,80,1,9
BRDA:620,81,0,12
BRDA:620,81,1,11
BRDA:624,82,0,11
BRDA:624,82,1,1
BRDA:628,83,0,1025
BRDA:628,83,1,39
BRDA:628,84,0,1064
BRDA:628,84,1,1025
BRDA:632,85,0,1017
BRDA:632,85,1,47
BRDA:632,86,0,1064
BRDA:632,86,1,1064
BRDA:637,87,0,1022
BRDA:637,87,1,42
BRDA:642,88,0,1022
BRDA:642,88,1,42
BRDA:643,89,0,1021
BRDA:643,89,1,43
BRDA:644,90,0,1020
BRDA:644,90,1,44
BRDA:645,91,0,1020
BRDA:645,91,1,44
BRDA:646,92,0,1020
BRDA:646,92,1,44
BRDA:647,93,0,1020
BRDA:647,93,1,44
BRDA:648,94,0,1020
BRDA:648,94,1,44
BRDA:653,95,0,0
BRDA:653,95,1,12
BRDA:656,96,0,0
BRDA:656,96,1,4
BRDA:656,97,0,4
BRDA:656,97,1,4
BRDA:658,98,0,1
BRDA:658,98,1,3
BRDA:659,99,0,4
BRDA:659,99,1,1
BRDA:659,99,2,1
BRDA:659,99,3,3
BRDA:668,100,0,2
BRDA:668,100,1,1
BRDA:675,101,0,1
BRDA:675,101,1,20
BRDA:675,102,0,21
BRDA:675,102,1,21
BRDA:677,103,0,1
BRDA:677,103,1,19
BRDA:677,104,0,20
BRDA:677,104,1,20
BRDA:677,104,2,19
BRDA:681,105,0,19
BRDA:681,105,1,3
BRDA:681,105,2,4
BRDA:681,105,3,2
BRDA:681,105,4,3
BRDA:681,105,5,2
BRDA:681,105,6,2
BRDA:683,106,0,1
BRDA:683,106,1,2
BRDA:683,107,0,3
BRDA:683,107,1,2
BRDA:690,108,0,1
BRDA:690,108,1,1
BRDA:691,109,0,1
BRDA:691,109,1,1
BRDA:694,110,0,1
BRDA:694,110,1,2
BRDA:695,111,0,3
BRDA:695,111,1,3
BRDA:695,111,2,3
BRDA:695,111,3,3
BRDA:695,111,4,1
BRDA:712,112,0,2
BRDA:712,112,1,2
BRDA:713,113,0,4
BRDA:713,113,1,3
BRDA:713,113,2,2
BRDA:713,113,3,2
BRDA:713,113,4,2
BRDA:725,114,0,1
BRDA:725,114,1,1
BRDA:727,115,0,1
BRDA:727,115,1,0
BRDA:730,116,0,1
BRDA:730,116,1,1
BRDA:732,117,0,1
BRDA:732,117,1,0
BRDA:737,118,0,1
BRDA:737,118,1,1
BRDA:737,119,0,2
BRDA:737,119,1,1
BRDA:737,119,2,1
BRDA:747,120,0,1
BRDA:747,120,1,2
BRDA:747,121,0,3
BRDA:747,121,1,3
BRDA:747,121,2,3
BRDA:754,122,0,1
BRDA:754,122,1,1
BRDA:757,123,0,1
BRDA:757,123,1,1
BRDA:757,124,0,2
BRDA:757,124,1,2
BRDA:757,124,2,1
BRDA:762,125,0,1
BRDA:762,125,1,0
BRDA:773,126,0,2
BRDA:773,126,1,8
BRDA:773,127,0,10
BRDA:773,127,1,2
BRDA:778,128,0,11
BRDA:778,128,1,1
BRDA:783,129,0,2
BRDA:783,129,1,2
BRDA:783,129,2,2
BRDA:788,130,0,0
BRDA:788,130,1,12
BRDA:796,131,0,0
BRDA:796,131,1,13
BRDA:796,132,0,13
BRDA:796,132,1,13
BRDA:798,133,0,1
BRDA:798,133,1,12
BRDA:799,134,0,13
BRDA:799,134,1,12
BRDA:799,134,2,12
BRDA:799,134,3,12
BRDA:799,134,4,12
BRDA:799,134,5,12
BRDA:799,134,6,12
BRDA:822,135,0,12
BRDA:822,135,1,0
BRDA:823,136,0,12
BRDA:823,136,1,0
BRDA:826,137,0,12
BRDA:826,137,1,0
BRDA:828,138,0,12
BRDA:828,138,1,0
BRDA:828,139,0,13
BRDA:828,139,1,12
BRDA:834,140,0,4
BRDA:834,140,1,8
BRDA:835,141,0,0
BRDA:835,141,1,12
BRDA:836,142,0,0
BRDA:836,142,1,12
BRDA:837,143,0,0
BRDA:837,143,1,12
BRDA:837,144,0,13
BRDA:837,144,1,12
BRDA:837,144,2,12
BRDA:837,144,3,12
BRDA:837,144,4,12
BRDA:837,144,5,12
BRDA:837,144,6,12
BRDA:837,144,7,12
BRDA:837,144,8,12
BRDA:852,145,0,0
BRDA:852,145,1,12
BRDA:853,146,0,12
BRDA:853,146,1,0
BRDA:858,147,0,1
BRDA:858,147,1,12
BRDA:863,148,0,1
BRDA:863,148,1,12
BRDA:866,149,0,12
BRDA:866,149,1,0
BRDA:866,150,0,12
BRDA:866,150,1,1
BRDA:875,151,0,1020
BRDA:875,151,1,44
BRDA:875,152,0,1064
BRDA:875,152,1,1020
BRDA:887,153,0,1020
BRDA:887,153,1,44
BRDA:887,154,0,1064
BRDA:887,154,1,1020
BRDA:897,155,0,1020
BRDA:897,155,1,44
BRDA:897,156,0,1064
BRDA:897,156,1,1020
BRDA:906,157,0,1020
BRDA:906,157,1,44
BRDA:906,158,0,1064
BRDA:906,158,1,1020
BRDA:917,159,0,1020
BRDA:917,159,1,44
BRDA:917,160,0,1064
BRDA:917,160,1,1020
BRDA:928,161,0,1026
BRDA:928,161,1,38
BRDA:928,162,0,1064
BRDA:928,162,1,1026
BRDA:940,163,0,37
BRDA:940,163,1,1024
BRDA:954,164,0,1
BRDA:954,164,1,2
BRDA:960,165,0,1
BRDA:960,165,1,1
BRDA:978,166,0,6
BRDA:978,166,1,27
BRDA:987,167,0,2468
BRDA:987,167,1,37120
BRDA:988,168,0,42416
BRDA:988,168,1,42414
BRDA:992,169,0,10
BRDA:992,169,1,2
BRDA:995,170,0,1
BRDA:995,170,1,3
BRDA:995,171,0,4
BRDA:995,171,1,3
BRDA:997,172,0,1
BRDA:997,172,1,2
BRDA:997,173,0,3
BRDA:997,173,1,2
BRDA:1004,174,0,1
BRDA:1004,174,1,1
BRDA:1005,175,0,1
BRDA:1005,175,1,1
BRDA:1006,176,0,1
BRDA:1006,176,1,1
BRDA:1006,177,0,4
BRDA:1006,177,1,1
BRDA:1009,178,0,1
BRDA:1009,178,1,1
BRDA:1016,179,0,1
BRDA:1016,179,1,11
BRDA:1016,180,0,12
BRDA:1016,180,1,2
BRDA:1022,181,0,1
BRDA:1022,181,1,11
BRDA:1022,182,0,12
BRDA:1022,182,1,1
BRDA:1026,183,0,2
BRDA:1026,183,1,46
BRDA:1026,184,0,48
BRDA:1026,184,1,3
BRDA:1026,184,2,3
BRDA:1037,185,0,10
BRDA:1037,185,1,2
BRDA:1037,186,0,12
BRDA:1037,186,1,2
BRDA:1039,187,0,1
BRDA:1039,187,1,1
BRDA:1043,188,0,0
BRDA:1043,188,1,1
BRDA:1044,189,0,1
BRDA:1044,189,1,0
BRDA:1045,190,0,1
BRDA:1045,190,1,0
BRDA:1050,191,0,8
BRDA:1050,191,1,4
BRDA:1050,192,0,12
BRDA:1050,192,1,4
BRDA:1052,193,0,1
BRDA:1052,193,1,3
BRDA:1052,194,0,4
BRDA:1052,194,1,2
BRDA:1056,195,0,2
BRDA:1056,195,1,1
BRDA:1057,196,0,1
BRDA:1057,196,1,2
BRDA:1062,197,0,113
BRDA:1062,197,1,993
BRDA:1065,198,0,1
BRDA:1065,198,1,126
BRDA:1065,199,0,127
BRDA:1065,199,1,126
BRDA:1067,200,0,0
BRDA:1067,200,1,126
BRDA:1067,201,0,126
BRDA:1067,201,1,126
BRDA:1071,202,0,125
BRDA:1071,202,1,1
BRDA:1072,203,0,11
BRDA:1072,203,1,115
BRDA:1072,204,0,127
BRDA:1072,204,1,125
BRDA:1073,205,0,11
BRDA:1073,205,1,115
BRDA:1076,206,0,10
BRDA:1076,206,1,116
BRDA:1083,207,0,0
BRDA:1083,207,1,7
BRDA:1086,208,0,1
BRDA:1086,208,1,2
BRDA:1086,209,0,3
BRDA:1086,209,1,2
BRDA:1088,210,0,0
BRDA:1088,210,1,2
BRDA:1093,211,0,0
BRDA:1093,211,1,2
BRDA:1094,212,0,0
BRDA:1094,212,1,2
BRDA:1095,213,0,2
BRDA:1095,213,1,0
BRDA:1095,214,0,3
BRDA:1095,214,1,1
BRDA:1104,215,0,992
BRDA:1104,215,1,110
BRDA:1104,216,0,1102
BRDA:1104,216,1,992
BRDA:1122,217,0,23
BRDA:1124,218,0,22
BRDA:1124,218,1,1
BRDA:1130,219,0,1243
BRDA:1130,219,1,2
BRDA:1134,220,0,1037
BRDA:1134,220,1,206
BRDA:1135,221,0,1239
BRDA:1135,221,1,4
BRDA:1152,222,0,5
BRDA:1152,222,1,437
BRDA:1163,223,0,1
BRDA:1163,223,1,128
BRDA:1178,224,0,961
BRDA:1178,224,1,141
BRDA:1179,225,0,118
BRDA:1179,225,1,23
BRDA:1182,226,0,23
BRDA:1182,226,1,1
BRDA:1182,226,2,1
BRDA:1182,226,3,1
BRDA:1205,227,0,964
BRDA:1205,227,1,138
BRDA:1206,228,0,2
BRDA:1206,228,1,962
BRDA:1206,229,0,964
BRDA:1206,229,1,962
BRDA:1210,230,0,2
BRDA:1210,230,1,1
BRDA:1213,231,0,2
BRDA:1213,231,1,1
BRDA:1221,232,0,136
BRDA:1221,232,1,2
BRDA:1228,233,0,1102
BRDA:1228,233,1,116
BRDA:1229,234,0,115
BRDA:1229,234,1,987
BRDA:1232,235,0,4
BRDA:1232,235,1,19
BRDA:1234,236,0,18
BRDA:1234,236,1,1
BRDA:1237,237,0,1102
BRDA:1237,237,1,22
BRDA:1237,238,0,21
BRDA:1237,238,1,1
BRDA:1241,239,0,1
BRDA:1241,239,1,1101
BRDA:1244,240,0,15
BRDA:1244,240,1,8
BRDA:1247,241,0,1
BRDA:1247,241,1,22
BRDA:1250,242,0,1
BRDA:1250,242,1,22
BRDA:1255,243,0,23
BRDA:1255,243,1,0
BRDA:1256,244,0,22
BRDA:1256,244,1,1
BRDA:1271,245,0,140
BRDA:1271,245,1,962
BRDA:1271,246,0,1102
BRDA:1271,246,1,962
BRDA:1273,247,0,962
BRDA:1273,247,1,0
BRDA:1274,248,0,962
BRDA:1274,248,1,0
BRDA:1275,249,0,962
BRDA:1275,249,1,0
BRDA:1278,250,0,1
BRDA:1278,250,1,1101
BRDA:1278,251,0,1102
BRDA:1278,251,1,1
BRDA:1278,251,2,1
BRDA:1278,251,3,1
BRDA:1291,252,0,137
BRDA:1291,252,1,965
BRDA:1291,253,0,1102
BRDA:1291,253,1,965
BRDA:1293,254,0,965
BRDA:1293,254,1,0
BRDA:1294,255,0,965
BRDA:1294,255,1,0
BRDA:1295,256,0,965
BRDA:1295,256,1,0
BRDA:1301,257,0,1
BRDA:1301,257,1,1101
BRDA:1302,258,0,1102
BRDA:1302,258,1,1
BRDA:1302,258,2,1
BRDA:1302,258,3,1
BRDA:1302,258,4,1
BRDA:1302,258,5,1
BRDA:1302,258,6,1
BRDA:1325,259,0,2
BRDA:1325,259,1,5700
BRDA:1325,260,0,5702
BRDA:1325,260,1,5702
BRDA:1351,261,0,971
BRDA:1351,261,1,131
BRDA:1351,262,0,1102
BRDA:1351,262,1,1101
BRDA:1355,263,0,128
BRDA:1355,263,1,3
BRDA:1359,264,0,2
BRDA:1359,264,1,1
BRDA:1360,265,0,3
BRDA:1360,265,1,2
BRDA:1363,266,0,4
BRDA:1363,266,1,4
BRDA:1363,266,2,4
BRDA:1363,266,3,4
BRDA:1363,266,4,4
BRDA:1381,267,0,128
BRDA:1381,267,1,974
BRDA:1387,268,0,1
BRDA:1387,268,1,5703
BRDA:1387,269,0,5704
BRDA:1387,269,1,5703
BRDA:1389,270,0,1
BRDA:1389,270,1,5702
BRDA:1389,271,0,5703
BRDA:1389,271,1,5703
BRDA:1394,272,0,5702
BRDA:1394,272,1,0
BRDA:1399,273,0,8
BRDA:1399,273,1,966
BRDA:1407,274,0,64146
BRDA:1407,274,1,104701
BRDA:1410,275,0,18615
BRDA:1410,275,1,86086
BRDA:1410,276,0,104701
BRDA:1410,276,1,91689
BRDA:1430,277,0,999
BRDA:1430,277,1,103
BRDA:1430,278,0,1102
BRDA:1430,278,1,999
BRDA:1433,279,0,991
BRDA:1433,279,1,111
BRDA:1436,280,0,991
BRDA:1436,280,1,111
BRDA:1439,281,0,986
BRDA:1439,281,1,116
BRDA:1451,282,0,998
BRDA:1451,282,1,104
BRDA:1451,283,0,1102
BRDA:1451,283,1,999
BRDA:1453,284,0,104
BRDA:1453,284,1,15
BRDA:1453,284,2,14
BRDA:1465,285,0,1101
BRDA:1465,285,1,1
BRDA:1470,286,0,975
BRDA:1470,286,1,127
BRDA:1476,287,0,986
BRDA:1476,287,1,116
BRDA:1481,288,0,1098
BRDA:1481,288,1,1
BRDA:1484,289,0,1097
BRDA:1484,289,1,2
BRDA:1484,290,0,1099
BRDA:1484,290,1,1098
BRDA:1491,291,0,1097
BRDA:1491,291,1,2
BRDA:1494,292,0,11
BRDA:1494,292,1,1088
BRDA:1501,293,0,1
BRDA:1501,293,1,477
BRDA:1509,294,0,477
BRDA:1509,294,1,477
BRDA:1515,295,0,1
BRDA:1515,295,1,9
BRDA:1515,296,0,10
BRDA:1515,296,1,10
BRDA:1517,297,0,1
BRDA:1517,297,1,8
BRDA:1518,298,0,9
BRDA:1518,298,1,9
BRDA:1518,298,2,2
BRDA:1518,298,3,9
BRDA:1518,298,4,9
BRDA:1518,298,5,9
BRDA:1518,298,6,9
BRDA:1528,299,0,8
BRDA:1528,299,1,0
BRDA:1528,300,0,8
BRDA:1528,300,1,8
BRDA:1531,301,0,1
BRDA:1531,301,1,9
BRDA:1532,302,0,10
BRDA:1532,302,1,8
BRDA:1532,302,2,8
BRDA:1532,302,3,6
BRDA:1532,302,4,7
BRDA:1532,302,5,7
BRDA:1532,302,6,7
BRDA:1557,303,0,7
BRDA:1557,303,1,1
BRDA:1564,304,0,7
BRDA:1564,304,1,3
BRDA:1580,305,0,5
BRDA:1580,305,1,8
BRDA:1581,306,0,0
BRDA:1581,306,1,8
BRDA:1601,307,0,13
BRDA:1601,307,1,12
BRDA:1605,308,0,11
BRDA:1605,308,1,0
BRDA:1615,309,0,3
BRDA:1615,309,1,15
BRDA:1625,310,0,1
BRDA:1625,310,1,14
BRDA:1642,311,0,2
BRDA:1642,311,1,3
BRDA:1642,312,0,5
BRDA:1642,312,1,3
BRDA:1644,313,0,1
BRDA:1644,313,1,1
BRDA:1644,313,2,1
BRDA:1644,313,3,1
BRDA:1659,314,0,1
BRDA:1659,314,1,1
BRDA:1684,315,0,22
BRDA:1684,315,1,460
BRDA:1684,316,0,482
BRDA:1684,316,1,460
BRDA:1689,317,0,443
BRDA:1689,317,1,17
BRDA:1689,318,0,460
BRDA:1689,318,1,443
BRDA:1709,319,0,18
BRDA:1709,319,1,9
BRDA:1716,320,0,10
BRDA:1716,320,1,446
BRF:699
BRH:648
end_of_record
TN:
SF:src/conversation-tracker.ts
FN:11,(anonymous_0)
FN:15,(anonymous_1)
FN:26,(anonymous_2)
FN:34,(anonymous_3)
FN:38,(anonymous_4)
FN:40,(anonymous_5)
FN:41,(anonymous_6)
FN:49,(anonymous_7)
FN:53,(anonymous_8)
FN:62,(anonymous_9)
FN:65,(anonymous_10)
FNF:11
FNH:11
FNDA:68,(anonymous_0)
FNDA:42,(anonymous_1)
FNDA:106,(anonymous_2)
FNDA:532,(anonymous_3)
FNDA:13,(anonymous_4)
FNDA:21,(anonymous_5)
FNDA:21,(anonymous_6)
FNDA:106,(anonymous_7)
FNDA:19,(anonymous_8)
FNDA:103,(anonymous_9)
FNDA:416,(anonymous_10)
DA:8,61
DA:9,61
DA:12,68
DA:16,42
DA:17,41
DA:22,41
DA:27,106
DA:35,532
DA:39,13
DA:40,21
DA:41,21
DA:46,13
DA:50,106
DA:54,19
DA:55,20
DA:56,16
DA:59,3
DA:63,103
DA:64,103
DA:66,416
DA:67,416
LF:21
LH:21
BRDA:16,0,0,41
BRDA:16,0,1,1
BRDA:40,1,0,21
BRDA:40,1,1,21
BRDA:49,2,0,106
BRDA:55,3,0,16
BRDA:55,3,1,4
BRDA:66,4,0,207
BRDA:66,4,1,209
BRF:9
BRH:9
end_of_record
TN:
SF:src/debug-log.ts
FN:8,enableDebug
FN:16,isDebug
FN:20,dbg
FN:23,(anonymous_3)
FNF:4
FNH:4
FNDA:4,enableDebug
FNDA:2,isDebug
FNDA:650,dbg
FNDA:3,(anonymous_3)
DA:5,19
DA:6,19
DA:9,4
DA:10,4
DA:11,4
DA:12,4
DA:13,4
DA:17,2
DA:21,650
DA:22,2
DA:23,3
DA:24,2
LF:12
LH:12
BRDA:21,0,0,648
BRDA:21,0,1,2
BRDA:23,1,0,2
BRDA:23,1,1,1
BRF:4
BRH:4
end_of_record
TN:
SF:src/deployment-contract.ts
FN:130,normalizeStringArray
FN:132,(anonymous_1)
FN:135,unique
FN:136,(anonymous_3)
FN:139,listTopLevelEntries
FN:147,readPackageJson
FN:159,hasAnyPath
FN:161,(anonymous_7)
FN:173,readWorkflowSignals
FN:179,(anonymous_9)
FN:180,(anonymous_10)
FN:181,(anonymous_11)
FN:187,inferArtifactType
FN:203,inferFromScripts
FN:253,inferPresenceExpectations
FN:297,buildDeferredAssessment
FN:313,inferDeploymentAssessment
FN:324,(anonymous_17)
FN:329,(anonymous_18)
FN:334,(anonymous_19)
FN:339,(anonymous_20)
FN:340,(anonymous_21)
FN:345,(anonymous_22)
FN:346,(anonymous_23)
FN:347,(anonymous_24)
FN:384,defaultDeploymentContract
FN:403,normalizeDeploymentContract
FNF:27
FNH:27
FNDA:11069,normalizeStringArray
FNDA:36,(anonymous_1)
FNDA:6702,unique
FNDA:81,(anonymous_3)
FNDA:4451,listTopLevelEntries
FNDA:1115,readPackageJson
FNDA:2221,hasAnyPath
FNDA:21074,(anonymous_7)
FNDA:1115,readWorkflowSignals
FNDA:9,(anonymous_9)
FNDA:1,(anonymous_10)
FNDA:1,(anonymous_11)
FNDA:1115,inferArtifactType
FNDA:1115,inferFromScripts
FNDA:1115,inferPresenceExpectations
FNDA:1126,buildDeferredAssessment
FNDA:1133,inferDeploymentAssessment
FNDA:8920,(anonymous_17)
FNDA:5,(anonymous_18)
FNDA:5,(anonymous_19)
FNDA:5,(anonymous_20)
FNDA:5,(anonymous_21)
FNDA:5,(anonymous_22)
FNDA:5,(anonymous_23)
FNDA:1,(anonymous_24)
FNDA:1106,defaultDeploymentContract
FNDA:1106,normalizeDeploymentContract
DA:51,19
DA:105,19
DA:120,19
DA:131,11069
DA:132,9749
DA:136,6702
DA:140,4451
DA:141,4451
DA:143,0
DA:148,1115
DA:149,1115
DA:150,1115
DA:152,9
DA:153,9
DA:155,1
DA:160,2221
DA:161,2221
DA:162,21074
DA:163,16640
DA:165,4434
DA:166,4434
DA:167,4434
DA:169,0
DA:174,1115
DA:175,1115
DA:177,44
DA:178,44
DA:179,9
DA:180,1
DA:181,1
DA:183,0
DA:188,1115
DA:189,1
DA:191,1114
DA:192,1
DA:194,1113
DA:195,5
DA:197,1108
DA:198,1
DA:200,1107
DA:210,1115
DA:211,1115
DA:212,1115
DA:213,1115
DA:214,1115
DA:215,1115
DA:217,1115
DA:218,5
DA:219,5
DA:222,1115
DA:223,1
DA:224,1
DA:225,1
DA:228,1115
DA:229,2
DA:230,2
DA:231,2
DA:234,1115
DA:235,2
DA:236,2
DA:237,2
DA:240,1115
DA:241,3
DA:244,1115
DA:261,1115
DA:262,1115
DA:263,1115
DA:264,1109
DA:270,6
DA:285,1115
DA:291,1115
DA:298,1126
DA:314,1133
DA:315,18
DA:320,1115
DA:321,1115
DA:322,1115
DA:323,1115
DA:324,1115
DA:325,8920
DA:328,1115
DA:329,5
DA:334,1115
DA:335,1115
DA:336,1115
DA:339,5
DA:340,5
DA:342,1115
DA:345,5
DA:346,5
DA:347,1
DA:349,1115
DA:350,1115
DA:355,1133
DA:357,1133
DA:358,1108
DA:363,7
DA:369,1133
DA:385,1106
DA:386,1106
DA:407,1106
DA:410,1106
DA:411,1106
DA:413,1106
DA:420,1106
DA:424,1106
LF:106
LH:103
BRDA:131,0,0,1320
BRDA:131,0,1,9749
BRDA:132,1,0,36
BRDA:132,1,1,36
BRDA:150,2,0,1106
BRDA:150,2,1,9
BRDA:150,3,0,1115
BRDA:150,3,1,9
BRDA:162,4,0,16640
BRDA:162,4,1,4434
BRDA:163,5,0,16640
BRDA:163,5,1,6
BRDA:166,6,0,4434
BRDA:166,6,1,0
BRDA:166,7,0,4434
BRDA:166,7,1,4434
BRDA:175,8,0,1071
BRDA:175,8,1,44
BRDA:188,9,0,1
BRDA:188,9,1,1114
BRDA:188,10,0,1115
BRDA:188,10,1,2
BRDA:188,10,2,2
BRDA:191,11,0,1
BRDA:191,11,1,1113
BRDA:194,12,0,5
BRDA:194,12,1,1108
BRDA:197,13,0,1
BRDA:197,13,1,1107
BRDA:210,14,0,1115
BRDA:210,14,1,1108
BRDA:217,15,0,5
BRDA:217,15,1,1110
BRDA:217,16,0,1115
BRDA:217,16,1,5
BRDA:222,17,0,1
BRDA:222,17,1,1114
BRDA:222,18,0,1115
BRDA:222,18,1,1
BRDA:228,19,0,2
BRDA:228,19,1,1113
BRDA:228,20,0,1115
BRDA:228,20,1,2
BRDA:234,21,0,2
BRDA:234,21,1,1113
BRDA:234,22,0,1115
BRDA:234,22,1,2
BRDA:240,23,0,3
BRDA:240,23,1,1112
BRDA:240,24,0,1115
BRDA:240,24,1,3
BRDA:262,25,0,1115
BRDA:262,25,1,1110
BRDA:263,26,0,1109
BRDA:263,26,1,6
BRDA:271,27,0,4
BRDA:271,27,1,2
BRDA:271,28,0,6
BRDA:271,28,1,2
BRDA:274,29,0,2
BRDA:274,29,1,4
BRDA:277,30,0,1
BRDA:277,30,1,5
BRDA:280,31,0,1
BRDA:280,31,1,5
BRDA:286,32,0,4
BRDA:286,32,1,2
BRDA:287,33,0,4
BRDA:287,33,1,2
BRDA:288,34,0,4
BRDA:288,34,1,2
BRDA:314,35,0,18
BRDA:314,35,1,1115
BRDA:314,36,0,1133
BRDA:314,36,1,1132
BRDA:325,37,0,8920
BRDA:325,37,1,5
BRDA:340,38,0,5
BRDA:340,38,1,4
BRDA:346,39,0,5
BRDA:346,39,1,5
BRDA:352,40,0,4
BRDA:352,40,1,1111
BRDA:353,41,0,6
BRDA:353,41,1,1109
BRDA:353,42,0,1133
BRDA:353,42,1,1109
BRDA:353,42,2,1109
BRDA:357,43,0,1108
BRDA:357,43,1,25
BRDA:364,44,0,5
BRDA:364,44,1,2
BRDA:365,45,0,7
BRDA:365,45,1,0
BRDA:407,46,0,974
BRDA:407,46,1,132
BRDA:407,47,0,1106
BRDA:407,47,1,974
BRDA:413,48,0,973
BRDA:413,48,1,133
BRDA:413,49,0,1106
BRDA:413,49,1,1106
BRDA:413,49,2,1105
BRDA:413,49,3,134
BRDA:420,50,0,973
BRDA:420,50,1,133
BRDA:420,51,0,1106
BRDA:420,51,1,974
BRDA:427,52,0,973
BRDA:427,52,1,133
BRDA:428,53,0,1
BRDA:428,53,1,1105
BRDA:431,54,0,1
BRDA:431,54,1,1105
BRDA:434,55,0,1
BRDA:434,55,1,1105
BRDA:437,56,0,2
BRDA:437,56,1,1104
BRDA:440,57,0,1
BRDA:440,57,1,1105
BRDA:443,58,0,2
BRDA:443,58,1,1104
BRDA:446,59,0,1
BRDA:446,59,1,1105
BRF:124
BRH:122
end_of_record
TN:
SF:src/hosted-relay-client.ts
FN:96,toWebSocketUrl
FN:105,normalizeRelayBaseUrl
FN:109,parseJson
FN:110,(anonymous_3)
FN:113,startHostedRelayDeviceLink
FN:139,pollHostedRelayDeviceLink
FN:177,refreshHostedRelaySession
FN:217,(anonymous_7)
FN:218,(anonymous_8)
FN:226,(anonymous_9)
FN:237,(anonymous_10)
FN:243,(anonymous_11)
FN:245,(anonymous_12)
FN:250,(anonymous_13)
FN:258,(anonymous_14)
FN:261,(anonymous_15)
FN:263,(anonymous_16)
FN:280,(anonymous_17)
FN:291,(anonymous_18)
FN:312,(anonymous_19)
FN:321,(anonymous_20)
FN:322,(anonymous_21)
FN:323,(anonymous_22)
FN:339,(anonymous_23)
FN:346,(anonymous_24)
FN:349,(anonymous_25)
FN:355,(anonymous_26)
FN:359,(anonymous_27)
FN:360,(anonymous_28)
FN:361,(anonymous_29)
FN:372,(anonymous_30)
FN:377,(anonymous_31)
FN:379,(anonymous_32)
FN:385,(anonymous_33)
FN:421,getHostedRelayClient
FN:426,resetHostedRelayClientForTests
FNF:36
FNH:36
FNDA:16,toWebSocketUrl
FNDA:13,normalizeRelayBaseUrl
FNDA:13,parseJson
FNDA:1,(anonymous_3)
FNDA:4,startHostedRelayDeviceLink
FNDA:5,pollHostedRelayDeviceLink
FNDA:4,refreshHostedRelaySession
FNDA:19,(anonymous_7)
FNDA:3,(anonymous_8)
FNDA:193,(anonymous_9)
FNDA:2,(anonymous_10)
FNDA:177,(anonymous_11)
FNDA:176,(anonymous_12)
FNDA:4,(anonymous_13)
FNDA:8,(anonymous_14)
FNDA:4,(anonymous_15)
FNDA:3,(anonymous_16)
FNDA:4,(anonymous_17)
FNDA:209,(anonymous_18)
FNDA:24,(anonymous_19)
FNDA:4,(anonymous_20)
FNDA:2,(anonymous_21)
FNDA:2,(anonymous_22)
FNDA:11,(anonymous_23)
FNDA:10,(anonymous_24)
FNDA:4,(anonymous_25)
FNDA:1,(anonymous_26)
FNDA:16,(anonymous_27)
FNDA:1,(anonymous_28)
FNDA:12,(anonymous_29)
FNDA:8,(anonymous_30)
FNDA:3,(anonymous_31)
FNDA:1,(anonymous_32)
FNDA:10,(anonymous_33)
FNDA:178,getHostedRelayClient
FNDA:19,resetHostedRelayClientForTests
DA:97,16
DA:98,16
DA:99,16
DA:100,16
DA:101,16
DA:102,16
DA:106,13
DA:110,13
DA:118,4
DA:125,4
DA:126,4
DA:127,2
DA:129,2
DA:144,5
DA:151,5
DA:152,5
DA:153,2
DA:160,3
DA:161,1
DA:163,2
DA:182,4
DA:189,4
DA:190,4
DA:191,2
DA:193,2
DA:208,19
DA:209,19
DA:210,19
DA:211,19
DA:212,19
DA:213,19
DA:214,19
DA:215,19
DA:218,19
DA:219,3
DA:227,193
DA:228,193
DA:229,193
DA:230,193
DA:231,178
DA:232,178
DA:235,15
DA:236,14
DA:237,14
DA:244,177
DA:245,177
DA:246,176
DA:251,4
DA:259,8
DA:260,4
DA:261,4
DA:262,4
DA:263,4
DA:264,3
DA:265,3
DA:266,2
DA:267,2
DA:271,4
DA:277,4
DA:281,4
DA:282,2
DA:285,2
DA:292,209
DA:293,1
DA:294,1
DA:296,209
DA:297,14
DA:298,14
DA:302,14
DA:304,209
DA:305,209
DA:306,209
DA:307,1
DA:309,209
DA:313,24
DA:314,1
DA:316,23
DA:317,3
DA:320,20
DA:321,4
DA:322,4
DA:323,4
DA:324,2
DA:325,2
DA:326,1
DA:328,1
DA:334,16
DA:338,16
DA:339,16
DA:340,11
DA:341,11
DA:342,11
DA:343,12
DA:346,16
DA:347,10
DA:349,16
DA:350,4
DA:351,4
DA:352,4
DA:353,4
DA:355,16
DA:356,1
DA:359,16
DA:360,16
DA:361,16
DA:362,12
DA:363,12
DA:364,11
DA:366,1
DA:373,8
DA:374,1
DA:377,7
DA:378,3
DA:379,3
DA:380,1
DA:386,10
DA:387,10
DA:388,10
DA:390,1
DA:393,9
DA:394,1
DA:397,8
DA:398,3
DA:399,3
DA:400,3
DA:403,5
DA:404,2
DA:405,1
DA:407,2
DA:410,3
DA:411,2
DA:412,2
DA:413,1
DA:414,1
DA:419,7
DA:422,178
DA:423,178
DA:427,19
DA:428,19
LF:139
LH:139
BRDA:98,0,0,1
BRDA:98,0,1,15
BRDA:126,1,0,2
BRDA:126,1,1,2
BRDA:127,2,0,1
BRDA:127,2,1,1
BRDA:131,3,0,1
BRDA:131,3,1,1
BRDA:132,4,0,1
BRDA:132,4,1,1
BRDA:133,5,0,1
BRDA:133,5,1,1
BRDA:134,6,0,1
BRDA:134,6,1,1
BRDA:135,7,0,1
BRDA:135,7,1,1
BRDA:152,8,0,2
BRDA:152,8,1,3
BRDA:156,9,0,1
BRDA:156,9,1,1
BRDA:157,10,0,1
BRDA:157,10,1,1
BRDA:160,11,0,1
BRDA:160,11,1,2
BRDA:161,12,0,0
BRDA:161,12,1,1
BRDA:166,13,0,2
BRDA:166,13,1,1
BRDA:167,14,0,5
BRDA:167,14,1,1
BRDA:168,15,0,5
BRDA:168,15,1,1
BRDA:169,16,0,5
BRDA:169,16,1,1
BRDA:170,17,0,5
BRDA:170,17,1,1
BRDA:171,18,0,5
BRDA:171,18,1,1
BRDA:172,19,0,1
BRDA:172,19,1,1
BRDA:173,20,0,1
BRDA:173,20,1,1
BRDA:190,21,0,2
BRDA:190,21,1,2
BRDA:191,22,0,2
BRDA:191,22,1,0
BRDA:196,23,0,2
BRDA:196,23,1,1
BRDA:197,24,0,4
BRDA:197,24,1,1
BRDA:198,25,0,4
BRDA:198,25,1,1
BRDA:199,26,0,4
BRDA:199,26,1,1
BRDA:200,27,0,4
BRDA:200,27,1,1
BRDA:201,28,0,4
BRDA:201,28,1,1
BRDA:202,29,0,1
BRDA:202,29,1,1
BRDA:203,30,0,1
BRDA:203,30,1,1
BRDA:218,31,0,3
BRDA:227,32,0,15
BRDA:227,32,1,178
BRDA:227,33,0,193
BRDA:227,33,1,15
BRDA:230,34,0,178
BRDA:230,34,1,15
BRDA:235,35,0,14
BRDA:235,35,1,1
BRDA:265,36,0,1
BRDA:265,36,1,2
BRDA:281,37,0,2
BRDA:281,37,1,2
BRDA:281,38,0,4
BRDA:281,38,1,2
BRDA:281,38,2,2
BRDA:292,39,0,1
BRDA:292,39,1,208
BRDA:296,40,0,14
BRDA:296,40,1,195
BRDA:313,41,0,1
BRDA:313,41,1,23
BRDA:316,42,0,3
BRDA:316,42,1,20
BRDA:320,43,0,4
BRDA:320,43,1,16
BRDA:325,44,0,1
BRDA:325,44,1,1
BRDA:363,45,0,11
BRDA:363,45,1,1
BRDA:373,46,0,1
BRDA:373,46,1,7
BRDA:373,47,0,8
BRDA:373,47,1,7
BRDA:393,48,0,1
BRDA:393,48,1,8
BRDA:393,49,0,9
BRDA:393,49,1,9
BRDA:393,49,2,9
BRDA:397,50,0,3
BRDA:397,50,1,5
BRDA:403,51,0,2
BRDA:403,51,1,3
BRDA:410,52,0,2
BRDA:410,52,1,1
BRDA:412,53,0,1
BRDA:412,53,1,1
BRF:109
BRH:107
end_of_record
TN:
SF:src/input-injector.ts
FN:4,(anonymous_0)
FNF:1
FNH:1
FNDA:42,(anonymous_0)
DA:5,42
DA:7,38
DA:10,4
LF:3
LH:3
BRDA:5,0,0,38
BRDA:5,0,1,4
BRF:2
BRH:2
end_of_record
TN:
SF:src/keep-awake.ts
FN:6,isRoscoeKeepAwakeSupported
FN:12,clearKeepAwakeProcess
FN:18,startKeepAwake
FN:27,(anonymous_3)
FN:30,(anonymous_4)
FN:37,stopKeepAwake
FN:46,setRoscoeKeepAwakeEnabled
FN:55,resetRoscoeKeepAwakeForTests
FNF:8
FNH:8
FNDA:25,isRoscoeKeepAwakeSupported
FNDA:3,clearKeepAwakeProcess
FNDA:22,startKeepAwake
FNDA:2,(anonymous_3)
FNDA:1,(anonymous_4)
FNDA:12,stopKeepAwake
FNDA:24,setRoscoeKeepAwakeEnabled
FNDA:10,resetRoscoeKeepAwakeForTests
DA:4,6
DA:7,25
DA:13,3
DA:14,2
DA:19,22
DA:20,16
DA:23,6
DA:27,6
DA:28,2
DA:30,6
DA:31,1
DA:33,6
DA:34,6
DA:38,12
DA:39,8
DA:42,4
DA:43,4
DA:47,24
DA:48,22
DA:49,22
DA:52,2
DA:56,10
LF:22
LH:22
BRDA:7,0,0,25
BRDA:7,0,1,24
BRDA:7,0,2,10
BRDA:13,1,0,2
BRDA:13,1,1,1
BRDA:19,2,0,16
BRDA:19,2,1,6
BRDA:19,3,0,22
BRDA:19,3,1,8
BRDA:38,4,0,8
BRDA:38,4,1,4
BRDA:47,5,0,22
BRDA:47,5,1,2
BRF:13
BRH:13
end_of_record
TN:
SF:src/llm-runtime.ts
FN:109,buildCodexTurnCommand
FN:170,buildClaudeTurnCommand
FN:207,buildGeminiTurnCommand
FN:234,parseClaudeSessionLine
FN:330,parseCodexSessionLine
FN:365,parseClaudeOneShotLine
FN:370,(anonymous_6)
FN:371,(anonymous_7)
FN:372,(anonymous_8)
FN:396,parseCodexOneShotLine
FN:408,parseGeminiSessionLine
FN:451,parseGeminiOneShotLine
FN:465,summarizeClaudeRuntimeFlags
FN:472,summarizeCodexRuntimeFlags
FN:482,appendUniqueArg
FN:486,partitionCodexProfileArgs
FN:501,applyClaudeManagedArgs
FN:512,applyCodexManagedArgs
FN:555,(anonymous_18)
FN:640,(anonymous_19)
FN:641,(anonymous_20)
FN:650,isLLMProtocol
FN:654,getProviderAdapter
FN:658,listProviderAdapters
FN:662,detectProtocol
FN:671,buildTurnCommand
FN:679,shellQuote
FN:684,buildCommandPreview
FN:692,summarizeRuntime
FN:706,parseSessionStreamLine
FN:724,parseOneShotStreamLine
FN:740,startOneShotRun
FN:759,(anonymous_32)
FN:774,(anonymous_33)
FN:775,(anonymous_34)
FN:780,(anonymous_35)
FN:784,(anonymous_36)
FN:817,normalizeTokenCount
FN:823,normalizeRuntimeUsage
FN:845,formatRateLimitWindow
FN:863,normalizeRateLimitReset
FNF:41
FNH:41
FNDA:165,buildCodexTurnCommand
FNDA:230,buildClaudeTurnCommand
FNDA:35,buildGeminiTurnCommand
FNDA:274,parseClaudeSessionLine
FNDA:270,parseCodexSessionLine
FNDA:36,parseClaudeOneShotLine
FNDA:4,(anonymous_6)
FNDA:4,(anonymous_7)
FNDA:3,(anonymous_8)
FNDA:27,parseCodexOneShotLine
FNDA:101,parseGeminiSessionLine
FNDA:5,parseGeminiOneShotLine
FNDA:145,summarizeClaudeRuntimeFlags
FNDA:75,summarizeCodexRuntimeFlags
FNDA:5,appendUniqueArg
FNDA:165,partitionCodexProfileArgs
FNDA:2,applyClaudeManagedArgs
FNDA:2,applyCodexManagedArgs
FNDA:274,(anonymous_18)
FNDA:4,(anonymous_19)
FNDA:1,(anonymous_20)
FNDA:4535,isLLMProtocol
FNDA:2128,getProviderAdapter
FNDA:1,listProviderAdapters
FNDA:3871,detectProtocol
FNDA:430,buildTurnCommand
FNDA:2337,shellQuote
FNDA:207,buildCommandPreview
FNDA:224,summarizeRuntime
FNDA:648,parseSessionStreamLine
FNDA:70,parseOneShotStreamLine
FNDA:22,startOneShotRun
FNDA:40,(anonymous_32)
FNDA:22,(anonymous_33)
FNDA:1,(anonymous_34)
FNDA:3,(anonymous_35)
FNDA:22,(anonymous_36)
FNDA:340,normalizeTokenCount
FNDA:153,normalizeRuntimeUsage
FNDA:5,formatRateLimitWindow
FNDA:5,normalizeRateLimitReset
DA:114,165
DA:115,165
DA:116,165
DA:117,165
DA:118,165
DA:120,165
DA:121,94
DA:124,165
DA:125,94
DA:128,165
DA:129,1
DA:131,164
DA:132,94
DA:134,164
DA:135,94
DA:139,165
DA:140,113
DA:156,52
DA:175,230
DA:176,230
DA:177,230
DA:179,230
DA:196,230
DA:197,113
DA:200,230
DA:212,35
DA:213,35
DA:214,35
DA:227,35
DA:239,274
DA:241,274
DA:242,6
DA:243,6
DA:245,6
DA:246,7
DA:247,7
DA:248,7
DA:249,4
DA:250,3
DA:252,3
DA:253,1
DA:254,1
DA:256,2
DA:257,2
DA:261,6
DA:262,3
DA:263,3
DA:264,1
DA:267,6
DA:268,6
DA:269,2
DA:272,6
DA:273,3
DA:275,6
DA:278,268
DA:279,197
DA:280,197
DA:282,197
DA:283,178
DA:284,178
DA:285,173
DA:286,173
DA:287,5
DA:288,2
DA:289,2
DA:291,178
DA:294,19
DA:295,18
DA:296,18
DA:297,17
DA:300,19
DA:303,71
DA:304,5
DA:305,5
DA:306,5
DA:313,5
DA:316,66
DA:317,66
DA:318,66
DA:320,66
DA:321,66
DA:322,2
DA:324,66
DA:325,66
DA:334,270
DA:336,270
DA:337,64
DA:338,64
DA:341,206
DA:342,65
DA:343,65
DA:344,64
DA:346,65
DA:347,65
DA:350,141
DA:352,79
DA:353,79
DA:355,77
DA:356,63
DA:357,63
DA:360,14
DA:361,14
DA:366,36
DA:367,4
DA:368,4
DA:369,4
DA:370,4
DA:371,4
DA:372,3
DA:374,4
DA:375,2
DA:377,2
DA:380,32
DA:381,25
DA:382,25
DA:383,25
DA:384,25
DA:386,0
DA:389,7
DA:390,1
DA:393,6
DA:397,27
DA:398,27
DA:403,8
DA:405,19
DA:413,101
DA:415,101
DA:416,15
DA:417,15
DA:420,86
DA:421,67
DA:422,15
DA:425,52
DA:426,50
DA:427,50
DA:428,50
DA:431,2
DA:432,1
DA:434,2
DA:437,19
DA:438,3
DA:439,3
DA:442,16
DA:443,16
DA:444,16
DA:445,15
DA:447,16
DA:452,5
DA:457,4
DA:462,1
DA:466,145
DA:467,1
DA:469,144
DA:473,75
DA:474,1
DA:476,74
DA:477,74
DA:478,74
DA:479,74
DA:483,5
DA:487,165
DA:488,165
DA:490,165
DA:491,3
DA:492,3
DA:493,3
DA:495,0
DA:498,165
DA:502,2
DA:505,2
DA:506,2
DA:507,2
DA:508,2
DA:509,2
DA:513,2
DA:516,2
DA:519,26
DA:555,274
DA:561,26
DA:605,26
DA:640,4
DA:641,1
DA:644,26
DA:651,4535
DA:655,2128
DA:659,1
DA:663,3871
DA:665,276
DA:666,276
DA:667,276
DA:668,273
DA:676,430
DA:680,2337
DA:681,50
DA:688,207
DA:689,207
DA:693,224
DA:694,224
DA:695,224
DA:696,224
DA:698,224
DA:699,224
DA:701,224
DA:703,224
DA:712,648
DA:715,647
DA:716,647
DA:718,2
DA:721,645
DA:728,70
DA:731,69
DA:732,69
DA:734,1
DA:737,68
DA:745,22
DA:746,22
DA:752,22
DA:754,22
DA:755,22
DA:756,22
DA:758,22
DA:759,22
DA:760,40
DA:762,40
DA:763,8
DA:764,8
DA:765,8
DA:768,32
DA:769,7
DA:770,7
DA:774,22
DA:775,22
DA:776,1
DA:777,1
DA:780,22
DA:781,3
DA:784,22
DA:785,22
DA:786,22
DA:788,22
DA:789,22
DA:790,1
DA:791,1
DA:794,21
DA:795,1
DA:796,1
DA:799,20
DA:800,4
DA:801,4
DA:802,4
DA:805,16
DA:806,1
DA:807,1
DA:810,15
DA:814,22
DA:818,340
DA:824,153
DA:825,85
DA:826,85
DA:833,153
DA:839,2
DA:842,83
DA:846,5
DA:847,4
DA:849,1
DA:851,0
DA:853,0
DA:855,1
DA:857,1
DA:859,1
DA:864,5
DA:865,2
DA:867,3
DA:868,2
DA:869,2
DA:870,1
LF:276
LH:272
BRDA:114,0,0,165
BRDA:114,0,1,163
BRDA:120,1,0,94
BRDA:120,1,1,71
BRDA:124,2,0,94
BRDA:124,2,1,71
BRDA:128,3,0,1
BRDA:128,3,1,164
BRDA:131,4,0,94
BRDA:131,4,1,70
BRDA:134,5,0,94
BRDA:134,5,1,70
BRDA:139,6,0,113
BRDA:139,6,1,52
BRDA:175,7,0,230
BRDA:175,7,1,227
BRDA:180,8,0,116
BRDA:180,8,1,114
BRDA:181,9,0,116
BRDA:181,9,1,114
BRDA:182,10,0,1
BRDA:182,10,1,229
BRDA:184,11,0,89
BRDA:184,11,1,140
BRDA:196,12,0,113
BRDA:196,12,1,117
BRDA:212,13,0,35
BRDA:212,13,1,35
BRDA:215,14,0,5
BRDA:215,14,1,30
BRDA:216,15,0,34
BRDA:216,15,1,1
BRDA:219,16,0,23
BRDA:219,16,1,12
BRDA:241,17,0,6
BRDA:241,17,1,268
BRDA:243,18,0,6
BRDA:243,18,1,0
BRDA:246,19,0,0
BRDA:246,19,1,7
BRDA:246,20,0,7
BRDA:246,20,1,7
BRDA:248,21,0,4
BRDA:248,21,1,3
BRDA:248,22,0,7
BRDA:248,22,1,4
BRDA:249,23,0,3
BRDA:249,23,1,1
BRDA:252,24,0,1
BRDA:252,24,1,2
BRDA:252,25,0,3
BRDA:252,25,1,1
BRDA:253,26,0,1
BRDA:253,26,1,0
BRDA:256,27,0,2
BRDA:256,27,1,0
BRDA:256,28,0,2
BRDA:256,28,1,2
BRDA:261,29,0,3
BRDA:261,29,1,3
BRDA:263,30,0,1
BRDA:263,30,1,2
BRDA:268,31,0,2
BRDA:268,31,1,4
BRDA:272,32,0,3
BRDA:272,32,1,3
BRDA:278,33,0,197
BRDA:278,33,1,71
BRDA:282,34,0,178
BRDA:282,34,1,19
BRDA:284,35,0,173
BRDA:284,35,1,5
BRDA:284,36,0,178
BRDA:284,36,1,173
BRDA:285,37,0,173
BRDA:285,37,1,0
BRDA:287,38,0,2
BRDA:287,38,1,3
BRDA:287,39,0,5
BRDA:287,39,1,2
BRDA:288,40,0,2
BRDA:288,40,1,0
BRDA:294,41,0,18
BRDA:294,41,1,1
BRDA:296,42,0,17
BRDA:296,42,1,1
BRDA:296,43,0,18
BRDA:296,43,1,17
BRDA:303,44,0,5
BRDA:303,44,1,66
BRDA:305,45,0,5
BRDA:305,45,1,0
BRDA:309,46,0,4
BRDA:309,46,1,1
BRDA:316,47,0,66
BRDA:316,47,1,0
BRDA:317,48,0,66
BRDA:317,48,1,0
BRDA:321,49,0,2
BRDA:321,49,1,64
BRDA:324,50,0,66
BRDA:324,50,1,0
BRDA:336,51,0,64
BRDA:336,51,1,206
BRDA:336,52,0,270
BRDA:336,52,1,64
BRDA:341,53,0,65
BRDA:341,53,1,141
BRDA:343,54,0,64
BRDA:343,54,1,1
BRDA:350,55,0,62
BRDA:350,55,1,79
BRDA:353,56,0,2
BRDA:353,56,1,77
BRDA:353,57,0,79
BRDA:353,57,1,79
BRDA:355,58,0,63
BRDA:355,58,1,14
BRDA:355,59,0,77
BRDA:355,59,1,63
BRDA:355,59,2,63
BRDA:360,60,0,14
BRDA:360,60,1,0
BRDA:366,61,0,4
BRDA:366,61,1,32
BRDA:368,62,0,3
BRDA:368,62,1,1
BRDA:370,63,0,4
BRDA:370,63,1,4
BRDA:371,64,0,4
BRDA:371,64,1,3
BRDA:374,65,0,2
BRDA:374,65,1,2
BRDA:380,66,0,25
BRDA:380,66,1,7
BRDA:383,67,0,25
BRDA:383,67,1,0
BRDA:383,68,0,25
BRDA:383,68,1,25
BRDA:383,68,2,25
BRDA:389,69,0,1
BRDA:389,69,1,6
BRDA:389,70,0,7
BRDA:389,70,1,7
BRDA:398,71,0,8
BRDA:398,71,1,19
BRDA:399,72,0,27
BRDA:399,72,1,9
BRDA:399,72,2,8
BRDA:415,73,0,15
BRDA:415,73,1,86
BRDA:415,74,0,101
BRDA:415,74,1,15
BRDA:420,75,0,67
BRDA:420,75,1,19
BRDA:421,76,0,15
BRDA:421,76,1,52
BRDA:421,77,0,67
BRDA:421,77,1,52
BRDA:425,78,0,50
BRDA:425,78,1,2
BRDA:426,79,0,50
BRDA:426,79,1,0
BRDA:431,80,0,1
BRDA:431,80,1,1
BRDA:437,81,0,3
BRDA:437,81,1,16
BRDA:437,82,0,19
BRDA:437,82,1,3
BRDA:442,83,0,16
BRDA:442,83,1,0
BRDA:444,84,0,15
BRDA:444,84,1,1
BRDA:452,85,0,4
BRDA:452,85,1,1
BRDA:453,86,0,5
BRDA:453,86,1,4
BRDA:453,86,2,4
BRDA:457,87,0,1
BRDA:457,87,1,3
BRDA:466,88,0,1
BRDA:466,88,1,144
BRDA:469,89,0,77
BRDA:469,89,1,67
BRDA:473,90,0,1
BRDA:473,90,1,74
BRDA:477,91,0,47
BRDA:477,91,1,27
BRDA:478,92,0,47
BRDA:478,92,1,27
BRDA:483,93,0,2
BRDA:483,93,1,3
BRDA:491,94,0,3
BRDA:491,94,1,0
BRDA:502,95,0,2
BRDA:502,95,1,0
BRDA:502,96,0,2
BRDA:502,96,1,2
BRDA:506,97,0,1
BRDA:506,97,1,1
BRDA:507,98,0,1
BRDA:507,98,1,1
BRDA:508,99,0,1
BRDA:508,99,1,1
BRDA:513,100,0,2
BRDA:513,100,1,0
BRDA:513,101,0,2
BRDA:513,101,1,2
BRDA:516,102,0,2
BRDA:516,102,1,0
BRDA:651,103,0,4535
BRDA:651,103,1,2400
BRDA:651,103,2,439
BRDA:663,104,0,3595
BRDA:663,104,1,276
BRDA:663,105,0,3871
BRDA:663,105,1,3595
BRDA:666,106,0,0
BRDA:666,106,1,276
BRDA:667,107,0,3
BRDA:667,107,1,273
BRDA:680,108,0,2287
BRDA:680,108,1,50
BRDA:698,109,0,170
BRDA:698,109,1,54
BRDA:699,110,0,170
BRDA:699,110,1,54
BRDA:712,111,0,1
BRDA:712,111,1,647
BRDA:728,112,0,1
BRDA:728,112,1,69
BRDA:743,113,0,22
BRDA:762,114,0,8
BRDA:762,114,1,32
BRDA:768,115,0,7
BRDA:768,115,1,25
BRDA:768,116,0,32
BRDA:768,116,1,8
BRDA:778,117,0,22
BRDA:778,117,1,0
BRDA:788,118,0,22
BRDA:788,118,1,2
BRDA:789,119,0,1
BRDA:789,119,1,21
BRDA:794,120,0,1
BRDA:794,120,1,20
BRDA:799,121,0,4
BRDA:799,121,1,16
BRDA:800,122,0,4
BRDA:800,122,1,1
BRDA:805,123,0,1
BRDA:805,123,1,15
BRDA:818,124,0,173
BRDA:818,124,1,167
BRDA:818,125,0,340
BRDA:818,125,1,179
BRDA:818,125,2,179
BRDA:824,126,0,68
BRDA:824,126,1,85
BRDA:824,127,0,153
BRDA:824,127,1,85
BRDA:829,128,0,85
BRDA:829,128,1,84
BRDA:833,129,0,2
BRDA:833,129,1,151
BRDA:834,130,0,153
BRDA:834,130,1,2
BRDA:834,130,2,2
BRDA:834,130,3,2
BRDA:846,131,0,1
BRDA:846,131,1,4
BRDA:846,132,0,5
BRDA:846,132,1,5
BRDA:847,133,0,4
BRDA:847,133,1,0
BRDA:847,133,2,0
BRDA:847,133,3,1
BRDA:847,133,4,1
BRDA:847,133,5,1
BRDA:864,134,0,2
BRDA:864,134,1,3
BRDA:864,135,0,5
BRDA:864,135,1,2
BRDA:867,136,0,1
BRDA:867,136,1,2
BRDA:867,137,0,3
BRDA:867,137,1,3
BRDA:869,138,0,1
BRDA:869,138,1,1
BRF:289
BRH:267
end_of_record
TN:
SF:src/notification-service.ts
FN:138,cleanPhoneNumber
FN:147,extractUrls
FN:149,(anonymous_2)
FN:152,hasSmsConsentConfigured
FN:156,estimateProgress
FN:181,buildNotificationBody
FN:203,readTwilioConfig
FN:220,parseBoolean
FN:227,normalizePath
FN:233,normalizePublicWebhookUrl
FN:249,readWebhookConfig
FN:300,parseTwilioPayload
FN:309,parseTwilioListPayload
FN:318,messageTimestamp
FN:324,buildTwilioSignature
FN:325,(anonymous_15)
FN:326,(anonymous_16)
FN:330,validateTwilioSignature
FN:354,(anonymous_18)
FN:358,(anonymous_19)
FN:370,(anonymous_20)
FN:404,(anonymous_21)
FN:415,(anonymous_22)
FN:416,(anonymous_23)
FN:419,(anonymous_24)
FN:423,(anonymous_25)
FN:433,(anonymous_26)
FN:435,(anonymous_27)
FN:436,(anonymous_28)
FN:442,(anonymous_29)
FN:457,(anonymous_30)
FN:486,(anonymous_31)
FN:497,(anonymous_32)
FN:510,(anonymous_33)
FN:529,(anonymous_34)
FN:572,(anonymous_35)
FN:626,(anonymous_36)
FN:670,(anonymous_37)
FN:697,(anonymous_38)
FN:698,(anonymous_39)
FN:699,(anonymous_40)
FN:700,(anonymous_41)
FN:701,(anonymous_42)
FN:710,(anonymous_43)
FN:786,(anonymous_44)
FN:792,(anonymous_45)
FN:798,(anonymous_46)
FN:821,(anonymous_47)
FN:869,(anonymous_48)
FN:877,(anonymous_49)
FN:886,(anonymous_50)
FN:893,(anonymous_51)
FN:897,(anonymous_52)
FN:969,(anonymous_53)
FN:974,(anonymous_54)
FNF:55
FNH:53
FNDA:489,cleanPhoneNumber
FNDA:7,extractUrls
FNDA:8,(anonymous_2)
FNDA:226,hasSmsConsentConfigured
FNDA:12,estimateProgress
FNDA:3,buildNotificationBody
FNDA:219,readTwilioConfig
FNDA:224,parseBoolean
FNDA:224,normalizePath
FNDA:224,normalizePublicWebhookUrl
FNDA:224,readWebhookConfig
FNDA:28,parseTwilioPayload
FNDA:4,parseTwilioListPayload
FNDA:8,messageTimestamp
FNDA:1,buildTwilioSignature
FNDA:6,(anonymous_15)
FNDA:4,(anonymous_16)
FNDA:2,validateTwilioSignature
FNDA:0,(anonymous_18)
FNDA:199,(anonymous_19)
FNDA:188,(anonymous_20)
FNDA:16,(anonymous_21)
FNDA:4,(anonymous_22)
FNDA:4,(anonymous_23)
FNDA:1,(anonymous_24)
FNDA:3,(anonymous_25)
FNDA:4,(anonymous_26)
FNDA:3,(anonymous_27)
FNDA:3,(anonymous_28)
FNDA:8,(anonymous_29)
FNDA:5,(anonymous_30)
FNDA:20,(anonymous_31)
FNDA:6,(anonymous_32)
FNDA:1,(anonymous_33)
FNDA:30,(anonymous_34)
FNDA:8,(anonymous_35)
FNDA:15,(anonymous_36)
FNDA:4,(anonymous_37)
FNDA:3,(anonymous_38)
FNDA:3,(anonymous_39)
FNDA:0,(anonymous_40)
FNDA:3,(anonymous_41)
FNDA:3,(anonymous_42)
FNDA:27,(anonymous_43)
FNDA:4,(anonymous_44)
FNDA:3,(anonymous_45)
FNDA:8,(anonymous_46)
FNDA:8,(anonymous_47)
FNDA:5,(anonymous_48)
FNDA:2,(anonymous_49)
FNDA:6,(anonymous_50)
FNDA:6,(anonymous_51)
FNDA:25,(anonymous_52)
FNDA:8,(anonymous_53)
FNDA:10,(anonymous_54)
DA:7,7
DA:8,7
DA:9,7
DA:10,7
DA:11,7
DA:12,7
DA:13,7
DA:136,7
DA:139,489
DA:140,489
DA:141,486
DA:142,91
DA:144,395
DA:148,7
DA:149,8
DA:153,226
DA:157,12
DA:159,12
DA:160,1
DA:162,11
DA:163,6
DA:165,5
DA:166,1
DA:168,4
DA:169,1
DA:171,3
DA:172,1
DA:174,2
DA:175,1
DA:178,1
DA:187,3
DA:190,3
DA:195,3
DA:196,3
DA:199,3
DA:200,3
DA:204,219
DA:205,219
DA:206,219
DA:207,219
DA:209,219
DA:210,34
DA:212,33
DA:221,224
DA:222,14
DA:223,9
DA:224,2
DA:228,224
DA:229,224
DA:230,222
DA:234,224
DA:235,224
DA:236,23
DA:237,23
DA:238,23
DA:239,2
DA:241,22
DA:242,22
DA:243,22
DA:245,1
DA:250,224
DA:252,224
DA:255,224
DA:256,224
DA:257,224
DA:258,224
DA:259,224
DA:260,224
DA:261,224
DA:263,224
DA:264,1
DA:275,223
DA:276,21
DA:287,202
DA:301,28
DA:302,22
DA:303,22
DA:305,0
DA:310,4
DA:311,4
DA:312,4
DA:314,1
DA:319,8
DA:320,8
DA:321,8
DA:325,6
DA:326,4
DA:327,1
DA:336,2
DA:337,1
DA:338,1
DA:339,1
DA:340,1
DA:341,0
DA:345,103
DA:346,103
DA:347,103
DA:348,103
DA:349,103
DA:350,103
DA:351,103
DA:352,103
DA:355,0
DA:359,199
DA:360,199
DA:363,199
DA:371,188
DA:372,188
DA:373,188
DA:374,188
DA:375,188
DA:376,188
DA:377,188
DA:379,188
DA:391,188
DA:405,16
DA:406,16
DA:407,8
DA:409,6
DA:410,6
DA:411,2
DA:412,2
DA:415,4
DA:416,4
DA:417,4
DA:419,4
DA:420,1
DA:421,1
DA:423,4
DA:424,3
DA:425,3
DA:426,3
DA:427,3
DA:428,3
DA:434,4
DA:435,3
DA:436,3
DA:438,3
DA:439,3
DA:443,8
DA:444,8
DA:445,8
DA:446,8
DA:447,2
DA:449,6
DA:450,6
DA:451,6
DA:452,2
DA:454,4
DA:458,5
DA:459,5
DA:460,5
DA:461,1
DA:469,4
DA:470,1
DA:479,3
DA:490,20
DA:491,20
DA:492,20
DA:493,14
DA:496,6
DA:497,6
DA:499,6
DA:500,6
DA:501,6
DA:502,6
DA:503,6
DA:505,6
DA:506,4
DA:510,1
DA:512,1
DA:515,3
DA:520,3
DA:526,3
DA:533,30
DA:534,30
DA:535,30
DA:536,30
DA:537,22
DA:540,8
DA:541,8
DA:542,8
DA:543,8
DA:544,2
DA:547,6
DA:550,30
DA:557,30
DA:562,30
DA:564,30
DA:565,6
DA:569,6
DA:576,8
DA:577,8
DA:578,8
DA:579,8
DA:580,4
DA:596,4
DA:597,4
DA:600,8
DA:601,8
DA:607,4
DA:608,4
DA:615,4
DA:618,4
DA:627,15
DA:628,15
DA:629,15
DA:630,1
DA:638,14
DA:639,2
DA:648,12
DA:649,12
DA:650,2
DA:659,10
DA:663,15
DA:671,4
DA:672,4
DA:673,4
DA:674,4
DA:676,4
DA:677,4
DA:678,4
DA:679,4
DA:680,4
DA:690,4
DA:691,4
DA:692,4
DA:693,1
DA:696,3
DA:697,3
DA:698,3
DA:699,0
DA:700,3
DA:701,3
DA:703,4
DA:704,3
DA:707,3
DA:715,27
DA:716,27
DA:717,6
DA:718,6
DA:719,2
DA:728,4
DA:729,4
DA:745,21
DA:746,21
DA:747,1
DA:750,20
DA:751,20
DA:752,20
DA:753,20
DA:754,20
DA:756,20
DA:757,20
DA:769,20
DA:770,20
DA:772,20
DA:773,1
DA:776,1
DA:779,19
DA:783,27
DA:787,4
DA:788,4
DA:789,6
DA:790,3
DA:792,3
DA:793,3
DA:795,3
DA:799,8
DA:800,8
DA:810,8
DA:811,8
DA:812,8
DA:813,1
DA:816,1
DA:818,7
DA:827,8
DA:828,8
DA:829,2
DA:830,2
DA:831,2
DA:834,6
DA:835,2
DA:836,2
DA:837,2
DA:840,4
DA:841,4
DA:842,4
DA:843,2
DA:844,2
DA:845,2
DA:846,2
DA:847,2
DA:848,2
DA:852,2
DA:861,8
DA:862,2
DA:865,2
DA:866,2
DA:870,5
DA:871,5
DA:872,5
DA:874,5
DA:878,2
DA:879,2
DA:880,2
DA:881,2
DA:883,2
DA:887,6
DA:888,6
DA:889,3
DA:894,6
DA:898,25
DA:899,25
DA:900,25
DA:902,25
DA:903,1
DA:915,24
DA:916,2
DA:928,22
DA:929,3
DA:932,3
DA:944,19
DA:945,12
DA:957,7
DA:970,8
DA:971,8
DA:975,10
DA:976,10
DA:977,10
DA:978,10
DA:979,10
DA:980,9
DA:982,8
DA:983,8
DA:984,10
DA:985,10
DA:986,10
DA:987,2
DA:989,8
DA:993,10
LF:341
LH:337
BRDA:11,0,0,7
BRDA:11,0,1,0
BRDA:12,1,0,7
BRDA:12,1,1,0
BRDA:140,2,0,3
BRDA:140,2,1,486
BRDA:141,3,0,91
BRDA:141,3,1,395
BRDA:148,4,0,7
BRDA:148,4,1,0
BRDA:159,5,0,1
BRDA:159,5,1,11
BRDA:159,6,0,12
BRDA:159,6,1,1
BRDA:162,7,0,6
BRDA:162,7,1,5
BRDA:162,8,0,11
BRDA:162,8,1,6
BRDA:165,9,0,1
BRDA:165,9,1,4
BRDA:165,10,0,5
BRDA:165,10,1,1
BRDA:168,11,0,1
BRDA:168,11,1,3
BRDA:171,12,0,1
BRDA:171,12,1,2
BRDA:174,13,0,1
BRDA:174,13,1,1
BRDA:187,14,0,0
BRDA:187,14,1,3
BRDA:195,15,0,3
BRDA:195,15,1,0
BRDA:200,16,0,0
BRDA:200,16,1,3
BRDA:209,17,0,185
BRDA:209,17,1,34
BRDA:209,18,0,219
BRDA:209,18,1,34
BRDA:210,19,0,1
BRDA:210,19,1,33
BRDA:210,20,0,34
BRDA:210,20,1,2
BRDA:215,21,0,32
BRDA:215,21,1,1
BRDA:216,22,0,1
BRDA:216,22,1,32
BRDA:221,23,0,210
BRDA:221,23,1,14
BRDA:222,24,0,5
BRDA:222,24,1,9
BRDA:222,25,0,14
BRDA:222,25,1,14
BRDA:223,26,0,7
BRDA:223,26,1,2
BRDA:223,27,0,9
BRDA:223,27,1,9
BRDA:228,28,0,224
BRDA:228,28,1,220
BRDA:229,29,0,2
BRDA:229,29,1,222
BRDA:235,30,0,201
BRDA:235,30,1,23
BRDA:238,31,0,2
BRDA:238,31,1,21
BRDA:238,32,0,23
BRDA:238,32,1,22
BRDA:252,33,0,24
BRDA:252,33,1,200
BRDA:252,34,0,224
BRDA:252,34,1,223
BRDA:252,34,2,203
BRDA:256,35,0,12
BRDA:256,35,1,212
BRDA:257,36,0,223
BRDA:257,36,1,1
BRDA:257,37,0,224
BRDA:257,37,1,223
BRDA:261,38,0,224
BRDA:261,38,1,224
BRDA:263,39,0,1
BRDA:263,39,1,223
BRDA:275,40,0,21
BRDA:275,40,1,202
BRDA:290,41,0,1
BRDA:290,41,1,201
BRDA:301,42,0,6
BRDA:301,42,1,22
BRDA:310,43,0,0
BRDA:310,43,1,4
BRDA:319,44,0,8
BRDA:319,44,1,5
BRDA:320,45,0,8
BRDA:320,45,1,0
BRDA:321,46,0,7
BRDA:321,46,1,1
BRDA:336,47,0,1
BRDA:336,47,1,1
BRDA:340,48,0,1
BRDA:340,48,1,0
BRDA:360,49,0,3
BRDA:360,49,1,196
BRDA:366,50,0,7
BRDA:366,50,1,192
BRDA:366,51,0,7
BRDA:366,51,1,4
BRDA:374,52,0,188
BRDA:374,52,1,4
BRDA:376,53,0,188
BRDA:376,53,1,4
BRDA:376,53,2,4
BRDA:376,53,3,4
BRDA:379,54,0,0
BRDA:379,54,1,188
BRDA:381,55,0,1
BRDA:381,55,1,187
BRDA:383,56,0,184
BRDA:383,56,1,3
BRDA:385,57,0,1
BRDA:385,57,1,2
BRDA:387,58,0,2
BRDA:387,58,1,0
BRDA:406,59,0,8
BRDA:406,59,1,8
BRDA:407,60,0,2
BRDA:407,60,1,6
BRDA:410,61,0,2
BRDA:410,61,1,4
BRDA:420,62,0,1
BRDA:420,62,1,0
BRDA:426,63,0,3
BRDA:426,63,1,0
BRDA:426,64,0,3
BRDA:426,64,1,3
BRDA:434,65,0,1
BRDA:434,65,1,3
BRDA:445,66,0,0
BRDA:445,66,1,8
BRDA:445,67,0,8
BRDA:445,67,1,0
BRDA:445,67,2,8
BRDA:446,68,0,2
BRDA:446,68,1,6
BRDA:451,69,0,2
BRDA:451,69,1,4
BRDA:451,70,0,6
BRDA:451,70,1,2
BRDA:460,71,0,1
BRDA:460,71,1,4
BRDA:469,72,0,1
BRDA:469,72,1,3
BRDA:492,73,0,14
BRDA:492,73,1,6
BRDA:492,74,0,20
BRDA:492,74,1,6
BRDA:492,74,2,6
BRDA:492,74,3,6
BRDA:505,75,0,2
BRDA:505,75,1,4
BRDA:506,76,0,1
BRDA:506,76,1,3
BRDA:507,77,0,4
BRDA:507,77,1,1
BRDA:507,77,2,1
BRDA:507,77,3,1
BRDA:536,78,0,22
BRDA:536,78,1,8
BRDA:536,79,0,30
BRDA:536,79,1,9
BRDA:536,79,2,9
BRDA:536,79,3,9
BRDA:543,80,0,2
BRDA:543,80,1,6
BRDA:543,81,0,8
BRDA:543,81,1,2
BRDA:547,82,0,0
BRDA:547,82,1,6
BRDA:550,83,0,2
BRDA:550,83,1,4
BRDA:552,84,0,1
BRDA:552,84,1,3
BRDA:554,85,0,1
BRDA:554,85,1,2
BRDA:557,86,0,2
BRDA:557,86,1,4
BRDA:559,87,0,2
BRDA:559,87,1,2
BRDA:579,88,0,4
BRDA:579,88,1,4
BRDA:579,89,0,8
BRDA:579,89,1,6
BRDA:579,89,2,5
BRDA:588,90,0,2
BRDA:588,90,1,2
BRDA:590,91,0,1
BRDA:590,91,1,1
BRDA:597,92,0,0
BRDA:597,92,1,4
BRDA:607,93,0,4
BRDA:607,93,1,0
BRDA:607,94,0,4
BRDA:607,94,1,0
BRDA:629,95,0,1
BRDA:629,95,1,14
BRDA:638,96,0,2
BRDA:638,96,1,12
BRDA:649,97,0,2
BRDA:649,97,1,10
BRDA:659,98,0,1
BRDA:659,98,1,9
BRDA:674,99,0,0
BRDA:674,99,1,4
BRDA:674,100,0,4
BRDA:674,100,1,4
BRDA:674,100,2,4
BRDA:692,101,0,1
BRDA:692,101,1,3
BRDA:693,102,0,1
BRDA:693,102,1,0
BRDA:696,103,0,3
BRDA:696,103,1,0
BRDA:697,104,0,3
BRDA:697,104,1,0
BRDA:698,105,0,3
BRDA:698,105,1,0
BRDA:713,106,0,27
BRDA:716,107,0,6
BRDA:716,107,1,21
BRDA:718,108,0,2
BRDA:718,108,1,4
BRDA:733,109,0,4
BRDA:733,109,1,0
BRDA:735,110,0,1
BRDA:735,110,1,3
BRDA:736,111,0,6
BRDA:736,111,1,3
BRDA:736,111,2,2
BRDA:737,112,0,3
BRDA:737,112,1,1
BRDA:738,113,0,1
BRDA:738,113,1,2
BRDA:740,114,0,2
BRDA:740,114,1,0
BRDA:741,115,0,1
BRDA:741,115,1,0
BRDA:746,116,0,1
BRDA:746,116,1,20
BRDA:753,117,0,19
BRDA:753,117,1,1
BRDA:754,118,0,1
BRDA:754,118,1,19
BRDA:772,119,0,1
BRDA:772,119,1,19
BRDA:773,120,0,1
BRDA:773,120,1,0
BRDA:774,121,0,1
BRDA:774,121,1,0
BRDA:776,122,0,1
BRDA:776,122,1,0
BRDA:779,123,0,3
BRDA:779,123,1,16
BRDA:779,124,0,19
BRDA:779,124,1,3
BRDA:783,125,0,27
BRDA:783,125,1,6
BRDA:783,125,2,6
BRDA:789,126,0,3
BRDA:789,126,1,3
BRDA:789,127,0,6
BRDA:789,127,1,6
BRDA:812,128,0,1
BRDA:812,128,1,7
BRDA:813,129,0,1
BRDA:813,129,1,0
BRDA:814,130,0,1
BRDA:814,130,1,0
BRDA:816,131,0,1
BRDA:816,131,1,0
BRDA:818,132,0,7
BRDA:818,132,1,0
BRDA:827,133,0,8
BRDA:827,133,1,0
BRDA:828,134,0,2
BRDA:828,134,1,6
BRDA:828,135,0,8
BRDA:828,135,1,2
BRDA:834,136,0,2
BRDA:834,136,1,4
BRDA:834,137,0,6
BRDA:834,137,1,6
BRDA:842,138,0,2
BRDA:842,138,1,2
BRDA:842,139,0,4
BRDA:842,139,1,2
BRDA:844,140,0,0
BRDA:844,140,1,2
BRDA:845,141,0,2
BRDA:845,141,1,0
BRDA:853,142,0,2
BRDA:853,142,1,0
BRDA:854,143,0,8
BRDA:854,143,1,0
BRDA:855,144,0,8
BRDA:855,144,1,0
BRDA:856,145,0,8
BRDA:856,145,1,0
BRDA:861,146,0,2
BRDA:861,146,1,6
BRDA:872,147,0,5
BRDA:872,147,1,0
BRDA:888,148,0,3
BRDA:888,148,1,3
BRDA:898,149,0,25
BRDA:898,149,1,6
BRDA:899,150,0,25
BRDA:899,150,1,23
BRDA:900,151,0,25
BRDA:900,151,1,23
BRDA:902,152,0,1
BRDA:902,152,1,24
BRDA:911,153,0,1
BRDA:911,153,1,0
BRDA:915,154,0,2
BRDA:915,154,1,22
BRDA:915,155,0,24
BRDA:915,155,1,23
BRDA:924,156,0,2
BRDA:924,156,1,0
BRDA:928,157,0,3
BRDA:928,157,1,19
BRDA:928,158,0,22
BRDA:928,158,1,21
BRDA:928,158,2,20
BRDA:929,159,0,2
BRDA:929,159,1,1
BRDA:930,160,0,2
BRDA:930,160,1,0
BRDA:944,161,0,12
BRDA:944,161,1,7
BRDA:944,162,0,19
BRDA:944,162,1,9
BRDA:944,162,2,7
BRDA:944,162,3,7
BRDA:953,163,0,12
BRDA:953,163,1,0
BRDA:965,164,0,1
BRDA:965,164,1,6
BRDA:978,165,0,10
BRDA:978,165,1,0
BRDA:979,166,0,1
BRDA:979,166,1,9
BRDA:979,167,0,10
BRDA:979,167,1,9
BRDA:979,167,2,9
BRDA:980,168,0,1
BRDA:980,168,1,8
BRDA:980,169,0,9
BRDA:980,169,1,9
BRDA:983,170,0,3
BRDA:983,170,1,5
BRDA:985,171,0,3
BRDA:985,171,1,5
BRDA:986,172,0,2
BRDA:986,172,1,8
BRDA:986,173,0,10
BRDA:986,173,1,6
BRDA:989,174,0,3
BRDA:989,174,1,5
BRDA:996,175,0,10
BRDA:996,175,1,0
BRDA:999,176,0,10
BRDA:999,176,1,1
BRF:371
BRH:323
end_of_record
TN:
SF:src/onboarder.ts
FN:290,extractQuestionRecord
FN:298,(anonymous_1)
FN:310,formatInterviewAnswersForPrompt
FN:312,(anonymous_3)
FN:318,formatHistoryForPrompt
FN:320,(anonymous_5)
FN:326,classifyInterviewTheme
FN:346,normalizeInterviewTheme
FN:352,humanizeTheme
FN:356,projectNeedsUiDirection
FN:366,getIntentAuditCorpus
FN:384,hasDeliveryProofPlan
FN:396,hasReasonableVerificationStandard
FN:404,hasValidationMechanism
FN:415,hasInitialUserEntrySurfaceContract
FN:425,hasLocalFirstRunContract
FN:437,hasAcceptanceLedger
FN:440,(anonymous_17)
FN:444,needsHostedPresenceProof
FN:452,hasHostedPresenceProofContract
FN:484,(anonymous_20)
FN:507,(anonymous_21)
FN:531,(anonymous_22)
FN:534,(anonymous_23)
FN:540,(anonymous_24)
FN:552,(anonymous_25)
FN:557,(anonymous_26)
FN:562,(anonymous_27)
FN:581,(anonymous_28)
FN:610,(anonymous_29)
FN:649,(anonymous_30)
FN:660,(anonymous_31)
FN:712,(anonymous_32)
FN:744,(anonymous_33)
FN:757,(anonymous_34)
FN:760,(anonymous_35)
FN:761,(anonymous_36)
FN:767,(anonymous_37)
FN:768,(anonymous_38)
FN:770,(anonymous_39)
FN:836,(anonymous_40)
FN:855,(anonymous_41)
FN:859,(anonymous_42)
FNF:43
FNH:43
FNDA:76,extractQuestionRecord
FNDA:271,(anonymous_1)
FNDA:6,formatInterviewAnswersForPrompt
FNDA:3,(anonymous_3)
FNDA:6,formatHistoryForPrompt
FNDA:3,(anonymous_5)
FNDA:436,classifyInterviewTheme
FNDA:395,normalizeInterviewTheme
FNDA:32,humanizeTheme
FNDA:55,projectNeedsUiDirection
FNDA:41,getIntentAuditCorpus
FNDA:21,hasDeliveryProofPlan
FNDA:21,hasReasonableVerificationStandard
FNDA:21,hasValidationMechanism
FNDA:2,hasInitialUserEntrySurfaceContract
FNDA:2,hasLocalFirstRunContract
FNDA:21,hasAcceptanceLedger
FNDA:18,(anonymous_17)
FNDA:21,needsHostedPresenceProof
FNDA:1,hasHostedPresenceProofContract
FNDA:38,(anonymous_20)
FNDA:33,(anonymous_21)
FNDA:34,(anonymous_22)
FNDA:192,(anonymous_23)
FNDA:76,(anonymous_24)
FNDA:1,(anonymous_25)
FNDA:1,(anonymous_26)
FNDA:69,(anonymous_27)
FNDA:130,(anonymous_28)
FNDA:7,(anonymous_29)
FNDA:2,(anonymous_30)
FNDA:132,(anonymous_31)
FNDA:33,(anonymous_32)
FNDA:135,(anonymous_33)
FNDA:21,(anonymous_34)
FNDA:133,(anonymous_35)
FNDA:133,(anonymous_36)
FNDA:160,(anonymous_37)
FNDA:32,(anonymous_38)
FNDA:133,(anonymous_39)
FNDA:5,(anonymous_40)
FNDA:1,(anonymous_41)
FNDA:1,(anonymous_42)
DA:31,13
DA:99,13
DA:190,13
DA:213,13
DA:240,13
DA:260,13
DA:261,13
DA:262,13
DA:291,76
DA:292,76
DA:293,55
DA:294,55
DA:295,55
DA:296,55
DA:298,271
DA:306,0
DA:311,6
DA:312,3
DA:313,3
DA:314,3
DA:319,6
DA:320,3
DA:321,3
DA:322,3
DA:327,436
DA:328,431
DA:329,387
DA:330,347
DA:331,307
DA:332,306
DA:333,270
DA:334,234
DA:335,233
DA:336,197
DA:337,196
DA:338,195
DA:339,156
DA:340,120
DA:341,84
DA:342,83
DA:343,36
DA:347,395
DA:348,395
DA:349,41
DA:353,32
DA:357,55
DA:363,55
DA:367,41
DA:368,41
DA:369,40
DA:385,21
DA:386,21
DA:387,20
DA:388,20
DA:390,21
DA:392,21
DA:393,21
DA:397,21
DA:398,21
DA:399,21
DA:400,21
DA:401,21
DA:405,21
DA:410,21
DA:411,21
DA:412,21
DA:416,2
DA:417,2
DA:426,2
DA:427,2
DA:438,21
DA:440,18
DA:445,21
DA:446,21
DA:447,20
DA:448,1
DA:449,1
DA:453,1
DA:454,1
DA:467,38
DA:468,38
DA:472,38
DA:473,38
DA:474,38
DA:475,38
DA:480,38
DA:481,38
DA:482,38
DA:496,38
DA:497,38
DA:498,38
DA:499,38
DA:500,38
DA:501,38
DA:502,38
DA:503,38
DA:504,38
DA:508,33
DA:509,33
DA:510,33
DA:511,33
DA:512,33
DA:515,33
DA:516,33
DA:517,33
DA:518,33
DA:520,33
DA:521,33
DA:527,33
DA:528,33
DA:532,34
DA:534,33
DA:535,192
DA:536,192
DA:537,192
DA:540,33
DA:541,76
DA:542,76
DA:543,76
DA:544,53
DA:546,76
DA:547,76
DA:548,58
DA:552,33
DA:553,1
DA:554,1
DA:557,33
DA:558,1
DA:559,1
DA:562,33
DA:563,69
DA:564,69
DA:565,3
DA:566,3
DA:568,66
DA:569,56
DA:570,56
DA:571,1
DA:574,65
DA:586,130
DA:587,129
DA:588,129
DA:589,129
DA:590,130
DA:591,129
DA:599,129
DA:600,129
DA:602,129
DA:603,129
DA:607,130
DA:615,7
DA:616,6
DA:617,6
DA:619,6
DA:620,4
DA:621,4
DA:622,4
DA:629,4
DA:631,2
DA:634,6
DA:638,7
DA:642,7
DA:646,7
DA:653,2
DA:654,2
DA:655,1
DA:657,2
DA:661,132
DA:665,132
DA:666,20
DA:667,20
DA:668,20
DA:676,20
DA:677,20
DA:678,4
DA:679,4
DA:680,4
DA:682,15
DA:683,15
DA:684,15
DA:701,20
DA:702,20
DA:703,20
DA:704,20
DA:709,113
DA:713,33
DA:714,27
DA:715,20
DA:728,7
DA:737,6
DA:745,135
DA:746,126
DA:751,9
DA:758,21
DA:760,133
DA:761,133
DA:764,21
DA:767,160
DA:768,32
DA:770,21
DA:771,133
DA:772,133
DA:775,21
DA:776,21
DA:777,21
DA:778,21
DA:779,21
DA:780,21
DA:781,21
DA:782,21
DA:783,21
DA:784,21
DA:785,21
DA:786,21
DA:787,21
DA:788,21
DA:789,21
DA:790,21
DA:791,21
DA:792,21
DA:793,21
DA:794,21
DA:795,1
DA:797,21
DA:800,1
DA:802,21
DA:805,2
DA:807,21
DA:808,1
DA:811,21
DA:812,4
DA:814,21
DA:815,2
DA:817,21
DA:818,5
DA:820,21
DA:821,5
DA:823,21
DA:824,5
DA:827,21
DA:837,5
DA:838,4
DA:842,4
DA:843,3
DA:845,4
DA:846,4
DA:848,4
DA:849,4
DA:850,4
DA:851,4
DA:852,4
DA:856,1
DA:860,1
LF:253
LH:252
BRDA:292,0,0,21
BRDA:292,0,1,55
BRDA:295,1,0,0
BRDA:295,1,1,55
BRDA:295,2,0,55
BRDA:295,2,1,55
BRDA:298,3,0,271
BRDA:298,3,1,271
BRDA:299,4,0,55
BRDA:299,4,1,0
BRDA:300,5,0,55
BRDA:300,5,1,0
BRDA:301,6,0,7
BRDA:301,6,1,48
BRDA:301,7,0,76
BRDA:301,7,1,48
BRDA:311,8,0,3
BRDA:311,8,1,3
BRDA:313,9,0,3
BRDA:313,9,1,0
BRDA:319,10,0,3
BRDA:319,10,1,3
BRDA:321,11,0,3
BRDA:321,11,1,0
BRDA:327,12,0,5
BRDA:327,12,1,431
BRDA:328,13,0,44
BRDA:328,13,1,387
BRDA:329,14,0,40
BRDA:329,14,1,347
BRDA:330,15,0,40
BRDA:330,15,1,307
BRDA:331,16,0,1
BRDA:331,16,1,306
BRDA:332,17,0,36
BRDA:332,17,1,270
BRDA:333,18,0,36
BRDA:333,18,1,234
BRDA:334,19,0,1
BRDA:334,19,1,233
BRDA:335,20,0,36
BRDA:335,20,1,197
BRDA:336,21,0,1
BRDA:336,21,1,196
BRDA:337,22,0,1
BRDA:337,22,1,195
BRDA:338,23,0,39
BRDA:338,23,1,156
BRDA:339,24,0,36
BRDA:339,24,1,120
BRDA:340,25,0,36
BRDA:340,25,1,84
BRDA:341,26,0,1
BRDA:341,26,1,83
BRDA:342,27,0,47
BRDA:342,27,1,36
BRDA:346,28,0,395
BRDA:347,29,0,395
BRDA:347,29,1,5
BRDA:348,30,0,354
BRDA:348,30,1,41
BRDA:368,31,0,1
BRDA:368,31,1,40
BRDA:378,32,0,40
BRDA:378,32,1,0
BRDA:386,33,0,1
BRDA:386,33,1,20
BRDA:388,34,0,20
BRDA:388,34,1,16
BRDA:390,35,0,21
BRDA:390,35,1,16
BRDA:393,36,0,21
BRDA:393,36,1,16
BRDA:393,36,2,16
BRDA:401,37,0,21
BRDA:401,37,1,16
BRDA:401,37,2,16
BRDA:406,38,0,21
BRDA:406,38,1,1
BRDA:407,39,0,21
BRDA:407,39,1,1
BRDA:408,40,0,21
BRDA:408,40,1,1
BRDA:412,41,0,21
BRDA:412,41,1,18
BRDA:418,42,0,2
BRDA:418,42,1,2
BRDA:418,42,2,1
BRDA:418,42,3,1
BRDA:428,43,0,2
BRDA:428,43,1,2
BRDA:428,43,2,0
BRDA:428,43,3,0
BRDA:428,43,4,0
BRDA:428,43,5,0
BRDA:428,43,6,0
BRDA:428,43,7,0
BRDA:439,44,0,21
BRDA:439,44,1,18
BRDA:446,45,0,1
BRDA:446,45,1,20
BRDA:447,46,0,19
BRDA:447,46,1,1
BRDA:447,47,0,20
BRDA:447,47,1,1
BRDA:449,48,0,1
BRDA:449,48,1,0
BRDA:455,49,0,1
BRDA:455,49,1,1
BRDA:455,49,2,0
BRDA:486,50,0,38
BRDA:487,51,0,38
BRDA:494,52,0,38
BRDA:500,53,0,38
BRDA:500,53,1,31
BRDA:501,54,0,38
BRDA:501,54,1,33
BRDA:502,55,0,38
BRDA:502,55,1,34
BRDA:503,56,0,38
BRDA:503,56,1,34
BRDA:504,57,0,1
BRDA:504,57,1,37
BRDA:512,58,0,6
BRDA:512,58,1,27
BRDA:513,59,0,6
BRDA:513,59,1,1
BRDA:532,60,0,1
BRDA:532,60,1,33
BRDA:543,61,0,53
BRDA:543,61,1,23
BRDA:543,62,0,76
BRDA:543,62,1,55
BRDA:547,63,0,58
BRDA:547,63,1,18
BRDA:564,64,0,3
BRDA:564,64,1,66
BRDA:564,65,0,69
BRDA:564,65,1,68
BRDA:568,66,0,56
BRDA:568,66,1,10
BRDA:568,67,0,66
BRDA:568,67,1,65
BRDA:570,68,0,1
BRDA:570,68,1,55
BRDA:586,69,0,1
BRDA:586,69,1,129
BRDA:590,70,0,129
BRDA:590,70,1,1
BRDA:594,71,0,129
BRDA:594,71,1,0
BRDA:594,72,0,0
BRDA:594,72,1,0
BRDA:595,73,0,4
BRDA:595,73,1,125
BRDA:596,74,0,4
BRDA:596,74,1,125
BRDA:597,75,0,4
BRDA:597,75,1,125
BRDA:604,76,0,129
BRDA:604,76,1,0
BRDA:615,77,0,1
BRDA:615,77,1,6
BRDA:619,78,0,4
BRDA:619,78,1,2
BRDA:619,79,0,6
BRDA:619,79,1,5
BRDA:625,80,0,4
BRDA:625,80,1,4
BRDA:634,81,0,5
BRDA:634,81,1,1
BRDA:638,82,0,5
BRDA:638,82,1,1
BRDA:654,83,0,1
BRDA:654,83,1,1
BRDA:665,84,0,20
BRDA:665,84,1,112
BRDA:671,85,0,20
BRDA:671,85,1,19
BRDA:672,86,0,1
BRDA:672,86,1,18
BRDA:677,87,0,4
BRDA:677,87,1,16
BRDA:694,88,0,15
BRDA:694,88,1,9
BRDA:713,89,0,27
BRDA:713,89,1,6
BRDA:713,90,0,33
BRDA:713,90,1,6
BRDA:714,91,0,20
BRDA:714,91,1,7
BRDA:738,92,0,5
BRDA:738,92,1,1
BRDA:740,93,0,33
BRDA:740,93,1,1
BRDA:745,94,0,126
BRDA:745,94,1,9
BRDA:752,95,0,4
BRDA:752,95,1,5
BRDA:764,96,0,5
BRDA:764,96,1,16
[...]
FNDA:171,(anonymous_20)
FNDA:61,(anonymous_21)
FNDA:40,(anonymous_22)
FNDA:14,(anonymous_23)
FNDA:37,(anonymous_24)
FNDA:37,(anonymous_25)
FNDA:1,(anonymous_26)
FNDA:3,(anonymous_27)
FNDA:51,(anonymous_28)
FNDA:40,(anonymous_29)
FNDA:8,(anonymous_30)
FNDA:36,(anonymous_31)
FNDA:6,(anonymous_32)
FNDA:2,(anonymous_33)
FNDA:13,(anonymous_34)
FNDA:35,(anonymous_35)
FNDA:1,(anonymous_36)
FNDA:24,(anonymous_37)
FNDA:1,(anonymous_38)
FNDA:17,(anonymous_39)
FNDA:1,(anonymous_40)
FNDA:34,(anonymous_41)
FNDA:192,(anonymous_42)
DA:23,6
DA:24,6
DA:25,6
DA:26,6
DA:27,6
DA:30,23
DA:34,475
DA:35,336
DA:36,37
DA:37,33
DA:38,25
DA:39,21
DA:40,20
DA:41,17
DA:42,17
DA:43,13
DA:44,13
DA:55,38
DA:56,1
DA:63,37
DA:64,38
DA:72,38
DA:73,3
DA:80,34
DA:89,14
DA:91,14
DA:92,14
DA:93,1
DA:95,14
DA:96,14
DA:97,1
DA:99,14
DA:100,14
DA:101,11
DA:102,11
DA:103,10
DA:104,10
DA:106,1
DA:110,14
DA:111,11
DA:112,10
DA:114,11
DA:115,10
DA:117,11
DA:118,9
DA:120,11
DA:121,6
DA:123,11
DA:124,6
DA:126,11
DA:127,6
DA:129,11
DA:130,5
DA:132,11
DA:133,5
DA:135,11
DA:136,5
DA:138,11
DA:139,5
DA:141,11
DA:142,5
DA:144,11
DA:145,5
DA:147,11
DA:148,1
DA:150,11
DA:151,5
DA:153,11
DA:154,1
DA:156,11
DA:157,5
DA:158,5
DA:160,25
DA:162,11
DA:163,2
DA:165,11
DA:166,2
DA:168,11
DA:169,2
DA:171,11
DA:172,2
DA:174,11
DA:175,2
DA:177,11
DA:178,5
DA:180,11
DA:181,1
DA:183,11
DA:184,1
DA:186,11
DA:187,1
DA:189,11
DA:190,1
DA:192,11
DA:193,1
DA:195,11
DA:196,1
DA:198,11
DA:199,1
DA:201,11
DA:202,1
DA:204,11
DA:205,1
DA:207,11
DA:208,1
DA:210,11
DA:211,1
DA:213,11
DA:214,6
DA:216,11
DA:217,1
DA:219,11
DA:220,2
DA:222,11
DA:223,1
DA:225,11
DA:226,10
DA:228,1
DA:230,11
DA:231,10
DA:235,14
DA:236,2
DA:237,2
DA:238,2
DA:239,2
DA:240,2
DA:241,2
DA:242,2
DA:243,1
DA:245,2
DA:246,2
DA:247,2
DA:249,12
DA:250,12
DA:251,9
DA:253,12
DA:256,14
DA:261,45
DA:275,43
DA:276,43
DA:277,43
DA:278,34
DA:279,34
DA:280,33
DA:281,33
DA:282,33
DA:288,68
DA:289,68
DA:292,6
DA:295,36
DA:296,36
DA:297,1
DA:316,41
DA:318,41
DA:319,2
DA:320,2
DA:323,39
DA:324,29
DA:330,29
DA:333,10
DA:334,10
DA:335,10
DA:337,10
DA:338,10
DA:339,9
DA:350,208
DA:351,208
DA:353,208
DA:354,208
DA:355,208
DA:356,208
DA:358,208
DA:359,192
DA:362,208
DA:363,192
DA:364,469
DA:365,32
DA:367,32
DA:368,32
DA:371,32
DA:372,32
DA:373,32
DA:374,32
DA:375,32
DA:376,32
DA:377,32
DA:379,32
DA:380,87
DA:381,7
DA:382,7
DA:386,32
DA:387,7
DA:388,7
DA:389,1
DA:390,1
DA:391,1
DA:401,32
DA:402,38
DA:403,171
DA:404,38
DA:405,38
DA:408,32
DA:409,61
DA:410,6
DA:411,6
DA:412,6
DA:419,61
DA:420,61
DA:421,61
DA:422,61
DA:423,37
DA:427,32
DA:428,32
DA:430,32
DA:431,40
DA:432,40
DA:435,14
DA:437,37
DA:438,37
DA:440,1
DA:441,1
DA:446,1
DA:455,3
DA:459,3
DA:467,32
DA:468,51
DA:469,11
DA:471,40
DA:472,40
DA:473,40
DA:477,32
DA:479,32
DA:480,8
DA:481,7
DA:482,7
DA:483,7
DA:495,7
DA:501,7
DA:502,7
DA:503,7
DA:504,7
DA:507,1
DA:508,1
DA:520,1
DA:521,1
DA:522,1
DA:523,1
DA:526,32
DA:527,36
DA:528,36
DA:529,36
DA:531,36
DA:532,36
DA:533,36
DA:544,36
DA:545,36
DA:551,36
DA:552,36
DA:553,36
DA:554,36
DA:555,36
DA:557,36
DA:558,36
DA:560,36
DA:561,36
DA:562,36
DA:563,36
DA:564,2
DA:566,6
DA:569,2
DA:576,2
DA:577,2
DA:578,2
DA:579,2
DA:580,2
DA:581,2
DA:584,2
DA:587,34
DA:588,1
DA:589,1
DA:590,1
DA:594,1
DA:597,33
DA:598,1
DA:599,1
DA:602,32
DA:603,32
DA:604,1
DA:605,1
DA:609,1
DA:611,31
DA:614,31
DA:615,31
DA:616,13
DA:617,13
DA:618,13
DA:619,13
DA:624,32
DA:625,35
DA:626,35
DA:627,35
DA:628,35
DA:636,35
DA:637,1
DA:649,35
DA:650,2
DA:651,0
DA:652,0
DA:654,2
DA:655,2
DA:656,2
DA:658,33
DA:659,1
DA:660,1
DA:661,1
DA:662,1
DA:663,1
DA:669,32
DA:670,24
DA:671,2
DA:673,24
DA:674,23
DA:675,23
DA:676,23
DA:688,1
DA:689,1
DA:691,24
DA:694,32
DA:695,1
DA:698,32
DA:704,17
DA:707,32
DA:713,1
DA:716,32
DA:717,34
DA:720,32
DA:721,32
DA:722,32
DA:723,32
DA:724,32
DA:725,32
DA:726,32
DA:727,32
DA:729,32
DA:731,469
DA:732,5
DA:733,5
DA:734,27
DA:735,1
DA:736,1
DA:737,26
DA:739,9
DA:740,9
DA:741,9
DA:742,9
DA:743,9
DA:744,9
DA:745,9
DA:746,17
DA:753,14
DA:754,14
DA:755,14
DA:756,3
DA:757,3
DA:758,11
DA:763,9
DA:768,192
DA:769,470
DA:770,1
DA:771,1
DA:772,1
DA:777,208
DA:778,192
DA:779,469
DA:780,469
DA:781,469
DA:782,11
DA:783,11
DA:784,1
DA:785,1
DA:786,1
DA:788,10
LF:382
LH:380
BRDA:30,0,0,23
BRDA:30,0,1,1
BRDA:34,1,0,139
BRDA:34,1,1,336
BRDA:35,2,0,299
BRDA:35,2,1,37
BRDA:36,3,0,4
BRDA:36,3,1,33
BRDA:36,4,0,37
BRDA:36,4,1,37
BRDA:36,4,2,34
BRDA:37,5,0,8
BRDA:37,5,1,25
BRDA:38,6,0,4
BRDA:38,6,1,21
BRDA:39,7,0,1
BRDA:39,7,1,20
BRDA:40,8,0,3
BRDA:40,8,1,17
BRDA:42,9,0,4
BRDA:42,9,1,13
BRDA:43,10,0,0
BRDA:43,10,1,13
BRDA:55,11,0,1
BRDA:55,11,1,37
BRDA:63,12,0,37
BRDA:63,12,1,5
BRDA:63,12,2,3
BRDA:64,13,0,3
BRDA:64,13,1,34
BRDA:72,14,0,3
BRDA:72,14,1,35
BRDA:92,15,0,1
BRDA:92,15,1,13
BRDA:96,16,0,1
BRDA:96,16,1,13
BRDA:96,17,0,14
BRDA:96,17,1,1
BRDA:100,18,0,11
BRDA:100,18,1,3
BRDA:102,19,0,10
BRDA:102,19,1,1
BRDA:110,20,0,11
BRDA:110,20,1,3
BRDA:111,21,0,10
BRDA:111,21,1,1
BRDA:114,22,0,10
BRDA:114,22,1,1
BRDA:117,23,0,9
BRDA:117,23,1,2
BRDA:120,24,0,6
BRDA:120,24,1,5
BRDA:123,25,0,6
BRDA:123,25,1,5
BRDA:126,26,0,6
BRDA:126,26,1,5
BRDA:129,27,0,5
BRDA:129,27,1,6
BRDA:132,28,0,5
BRDA:132,28,1,6
BRDA:135,29,0,5
BRDA:135,29,1,6
BRDA:138,30,0,5
BRDA:138,30,1,6
BRDA:141,31,0,5
BRDA:141,31,1,6
BRDA:144,32,0,5
BRDA:144,32,1,6
BRDA:147,33,0,1
BRDA:147,33,1,10
BRDA:150,34,0,5
BRDA:150,34,1,6
BRDA:153,35,0,1
BRDA:153,35,1,10
BRDA:156,36,0,5
BRDA:156,36,1,6
BRDA:157,37,0,5
BRDA:157,37,1,0
BRDA:162,38,0,2
BRDA:162,38,1,9
BRDA:165,39,0,2
BRDA:165,39,1,9
BRDA:168,40,0,2
BRDA:168,40,1,9
BRDA:171,41,0,2
BRDA:171,41,1,9
BRDA:174,42,0,2
BRDA:174,42,1,9
BRDA:177,43,0,5
BRDA:177,43,1,6
BRDA:180,44,0,1
BRDA:180,44,1,10
BRDA:183,45,0,1
BRDA:183,45,1,10
BRDA:186,46,0,1
BRDA:186,46,1,10
BRDA:189,47,0,1
BRDA:189,47,1,10
BRDA:192,48,0,1
BRDA:192,48,1,10
BRDA:195,49,0,1
BRDA:195,49,1,10
BRDA:198,50,0,1
BRDA:198,50,1,10
BRDA:201,51,0,1
BRDA:201,51,1,10
BRDA:204,52,0,1
BRDA:204,52,1,10
BRDA:207,53,0,1
BRDA:207,53,1,10
BRDA:210,54,0,1
BRDA:210,54,1,10
BRDA:213,55,0,6
BRDA:213,55,1,5
BRDA:216,56,0,1
BRDA:216,56,1,10
BRDA:219,57,0,2
BRDA:219,57,1,9
BRDA:222,58,0,1
BRDA:222,58,1,10
BRDA:225,59,0,10
BRDA:225,59,1,1
BRDA:230,60,0,10
BRDA:230,60,1,1
BRDA:235,61,0,2
BRDA:235,61,1,12
BRDA:242,62,0,1
BRDA:242,62,1,1
BRDA:242,63,0,2
BRDA:242,63,1,2
BRDA:250,64,0,9
BRDA:250,64,1,3
BRDA:250,65,0,12
BRDA:250,65,1,9
BRDA:279,66,0,33
BRDA:279,66,1,1
BRDA:279,67,0,34
BRDA:279,67,1,2
BRDA:296,68,0,35
BRDA:296,68,1,1
BRDA:297,69,0,0
BRDA:297,69,1,1
BRDA:318,70,0,2
BRDA:318,70,1,39
BRDA:323,71,0,29
BRDA:323,71,1,10
BRDA:323,72,0,39
BRDA:323,72,1,28
BRDA:326,73,0,28
BRDA:326,73,1,1
BRDA:337,74,0,10
BRDA:337,74,1,0
BRDA:364,75,0,437
BRDA:364,75,1,32
BRDA:380,76,0,7
BRDA:380,76,1,80
BRDA:390,77,0,1
BRDA:390,77,1,0
BRDA:409,78,0,6
BRDA:409,78,1,55
BRDA:422,79,0,37
BRDA:422,79,1,24
BRDA:438,80,0,37
BRDA:438,80,1,0
BRDA:440,81,0,1
BRDA:440,81,1,0
BRDA:449,82,0,1
BRDA:449,82,1,0
BRDA:450,83,0,1
BRDA:450,83,1,0
BRDA:457,84,0,3
BRDA:457,84,1,0
BRDA:462,85,0,3
BRDA:462,85,1,0
BRDA:468,86,0,11
BRDA:468,86,1,40
BRDA:480,87,0,7
BRDA:480,87,1,1
BRDA:480,88,0,8
BRDA:480,88,1,7
BRDA:527,89,0,36
BRDA:527,89,1,0
BRDA:533,90,0,36
BRDA:533,90,1,0
BRDA:544,91,0,36
BRDA:544,91,1,0
BRDA:560,92,0,36
BRDA:560,92,1,0
BRDA:562,93,0,36
BRDA:562,93,1,0
BRDA:563,94,0,2
BRDA:563,94,1,34
BRDA:572,95,0,2
BRDA:572,95,1,0
BRDA:573,96,0,0
BRDA:573,96,1,2
BRDA:577,97,0,2
BRDA:577,97,1,0
BRDA:587,98,0,1
BRDA:587,98,1,33
BRDA:587,99,0,34
BRDA:587,99,1,34
BRDA:597,100,0,1
BRDA:597,100,1,32
BRDA:603,101,0,1
BRDA:603,101,1,31
BRDA:615,102,0,13
BRDA:615,102,1,18
BRDA:626,103,0,35
BRDA:626,103,1,0
BRDA:632,104,0,35
BRDA:632,104,1,33
BRDA:636,105,0,1
BRDA:636,105,1,34
BRDA:649,106,0,2
BRDA:649,106,1,33
BRDA:650,107,0,0
BRDA:650,107,1,2
BRDA:658,108,0,1
BRDA:658,108,1,32
BRDA:662,109,0,1
BRDA:662,109,1,0
BRDA:670,110,0,2
BRDA:670,110,1,22
BRDA:670,111,0,24
BRDA:670,111,1,2
BRDA:673,112,0,23
BRDA:673,112,1,1
BRDA:675,113,0,23
BRDA:675,113,1,22
BRDA:685,114,0,23
BRDA:685,114,1,22
BRDA:688,115,0,1
BRDA:688,115,1,0
BRDA:691,116,0,24
BRDA:691,116,1,0
BRDA:729,117,0,32
BRDA:729,117,1,26
BRDA:731,118,0,5
BRDA:731,118,1,27
BRDA:731,119,0,469
BRDA:731,119,1,5
BRDA:734,120,0,1
BRDA:734,120,1,26
BRDA:737,121,0,9
BRDA:737,121,1,17
BRDA:746,122,0,14
BRDA:746,122,1,3
BRDA:747,123,0,17
BRDA:747,123,1,16
BRDA:747,123,2,14
BRDA:747,123,3,14
BRDA:747,123,4,14
BRDA:755,124,0,3
BRDA:755,124,1,11
BRDA:755,125,0,14
BRDA:755,125,1,13
BRDA:758,126,0,9
BRDA:758,126,1,2
BRDA:759,127,0,11
BRDA:759,127,1,11
BRDA:759,127,2,10
BRDA:769,128,0,1
BRDA:769,128,1,469
BRDA:780,129,0,0
BRDA:780,129,1,469
BRDA:781,130,0,458
BRDA:781,130,1,11
BRDA:783,131,0,1
BRDA:783,131,1,10
BRDA:783,132,0,11
BRDA:783,132,1,11
BRF:272
BRH:247
end_of_record
TN:
SF:src/hooks/use-hosted-relay-wire.ts
FN:9,useHostedRelayWire
FN:14,(anonymous_1)
FN:17,(anonymous_2)
FN:45,(anonymous_3)
FN:61,(anonymous_4)
FN:76,(anonymous_5)
FN:92,(anonymous_6)
FN:97,(anonymous_7)
FN:103,(anonymous_8)
FNF:9
FNH:9
FNDA:200,useHostedRelayWire
FNDA:184,(anonymous_1)
FNDA:186,(anonymous_2)
FNDA:3,(anonymous_3)
FNDA:1,(anonymous_4)
FNDA:1,(anonymous_5)
FNDA:1,(anonymous_6)
FNDA:175,(anonymous_7)
FNDA:184,(anonymous_8)
DA:14,200
DA:15,184
DA:17,184
DA:18,186
DA:19,186
DA:20,186
DA:27,179
DA:28,179
DA:31,7
DA:35,186
DA:40,186
DA:41,4
DA:46,3
DA:47,1
DA:49,2
DA:50,2
DA:66,7
DA:74,184
DA:75,184
DA:76,184
DA:77,1
DA:93,1
DA:97,184
DA:98,175
DA:99,175
DA:103,200
DA:104,184
DA:105,184
DA:106,1
DA:108,183
LF:30
LH:30
BRDA:20,0,0,179
BRDA:20,0,1,7
BRDA:21,1,0,186
BRDA:21,1,1,185
BRDA:21,1,2,185
BRDA:21,1,3,185
BRDA:21,1,4,8
BRDA:31,2,0,6
BRDA:31,2,1,1
BRDA:35,3,0,186
BRDA:35,3,1,7
BRDA:35,3,2,7
BRDA:35,3,3,6
BRDA:40,4,0,4
BRDA:40,4,1,182
BRDA:42,5,0,4
BRDA:42,5,1,1
BRDA:46,6,0,1
BRDA:46,6,1,2
BRDA:58,7,0,2
BRDA:58,7,1,1
BRDA:68,8,0,7
BRDA:68,8,1,1
BRDA:105,9,0,1
BRDA:105,9,1,183
BRF:25
BRH:25
end_of_record
TN:
SF:src/hooks/use-onboarding.ts
FN:51,parseSecretRequest
FN:56,parseQuestion
FN:77,cleanStreamingText
FN:85,appendStreamingChunk
FN:95,formatOnboardingExitError
FN:100,useOnboarding
FN:115,(anonymous_6)
FN:138,(anonymous_7)
FN:153,(anonymous_8)
FN:155,(anonymous_9)
FN:164,(anonymous_10)
FN:171,(anonymous_11)
FN:178,(anonymous_12)
FN:179,(anonymous_13)
FN:186,(anonymous_14)
FN:193,(anonymous_15)
FN:207,(anonymous_16)
FN:208,(anonymous_17)
FN:216,(anonymous_18)
FN:222,(anonymous_19)
FN:235,(anonymous_20)
FN:236,(anonymous_21)
FN:249,(anonymous_22)
FN:254,(anonymous_23)
FN:289,(anonymous_24)
FN:293,(anonymous_25)
FN:315,(anonymous_26)
FN:316,(anonymous_27)
FN:338,(anonymous_28)
FNF:29
FNH:29
FNDA:11,parseSecretRequest
FNDA:63,parseQuestion
FNDA:13,cleanStreamingText
FNDA:16,appendStreamingChunk
FNDA:3,formatOnboardingExitError
FNDA:43,useOnboarding
FNDA:11,(anonymous_6)
FNDA:11,(anonymous_7)
FNDA:3,(anonymous_8)
FNDA:3,(anonymous_9)
FNDA:9,(anonymous_10)
FNDA:4,(anonymous_11)
FNDA:2,(anonymous_12)
FNDA:2,(anonymous_13)
FNDA:6,(anonymous_14)
FNDA:6,(anonymous_15)
FNDA:2,(anonymous_16)
FNDA:2,(anonymous_17)
FNDA:2,(anonymous_18)
FNDA:2,(anonymous_19)
FNDA:4,(anonymous_20)
FNDA:4,(anonymous_21)
FNDA:2,(anonymous_22)
FNDA:2,(anonymous_23)
FNDA:2,(anonymous_24)
FNDA:1,(anonymous_25)
FNDA:1,(anonymous_26)
FNDA:1,(anonymous_27)
FNDA:1,(anonymous_28)
DA:16,9
DA:52,11
DA:57,63
DA:58,63
DA:59,59
DA:60,59
DA:61,59
DA:62,57
DA:71,1
DA:73,1
DA:78,13
DA:86,16
DA:87,6
DA:88,6
DA:89,3
DA:90,1
DA:92,2
DA:96,3
DA:97,3
DA:101,43
DA:113,43
DA:115,43
DA:123,11
DA:124,11
DA:136,11
DA:138,11
DA:149,11
DA:150,11
DA:151,11
DA:153,11
DA:154,3
DA:155,3
DA:161,3
DA:164,11
DA:165,9
DA:166,9
DA:167,8
DA:171,11
DA:172,4
DA:173,4
DA:174,1
DA:178,11
DA:179,2
DA:186,11
DA:187,6
DA:189,6
DA:190,6
DA:191,6
DA:193,6
DA:203,6
DA:204,6
DA:207,11
DA:208,2
DA:216,11
DA:217,2
DA:222,2
DA:235,11
DA:236,4
DA:237,4
DA:238,2
DA:246,11
DA:249,43
DA:250,2
DA:254,2
DA:255,2
DA:260,2
DA:277,2
DA:289,43
DA:290,2
DA:291,2
DA:293,1
DA:294,1
DA:295,1
DA:315,43
DA:316,1
DA:317,1
DA:318,1
DA:338,43
DA:342,1
DA:345,43
LF:80
LH:80
BRDA:58,0,0,4
BRDA:58,0,1,59
BRDA:61,1,0,57
BRDA:61,1,1,2
BRDA:61,2,0,59
BRDA:61,2,1,57
BRDA:65,3,0,56
BRDA:65,3,1,1
BRDA:66,4,0,54
BRDA:66,4,1,3
BRDA:67,5,0,8
BRDA:67,5,1,49
BRDA:86,6,0,10
BRDA:86,6,1,6
BRDA:87,7,0,0
BRDA:87,7,1,6
BRDA:88,8,0,3
BRDA:88,8,1,3
BRDA:88,9,0,6
BRDA:88,9,1,6
BRDA:89,10,0,1
BRDA:89,10,1,2
BRDA:89,11,0,3
BRDA:89,11,1,2
BRDA:96,12,0,2
BRDA:96,12,1,1
BRDA:117,13,0,11
BRDA:120,14,0,11
BRDA:121,15,0,11
BRDA:132,16,0,2
BRDA:132,16,1,9
BRDA:133,17,0,2
BRDA:133,17,1,9
BRDA:157,18,0,3
BRDA:157,18,1,0
BRDA:166,19,0,8
BRDA:166,19,1,1
BRDA:173,20,0,1
BRDA:173,20,1,3
BRDA:181,21,0,0
BRDA:181,21,1,2
BRDA:187,22,0,6
BRDA:187,22,1,0
BRDA:198,23,0,3
BRDA:198,23,1,3
BRDA:218,24,0,1
BRDA:218,24,1,1
BRDA:219,25,0,1
BRDA:219,25,1,1
BRDA:228,26,0,1
BRDA:228,26,1,1
BRDA:237,27,0,2
BRDA:237,27,1,2
BRDA:237,28,0,4
BRDA:237,28,1,3
BRDA:240,29,0,1
BRDA:240,29,1,1
BRDA:241,30,0,1
BRDA:241,30,1,1
BRDA:250,31,0,1
BRDA:250,31,1,1
BRDA:256,32,0,2
BRDA:256,32,1,1
BRDA:258,33,0,1
BRDA:258,33,1,1
BRDA:262,34,0,1
BRDA:262,34,1,1
BRDA:272,35,0,1
BRDA:272,35,1,1
BRDA:273,36,0,1
BRDA:273,36,1,1
BRDA:274,37,0,1
BRDA:274,37,1,1
BRDA:291,38,0,1
BRDA:291,38,1,1
BRF:75
BRH:71
end_of_record
TN:
SF:src/hooks/use-sessions.ts
FN:9,emptyUsage
FN:18,useSessions
FN:23,(anonymous_2)
FN:60,(anonymous_3)
FNF:4
FNH:4
FNDA:8,emptyUsage
FNDA:182,useSessions
FNDA:16,(anonymous_2)
FNDA:10,(anonymous_3)
DA:10,8
DA:22,182
DA:24,16
DA:25,16
DA:26,16
DA:54,16
DA:59,182
DA:61,10
DA:66,182
LF:9
LH:9
BRDA:33,0,0,8
BRDA:33,0,1,8
BRDA:33,1,0,16
BRDA:33,1,1,8
BRDA:36,2,0,16
BRDA:36,2,1,14
BRDA:37,3,0,16
BRDA:37,3,1,8
BRDA:38,4,0,16
BRDA:38,4,1,8
BRDA:40,5,0,16
BRDA:40,5,1,10
BRDA:41,6,0,16
BRDA:41,6,1,16
BRDA:42,7,0,16
BRDA:42,7,1,16
BRDA:43,8,0,16
BRDA:43,8,1,8
BRDA:44,9,0,16
BRDA:44,9,1,16
BRDA:45,10,0,16
BRDA:45,10,1,8
BRDA:47,11,0,16
BRDA:47,11,1,8
BRDA:48,12,0,16
BRDA:48,12,1,8
BRF:26
BRH:26
end_of_record
TN:
SF:src/hooks/use-sms-wire.ts
FN:7,useSmsWire
FN:14,(anonymous_1)
FN:18,(anonymous_2)
FN:19,(anonymous_3)
FN:31,(anonymous_4)
FN:32,(anonymous_5)
FN:52,(anonymous_6)
FN:57,(anonymous_7)
FN:60,(anonymous_8)
FNF:9
FNH:9
FNDA:196,useSmsWire
FNDA:180,(anonymous_1)
FNDA:18,(anonymous_2)
FNDA:6,(anonymous_3)
FNDA:1,(anonymous_4)
FNDA:1,(anonymous_5)
FNDA:1,(anonymous_6)
FNDA:13,(anonymous_7)
FNDA:180,(anonymous_8)
DA:12,196
DA:14,196
DA:15,180
DA:18,196
DA:19,18
DA:20,6
DA:21,6
DA:22,3
DA:25,3
DA:26,3
DA:27,1
DA:30,2
DA:32,1
DA:42,1
DA:57,18
DA:60,196
DA:61,180
DA:62,180
DA:63,176
DA:65,4
LF:20
LH:20
BRDA:21,0,0,3
BRDA:21,0,1,3
BRDA:26,1,0,1
BRDA:26,1,1,2
BRDA:26,2,0,3
BRDA:26,2,1,1
BRDA:26,2,2,2
BRDA:26,2,3,2
BRDA:62,3,0,176
BRDA:62,3,1,4
BRF:10
BRH:10
end_of_record
TN:
SF:src/hooks/use-terminal-size.ts
FN:8,useTerminalSize
FN:14,(anonymous_1)
FN:15,(anonymous_2)
FN:23,(anonymous_3)
FNF:4
FNH:4
FNDA:188,useTerminalSize
FNDA:16,(anonymous_1)
FNDA:3,(anonymous_2)
FNDA:14,(anonymous_3)
DA:9,188
DA:14,188
DA:15,16
DA:16,3
DA:22,16
DA:23,16
DA:24,14
DA:28,188
LF:8
LH:8
BRDA:10,0,0,188
BRDA:10,0,1,186
BRDA:11,1,0,188
BRDA:11,1,1,186
BRDA:17,2,0,3
BRDA:17,2,1,2
BRDA:18,3,0,3
BRDA:18,3,1,2
BRF:8
BRH:8
end_of_record
TN:
SF:src/services/session-manager.ts
FN:55,(anonymous_0)
FN:61,(anonymous_1)
FN:233,(anonymous_2)
FN:256,(anonymous_3)
FN:269,(anonymous_4)
FN:273,(anonymous_5)
FN:300,(anonymous_6)
FN:317,(anonymous_7)
FN:325,(anonymous_8)
FN:333,(anonymous_9)
FN:340,(anonymous_10)
FN:344,(anonymous_11)
FN:374,(anonymous_12)
FN:397,(anonymous_13)
FN:428,(anonymous_14)
FN:447,(anonymous_15)
FN:478,(anonymous_16)
FN:505,expandTilde
FN:511,parseSessionSpec
FNF:19
FNH:19
FNDA:45,(anonymous_0)
FNDA:45,(anonymous_1)
FNDA:32,(anonymous_2)
FNDA:32,(anonymous_3)
FNDA:1,(anonymous_4)
FNDA:25,(anonymous_5)
FNDA:16,(anonymous_6)
FNDA:14,(anonymous_7)
FNDA:21,(anonymous_8)
FNDA:10,(anonymous_9)
FNDA:9,(anonymous_10)
FNDA:2,(anonymous_11)
FNDA:2,(anonymous_12)
FNDA:454,(anonymous_13)
FNDA:39,(anonymous_14)
FNDA:4,(anonymous_15)
FNDA:3,(anonymous_16)
FNDA:25,expandTilde
FNDA:22,parseSessionSpec
DA:51,45
DA:52,45
DA:56,45
DA:57,45
DA:58,45
DA:62,45
DA:63,45
DA:64,45
DA:65,45
DA:66,45
DA:67,45
DA:68,45
DA:69,45
DA:72,45
DA:75,45
DA:79,45
DA:80,45
DA:83,45
DA:87,45
DA:90,45
DA:95,45
DA:100,45
DA:101,45
DA:102,45
DA:103,45
DA:104,45
DA:105,45
DA:106,45
DA:107,45
DA:114,45
DA:124,45
DA:125,13
DA:127,45
DA:128,15
DA:130,45
DA:135,10
DA:138,45
DA:139,45
DA:141,45
DA:148,45
DA:155,45
DA:185,45
DA:188,45
DA:192,45
DA:196,45
DA:197,3
DA:200,45
DA:238,32
DA:239,32
DA:251,32
DA:257,32
DA:258,32
DA:259,32
DA:260,32
DA:261,32
DA:265,30
DA:266,30
DA:270,1
DA:277,25
DA:278,2
DA:283,23
DA:285,23
DA:286,4
DA:289,23
DA:290,3
DA:293,23
DA:294,21
DA:295,21
DA:296,21
DA:301,16
DA:302,16
DA:303,16
DA:305,16
DA:306,16
DA:310,16
DA:311,13
DA:313,3
DA:318,14
DA:319,14
DA:326,21
DA:327,21
DA:334,10
DA:335,10
DA:336,10
DA:337,10
DA:341,9
DA:349,2
DA:350,2
DA:351,2
DA:354,2
DA:358,2
DA:359,2
DA:360,2
DA:361,2
DA:362,2
DA:363,2
DA:364,1
DA:366,2
DA:367,2
DA:368,2
DA:371,2
DA:379,2
DA:380,2
DA:384,2
DA:385,2
DA:386,2
DA:387,2
DA:388,2
DA:389,2
DA:390,2
DA:391,2
DA:394,2
DA:398,454
DA:399,454
DA:432,39
DA:433,39
DA:437,39
DA:438,39
DA:439,39
DA:440,39
DA:441,39
DA:442,39
DA:443,39
DA:444,39
DA:448,4
DA:450,3
DA:451,10
DA:452,10
DA:454,2
DA:455,1
DA:457,3
DA:458,2
DA:460,2
DA:461,1
DA:463,3
DA:464,2
DA:470,2
DA:481,3
DA:483,2
DA:484,6
DA:485,6
DA:487,2
DA:488,2
DA:490,2
DA:491,2
DA:493,2
DA:494,2
DA:506,25
DA:507,24
DA:508,22
DA:512,22
DA:513,22
DA:514,1
DA:517,21
DA:518,21
DA:520,21
DA:521,21
DA:522,19
DA:525,2
LF:159
LH:159
BRDA:55,0,0,45
BRDA:69,1,0,1
BRDA:69,1,1,44
BRDA:69,2,0,45
BRDA:69,2,1,1
BRDA:72,3,0,44
BRDA:72,3,1,1
BRDA:79,4,0,45
BRDA:79,4,1,43
BRDA:80,5,0,44
BRDA:80,5,1,1
BRDA:105,6,0,45
BRDA:105,6,1,27
BRDA:106,7,0,45
BRDA:106,7,1,44
BRDA:107,8,0,18
BRDA:107,8,1,27
BRDA:110,9,0,18
BRDA:110,9,1,0
BRDA:111,10,0,18
BRDA:111,10,1,3
BRDA:114,11,0,1
BRDA:114,11,1,44
BRDA:114,12,0,45
BRDA:114,12,1,44
BRDA:121,13,0,44
BRDA:121,13,1,29
BRDA:122,14,0,44
BRDA:122,14,1,39
BRDA:124,15,0,13
BRDA:124,15,1,32
BRDA:127,16,0,15
BRDA:127,16,1,30
BRDA:127,17,0,45
BRDA:127,17,1,44
BRDA:130,18,0,10
BRDA:130,18,1,35
BRDA:131,19,0,45
BRDA:131,19,1,44
BRDA:131,19,2,11
BRDA:139,20,0,45
BRDA:139,20,1,5
BRDA:140,21,0,5
BRDA:140,21,1,0
BRDA:141,22,0,45
BRDA:141,22,1,44
BRDA:141,22,2,44
BRDA:141,22,3,2
BRDA:141,22,4,1
BRDA:148,23,0,1
BRDA:148,23,1,44
BRDA:163,24,0,45
BRDA:163,24,1,32
BRDA:173,25,0,1
BRDA:173,25,1,44
BRDA:175,26,0,1
BRDA:175,26,1,44
BRDA:179,27,0,1
BRDA:179,27,1,44
BRDA:180,28,0,1
BRDA:180,28,1,44
BRDA:185,29,0,2
BRDA:185,29,1,43
BRDA:188,30,0,45
BRDA:188,30,1,44
BRDA:188,30,2,17
BRDA:188,30,3,11
BRDA:192,31,0,45
BRDA:192,31,1,44
BRDA:192,31,2,2
BRDA:196,32,0,3
BRDA:196,32,1,42
BRDA:202,33,0,18
BRDA:202,33,1,27
BRDA:204,34,0,17
BRDA:204,34,1,1
BRDA:205,35,0,17
BRDA:205,35,1,1
BRDA:214,36,0,1
BRDA:214,36,1,17
BRDA:216,37,0,1
BRDA:216,37,1,16
BRDA:218,38,0,1
BRDA:218,38,1,15
BRDA:220,39,0,1
BRDA:220,39,1,14
BRDA:220,40,0,15
BRDA:220,40,1,14
BRDA:226,41,0,18
BRDA:226,41,1,16
BRDA:227,42,0,18
BRDA:227,42,1,16
BRDA:277,43,0,2
BRDA:277,43,1,23
BRDA:285,44,0,4
BRDA:285,44,1,19
BRDA:289,45,0,3
BRDA:289,45,1,20
BRDA:293,46,0,21
BRDA:293,46,1,2
BRDA:301,47,0,16
BRDA:301,47,1,1
BRDA:333,48,0,10
BRDA:347,49,0,2
BRDA:351,50,0,1
BRDA:351,50,1,1
BRDA:360,51,0,1
BRDA:360,51,1,1
BRDA:363,52,0,1
BRDA:363,52,1,1
BRDA:367,53,0,1
BRDA:367,53,1,1
BRDA:368,54,0,1
BRDA:368,54,1,1
BRDA:377,55,0,2
BRDA:390,56,0,1
BRDA:390,56,1,1
BRDA:391,57,0,1
BRDA:391,57,1,1
BRDA:417,58,0,454
BRDA:417,58,1,444
BRDA:422,59,0,454
BRDA:422,59,1,1
BRDA:423,60,0,454
BRDA:423,60,1,1
BRDA:430,61,0,39
BRDA:448,62,0,1
BRDA:448,62,1,3
BRDA:452,63,0,2
BRDA:452,63,1,3
BRDA:452,63,2,2
BRDA:452,63,3,3
BRDA:457,64,0,2
BRDA:457,64,1,1
BRDA:463,65,0,2
BRDA:463,65,1,1
BRDA:463,66,0,3
BRDA:463,66,1,3
BRDA:481,67,0,1
BRDA:481,67,1,2
BRDA:485,68,0,2
BRDA:485,68,1,2
BRDA:485,68,2,2
BRDA:506,69,0,1
BRDA:506,69,1,24
BRDA:507,70,0,2
BRDA:507,70,1,22
BRDA:513,71,0,1
BRDA:513,71,1,21
BRDA:521,72,0,19
BRDA:521,72,1,2
BRF:151
BRH:149
end_of_record
